#
# A fatal error has been detected by the Java Runtime Environment:
#
#  EXCEPTION_ACCESS_VIOLATION (0xc0000005) at pc=0x00007ff92b851846, pid=17616, tid=14792
#
# JRE version: Java(TM) SE Runtime Environment (9.0+11) (build 9.0.4+11)
# Java VM: Java HotSpot(TM) 64-Bit Server VM (9.0.4+11, mixed mode, tiered, compressed oops, g1 gc, windows-amd64)
# Problematic frame:
# Csrcscan starts
INFO: analyzing module add (VERI-9002)
INFO: analyzing module addsub32 (VERI-9002)
INFO: analyzing module alu (VERI-9002)
INFO: analyzing module buzzer (VERI-9002)
INFO: analyzing module microsCounter (VERI-9002)
INFO: analyzing module toggleBuzz (VERI-9002)
INFO: analyzing module regR (VERI-9002)
INFO: analyzing module cla32 (VERI-9002)
INFO: analyzing module cla_16 (VERI-9002)
INFO: analyzing module cla_2 (VERI-9002)
INFO: analyzing module cla_32 (VERI-9002)
INFO: analyzing module cla_4 (VERI-9002)
INFO: analyzing module cla_8 (VERI-9002)
INFO: analyzing module debug_control (VERI-9002)
INFO: analyzing module dff32 (VERI-9002)
INFO: analyzing module dffe32 (VERI-9002)
INFO: analyzing module ff_sync (VERI-9002)
INFO: analyzing module gp (VERI-9002)
INFO: analyzing module jtag_reg (VERI-9002)
INFO: analyzing module jtag_state_machine (VERI-9002)
INFO: analyzing module jtaglet (VERI-9002)
C:/Users/nickb/Documents/JHU/612/repo/mips-cpu/RTL/CPUs/Multi Cycle/mccompFPGA.srcs/sources_1/new/mccomp_decoder.v(23): INFO: Compiling verilog file "C:/Users/nickb/Documents/JHU/612/repo/mips-cpu/RTL/CPUs/Multi Cycle/mccompFPGA.srcs/sources_1/imports/mccompFPGA/mfp_ahb_const.vh" included at line 23. (VERI-9003)
C:/Users/nickb/Documents/JHU/612/repo/mips-cpu/RTL/CPUs/Multi Cycle/mccompFPGA.srcs/sources_1/new/mccomp_decoder.v(23): INFO: back to file 'C:/Users/nickb/Documents/JHU/612/repo/mips-cpu/RTL/CPUs/Multi Cycle/mccompFPGA.srcs/sources_1/new/mccomp_decoder.v' (VERI-2320)
INFO: analyzing module mccomp_decoder (VERI-9002)
C:/Users/nickb/AppData/Local/Temp/VivadoEditorAssist3769524001290321024.tmp(7): INFO: Compiling verilog file "C:/Users/nickb/Documents/JHU/612/repo/mips-cpu/RTL/CPUs/Multi Cycle/mccompFPGA.srcs/sources_1/imports/mccompFPGA/mfp_ahb_const.vh" included at line 7. (VERI-9003)
C:/Users/nickb/AppData/Local/Temp/VivadoEditorAssist3769524001290321024.tmp(7): INFO: back to file 'C:/Users/nickb/AppData/Local/Temp/VivadoEditorAssist3769524001290321024.tmp' (VERI-2320)
INFO: analyzing module mccomp_sys (VERI-9002)
INFO: analyzing module mccpu (VERI-9002)
INFO: analyzing module mccu (VERI-9002)
C:/Users/nickb/Documents/JHU/612/repo/mips-cpu/RTL/CPUs/Multi Cycle/mccompFPGA.srcs/sources_1/new/mcgpio.v(27): INFO: Compiling verilog file "C:/Users/nickb/Documents/JHU/612/repo/mips-cpu/RTL/CPUs/Multi Cycle/mccompFPGA.srcs/sources_1/imports/mccompFPGA/mfp_ahb_const.vh" included at line 27. (VERI-9003)
C:/Users/nickb/Documents/JHU/612/repo/mips-cpu/RTL/CPUs/Multi Cycle/mccompFPGA.srcs/sources_1/new/mcgpio.v(27): INFO: back to file 'C:/Users/nickb/Documents/JHU/612/repo/mips-cpu/RTL/CPUs/Multi Cycle/mccompFPGA.srcs/sources_1/new/mcgpio.v' (VERI-2320)
INFO: analyzing module mcgpio (VERI-9002)
INFO: analyzing module milliscounter (VERI-9002)
INFO: analyzing module mux2x32 (VERI-9002)
INFO: analyzing module mux2x5 (VERI-9002)
INFO: analyzing module mux4x32 (VERI-9002)
INFO: analyzing module regfile (VERI-9002)
INFO: analyzing module sevensegdec (VERI-9002)
INFO: analyzing module sevensegtimer (VERI-9002)
INFO: analyzing module counter (VERI-9002)
INFO: analyzing module mux8 (VERI-9002)
INFO: analyzing module shift (VERI-9002)
INFO: analyzing module spi_interface (VERI-9002)
INFO: analyzing module clockdiv (VERI-9002)
INFO: analyzing module SPIinitsendFSM (VERI-9002)
INFO: analyzing module SPItransmitFSM (VERI-9002)
INFO: analyzing module regRen (VERI-9002)
INFO: analyzing module uram (VERI-9002)
C:/Users/nickb/AppData/Local/Temp/VivadoEditorAssist874590427310617708.tmp(16): INFO: Compiling verilog file "C:/Users/nickb/Documents/JHU/612/repo/mips-cpu/RTL/CPUs/Multi Cycle/mccompFPGA.srcs/sources_1/imports/mccompFPGA/mfp_ahb_const.vh" included at line 16. (VERI-9003)
C:/Users/nickb/AppData/Local/Temp/VivadoEditorAssist874590427310617708.tmp(16): INFO: back to file 'C:/Users/nickb/AppData/Local/Temp/VivadoEditorAssist874590427310617708.tmp' (VERI-2320)
INFO: analyzing module mfp_nexys4_ddr (VERI-9002)
C:/Users/nickb/AppData/Local/Temp/VivadoEditorAssist874590427310617708.tmp(43): INFO: undeclared symbol q, assumed default net type wire (VERI-9004)
C:/Users/nickb/AppData/Local/Temp/VivadoEditorAssist874590427310617708.tmp(44): INFO: undeclared symbol a, assumed default net type wire (VERI-9004)
C:/Users/nickb/AppData/Local/Temp/VivadoEditorAssist874590427310617708.tmp(45): INFO: undeclared symbol b, assumed default net type wire (VERI-9004)
C:/Users/nickb/AppData/Local/Temp/VivadoEditorAssist874590427310617708.tmp(46): INFO: undeclared symbol alu, assumed default net type wire (VERI-9004)
C:/Users/nickb/AppData/Local/Temp/VivadoEditorAssist874590427310617708.tmp(47): INFO: undeclared symbol adr, assumed default net type wire (VERI-9004)
C:/Users/nickb/AppData/Local/Temp/VivadoEditorAssist874590427310617708.tmp(48): INFO: undeclared symbol tom, assumed default net type wire (VERI-9004)
C:/Users/nickb/AppData/Local/Temp/VivadoEditorAssist874590427310617708.tmp(49): INFO: undeclared symbol fromm, assumed default net type wire (VERI-9004)
C:/Users/nickb/AppData/Local/Temp/VivadoEditorAssist874590427310617708.tmp(50): INFO: undeclared symbol pc, assumed default net type wire (VERI-9004)
C:/Users/nickb/AppData/Local/Temp/VivadoEditorAssist874590427310617708.tmp(51): INFO: undeclared symbol ir, assumed default net type wire (VERI-9004)
C:/Users/nickb/AppData/Local/Temp/VivadoEditorAssist874590427310617708.tmp(52): INFO: undeclared symbol memclk, assumed default net type wire (VERI-9004)
srcscan exits with return value 0
