#
# A fatal error has been detected by the Java Runtime Environment:
#
#  EXCEPTION_ACCESS_VIOLATION (0xc0000005) at pc=0x00007ff92b851846, pid=17616, tid=14792
#
# JRE version: Java(TM) SE Runtime Environment (9.0+11) (build 9.0.4+11)
# Java VM: Java HotSpot(TM) 64-Bit Server VM (9.0.4+11, mixed mode, tiered, compressed oops, g1 gc, windows-amd64)
# Problematic frame:
# C  [librdi_filemgmt.dll+0x241846]
#
# No core dump will be written. Minidumps are not enabled by default on client versions of Windows
#
# If you would like to submit a bug report, please visit:
#   http://bugreport.java.com/bugreport/crash.jsp
# The crash happened outside the Java Virtual Machine in native code.
# See problematic frame for where to report the bug.
#

---------------  S U M M A R Y ------------

Command Line: -Dsun.java2d.pmoffscreen=false -Dsun.java2d.xrender=false -Dsun.java2d.d3d=false -Dsun.awt.nopixfmt=true -Dsun.java2d.dpiaware=true -Dsun.java2d.uiScale.enabled=false -Xverify:none -Dswing.aatext=true -XX:-UsePerfData -Djdk.map.althashing.threshold=512 -XX:StringTableSize=4072 --add-opens=java.base/java.nio=ALL-UNNAMED --add-opens=java.desktop/sun.swing=ALL-UNNAMED --add-opens=java.desktop/javax.swing=ALL-UNNAMED --add-opens=java.desktop/javax.swing.tree=ALL-UNNAMED --add-opens=java.desktop/javax.swing.plaf.basic=ALL-UNNAMED --add-opens=java.desktop/javax.swing.plaf.synth=ALL-UNNAMED --add-opens=java.desktop/com.sun.awt=ALL-UNNAMED -XX:NewSize=60m -XX:MaxNewSize=60m -Xms128m -Xmx3072m -Xss5m 

Host: Intel(R) Core(TM) i7-8750H CPU @ 2.20GHz, 12 cores, 15G,  Windows 10 , 64 bit Build 17134 (10.0.17134.556)
Time: Thu Mar 07 11:31:35 2019 GMT Standard Time elapsed time: 447 seconds (0d 0h 7m 27s)

---------------  T H R E A D  ---------------

Current thread (0x000002caa7ffb800):  JavaThread "AWT-EventQueue-1" [_thread_in_native, id=14792, stack(0x000000e59ce00000,0x000000e59d300000)]

Stack: [0x000000e59ce00000,0x000000e59d300000],  sp=0x000000e59d2fd220,  free space=5108k
Native frames: (J=compiled Java code, j=interpreted, Vv=VM code, C=native code)
C  [librdi_filemgmt.dll+0x241846]
C  [librdi_filemgmt.dll+0x23ff12]
C  [librdi_filemgmt.dll+0x2553c8]
C  0x000002ca8943921c

Java frames: (J=compiled Java code, j=interpreted, Vv=VM code)
j  ui.data.srcscan.srcscani.EditorAssist_createFoldInfoIter(JLjava/lang/String;)J+0
j  ui.data.k.a.a.sj(Ljava/lang/String;)J+5
j  ui.data.k.a.a.sg(Ljava/lang/String;)V+13
j  ui.views.V.a.ab.b(Lui/data/k/a/a;Ljava/lang/String;)V+109
j  ui.views.V.a.ab.gEu()V+48
j  ui.views.V.a.as.finished()V+20
J 17242 c1 ui.frmwork.x.run()V (15 bytes) @ 0x000002ca8b018e4c [0x000002ca8b018ce0+0x000000000000016c]
J 13509 c2 java.awt.EventQueue$3.run()Ljava/lang/Object; java.desktop@9.0.4 (5 bytes) @ 0x000002ca91310a04 [0x000002ca91310900+0x0000000000000104]
v  ~StubRoutines::call_stub
J 2951  java.security.AccessController.doPrivileged(Ljava/security/PrivilegedAction;Ljava/security/AccessControlContext;)Ljava/lang/Object; java.base@9.0.4 (0 bytes) @ 0x000002ca9108fec6 [0x000002ca9108fe60+0x0000000000000066]
J 13441 c2 ui.frmwork.b.d.dispatchEvent(Ljava/awt/AWTEvent;)V (34 bytes) @ 0x000002ca91305b8c [0x000002ca91305620+0x000000000000056c]
J 19579 c2 java.awt.EventDispatchThread.pumpOneEventForFilters(I)V java.desktop@9.0.4 (218 bytes) @ 0x000002ca9224e34c [0x000002ca9224dfa0+0x00000000000003ac]
j  java.awt.EventDispatchThread.pumpEventsForFilter(ILjava/awt/Conditional;Ljava/awt/EventFilter;)V+35 java.desktop@9.0.4
j  java.awt.EventDispatchThread.pumpEventsForHierarchy(ILjava/awt/Conditional;Ljava/awt/Component;)V+11 java.desktop@9.0.4
j  java.awt.EventDispatchThread.pumpEvents(ILjava/awt/Conditional;)V+4 java.desktop@9.0.4
j  java.awt.EventDispatchThread.pumpEvents(Ljava/awt/Conditional;)V+3 java.desktop@9.0.4
j  java.awt.EventDispatchThread.run()V+9 java.desktop@9.0.4
v  ~StubRoutines::call_stub

siginfo: EXCEPTION_ACCESS_VIOLATION (0xc0000005), reading address 0x0000000000000000


Register to memory mapping:

RIP=0x00007ff92b851846 librdi_filemgmt.dll
RAX=0x0000000000000001 is an unknown value
RBX=0x000002caa984f780 is an unknown value
RCX=0x000002caf52b0000 is an unknown value
RDX=0x0000000000000000 is an unknown value
RSP=0x000000e59d2fd220 is pointing into the stack for thread: 0x000002caa7ffb800
RBP=0x000000e59d2fd380 is pointing into the stack for thread: 0x000002caa7ffb800
RSI=0x0000000000000000 is an unknown value
RDI=0x000002caa79d66a0 is an unknown value
R8 =0x000002caf53c0c80 is an unknown value
R9 =0x0000000000008000 is an unknown value
R10=0x000002caabd3d150 is an unknown value
R11=0x000000e59d2fb150 is pointing into the stack for thread: 0x000002caa7ffb800
R12=0x000002cafc28e560 is an unknown value
R13=0x0000000000000000 is an unknown value
R14=0x0000000000000000 is an unknown value
R15=0x000000e59d2fd4d8 is pointing into the stack for thread: 0x000002caa7ffb800


Registers:
RAX=0x0000000000000001, RBX=0x000002caa984f780, RCX=0x000002caf52b0000, RDX=0x0000000000000000
RSP=0x000000e59d2fd220, RBP=0x000000e59d2fd380, RSI=0x0000000000000000, RDI=0x000002caa79d66a0
R8 =0x000002caf53c0c80, R9 =0x0000000000008000, R10=0x000002caabd3d150, R11=0x000000e59d2fb150
R12=0x000002cafc28e560, R13=0x0000000000000000, R14=0x0000000000000000, R15=0x000000e59d2fd4d8
RIP=0x00007ff92b851846, EFLAGS=0x0000000000010216

Top of Stack: (sp=0x000000e59d2fd220)
0x000000e59d2fd220:   000002caa984f778 0000000000000000
0x000000e59d2fd230:   000002caa984f778 00007ff92b636950
0x000000e59d2fd240:   fffffffffffffffe 000002caadc5f800
0x000000e59d2fd250:   0000000000000010 0000000000000000
0x000000e59d2fd260:   000000000000000f 000002caadc60100
0x000000e59d2fd270:   0000000000000000 0000000000000000
0x000000e59d2fd280:   000000000000000f 0000a9aa070d77b9
0x000000e59d2fd290:   000000000000007c 000002cafc28e560
0x000000e59d2fd2a0:   000000e59d2fd380 00007ff92b84ff12
0x000000e59d2fd2b0:   0000388664242c20 0000000000000000
0x000000e59d2fd2c0:   000000000000007c 000002caa79d66a0
0x000000e59d2fd2d0:   000000000000007c 000002caa7ffba18
0x000000e59d2fd2e0:   000002caa7ffba18 000002cab00a2ef0
0x000000e59d2fd2f0:   000000e59d2fd4b8 00007ff92b8653c8
0x000000e59d2fd300:   000000000000007c 000000000000007c
0x000000e59d2fd310:   000002cab00a2ef0 00000007c00131f0 

Instructions: (pc=0x00007ff92b851846)
0x00007ff92b851826:   66 66 0f 1f 84 00 00 00 00 00 48 8b 13 48 c7 44
0x00007ff92b851836:   24 40 0f 00 00 00 4c 89 74 24 38 c6 44 24 28 00
0x00007ff92b851846:   80 3a 00 75 05 4d 8b c6 eb 0e 49 83 c8 ff 49 ff
0x00007ff92b851856:   c0 42 80 3c 02 00 75 f6 48 8d 4c 24 28 e8 d8 3a 



---------------  P R O C E S S  ---------------

Java Threads: ( => current thread )
  0x000002caa4616000 JavaThread "Code Inspector" [_thread_in_native, id=8196, stack(0x000000e5a2d00000,0x000000e5a3200000)]
  0x000002caa460d000 JavaThread "Thread-415" [_thread_in_native, id=1140, stack(0x000000e595000000,0x000000e595100000)]
  0x000002caa4614800 JavaThread "Thread-408" [_thread_in_native, id=14376, stack(0x000000e59df00000,0x000000e59e000000)]
  0x000002caa4614000 JavaThread "Thread-387" [_thread_in_native, id=4540, stack(0x000000e5a1f00000,0x000000e5a2000000)]
  0x000002caa460c000 JavaThread "Thread-377" [_thread_in_native, id=8756, stack(0x000000e5a1f00000,0x000000e5a2000000)]
  0x000002caa4612000 JavaThread "Thread-363" [_thread_in_native, id=10016, stack(0x000000e5a1f00000,0x000000e5a2000000)]
  0x000002caa460f000 JavaThread "Thread-351" [_thread_in_native, id=16776, stack(0x000000e5a1f00000,0x000000e5a2000000)]
  0x000002caa4610800 JavaThread "Thread-247" [_thread_in_native, id=16460, stack(0x000000e5a1f00000,0x000000e5a2000000)]
  0x000002caa460e800 JavaThread "Image Animator 3" daemon [_thread_blocked, id=3672, stack(0x000000e5a2800000,0x000000e5a2d00000)]
  0x000002caaf799800 JavaThread "Monitor File Timestamp Swing Worker" [_thread_blocked, id=18104, stack(0x000000e5a1400000,0x000000e5a1900000)]
  0x000002caaf798800 JavaThread "Timer-1" [_thread_blocked, id=2952, stack(0x000000e5a0300000,0x000000e5a0800000)]
  0x000002caaf797000 JavaThread "Monitor File Timestamp Swing Worker" [_thread_blocked, id=1960, stack(0x000000e5a0f00000,0x000000e5a1400000)]
  0x000002caaf793800 JavaThread "Timer-0" [_thread_blocked, id=1320, stack(0x000000e5a0800000,0x000000e5a0d00000)]
  0x000002caaf796800 JavaThread "SyntheticaAnimation 50" daemon [_thread_blocked, id=4516, stack(0x000000e59bf00000,0x000000e59c400000)]
  0x000002caaf795800 JavaThread "Thread-24" [_thread_in_native, id=15876, stack(0x000000e5a0e00000,0x000000e5a0f00000)]
  0x000002caaf795000 JavaThread "Thread-23" [_thread_in_native, id=17308, stack(0x000000e5a0d00000,0x000000e5a0e00000)]
  0x000002caaf78a800 JavaThread "hw_ila_monitor" [_thread_blocked, id=18164, stack(0x000000e59f900000,0x000000e59fe00000)]
  0x000002caaf792000 JavaThread "Update Runs Swing Worker" [_thread_blocked, id=11976, stack(0x000000e59fe00000,0x000000e5a0300000)]
  0x000002caaf78c000 JavaThread "Refresh Filesets Swing Worker" [_thread_blocked, id=3132, stack(0x000000e59d300000,0x000000e59d800000)]
  0x000002ca8053e000 JavaThread "SyntheticaAnimation 70" daemon [_thread_blocked, id=15952, stack(0x000000e59f400000,0x000000e59f900000)]
  0x000002ca8053c000 JavaThread "SyntheticaAnimation 25" daemon [_thread_blocked, id=9668, stack(0x000000e59ea00000,0x000000e59ef00000)]
  0x000002ca80539800 JavaThread "SyntheticaAnimation 50" daemon [_thread_blocked, id=1528, stack(0x000000e59e500000,0x000000e59ea00000)]
  0x000002ca8053f000 JavaThread "Monitor HEventQueue" [_thread_blocked, id=4704, stack(0x000000e59e000000,0x000000e59e500000)]
  0x000002ca80540800 JavaThread "Batik CleanerThread" daemon [_thread_blocked, id=11864, stack(0x000000e59d800000,0x000000e59dd00000)]
  0x000002ca8053d800 JavaThread "SyntheticaCleanerThread" daemon [_thread_blocked, id=18036, stack(0x000000e59c400000,0x000000e59c900000)]
=>0x000002caa7ffb800 JavaThread "AWT-EventQueue-1" [_thread_in_native, id=14792, stack(0x000000e59ce00000,0x000000e59d300000)]
  0x000002caa8000800 JavaThread "Process Messages" [_thread_blocked, id=17092, stack(0x000000e59c900000,0x000000e59ce00000)]
  0x000002caa465c000 JavaThread "Thread-1" [_thread_in_native, id=5868, stack(0x000000e595200000,0x000000e596600000)]
  0x000002caa4a0d000 JavaThread "TimerQueue" daemon [_thread_blocked, id=11276, stack(0x000000e59ba00000,0x000000e59bf00000)]
  0x000002caa43db000 JavaThread "AWT-Windows" daemon [_thread_in_native, id=18048, stack(0x000000e59b500000,0x000000e59ba00000)]
  0x000002caa43da800 JavaThread "AWT-Shutdown" [_thread_blocked, id=8992, stack(0x000000e59b000000,0x000000e59b500000)]
  0x000002caa4126800 JavaThread "Java2D Disposer" daemon [_thread_blocked, id=12256, stack(0x000000e59ab00000,0x000000e59b000000)]
  0x000002ca80abf800 JavaThread "Service Thread" daemon [_thread_blocked, id=7420, stack(0x000000e59a500000,0x000000e59aa00000)]
  0x000002ca80980000 JavaThread "Common-Cleaner" daemon [_thread_blocked, id=4444, stack(0x000000e59a000000,0x000000e59a500000)]
  0x000002ca8053b000 JavaThread "Sweeper thread" daemon [_thread_blocked, id=6172, stack(0x000000e599b00000,0x000000e59a000000)]
  0x000002ca8091d000 JavaThread "C1 CompilerThread3" daemon [_thread_blocked, id=18248, stack(0x000000e599a00000,0x000000e599b00000)]
  0x000002ca80918000 JavaThread "C2 CompilerThread2" daemon [_thread_blocked, id=12480, stack(0x000000e599900000,0x000000e599a00000)]
  0x000002ca80917000 JavaThread "C2 CompilerThread1" daemon [_thread_blocked, id=15388, stack(0x000000e599800000,0x000000e599900000)]
  0x000002ca80915800 JavaThread "C2 CompilerThread0" daemon [_thread_blocked, id=17212, stack(0x000000e599700000,0x000000e599800000)]
  0x000002ca80915000 JavaThread "Attach Listener" daemon [_thread_blocked, id=13188, stack(0x000000e599200000,0x000000e599700000)]
  0x000002ca80914000 JavaThread "Signal Dispatcher" daemon [_thread_blocked, id=4968, stack(0x000000e598d00000,0x000000e599200000)]
  0x000002ca808fd800 JavaThread "Finalizer" daemon [_thread_blocked, id=2844, stack(0x000000e598800000,0x000000e598d00000)]
  0x000002ca808fc000 JavaThread "Reference Handler" daemon [_thread_blocked, id=3208, stack(0x000000e598300000,0x000000e598800000)]
  0x000002ca80340800 JavaThread "main" [_thread_blocked, id=4588, stack(0x000000e596800000,0x000000e596900000)]

Other Threads:
  0x000002ca808fb000 VMThread "VM Thread" [stack: 0x000000e598200000,0x000000e598300000] [id=14596]
  0x000002caa3f56800 WatcherThread [stack: 0x000000e59aa00000,0x000000e59ab00000] [id=9536]
  0x000002cafad8a800 GCTaskThread "GC Thread#0" [stack: 0x000000e596900000,0x000000e596a00000] [id=10128]
  0x000002cafabb7800 GCTaskThread "GC Thread#1" [stack: 0x000000e596a00000,0x000000e596b00000] [id=12400]
  0x000002cafabb8000 GCTaskThread "GC Thread#2" [stack: 0x000000e596b00000,0x000000e596c00000] [id=16688]
  0x000002cafabb8800 GCTaskThread "GC Thread#3" [stack: 0x000000e596c00000,0x000000e596d00000] [id=18292]
  0x000002cafabb9800 GCTaskThread "GC Thread#4" [stack: 0x000000e596d00000,0x000000e596e00000] [id=9740]
  0x000002cafabbb000 GCTaskThread "GC Thread#5" [stack: 0x000000e596e00000,0x000000e596f00000] [id=15236]
  0x000002cafabba000 GCTaskThread "GC Thread#6" [stack: 0x000000e596f00000,0x000000e597000000] [id=7852]
  0x000002cafabb7000 GCTaskThread "GC Thread#7" [stack: 0x000000e597000000,0x000000e597100000] [id=13972]
  0x000002cafabb6000 GCTaskThread "GC Thread#8" [stack: 0x000000e597100000,0x000000e597200000] [id=5816]
  0x000002cafabba800 GCTaskThread "GC Thread#9" [stack: 0x000000e597200000,0x000000e597300000] [id=10284]
  0x000002ca807e2000 ConcurrentGCThread "G1 Main Marker" [stack: 0x000000e597e00000,0x000000e597f00000] [id=6492]
  0x000002cafabb4800 ConcurrentGCThread "G1 Marker#0" [stack: 0x000000e597f00000,0x000000e598000000] [id=1424]
  0x000002cafabb5000 ConcurrentGCThread "G1 Marker#1" [stack: 0x000000e598000000,0x000000e598100000] [id=2720]
  0x000002cafabb5800 ConcurrentGCThread "G1 Marker#2" [stack: 0x000000e598100000,0x000000e598200000] [id=12124]
  0x000002ca8052f800 ConcurrentGCThread "G1 Refine#0" [stack: 0x000000e597c00000,0x000000e597d00000] [id=3024]
  0x000002ca80530800 ConcurrentGCThread "G1 Refine#1" [stack: 0x000000e597b00000,0x000000e597c00000] [id=4804]
  0x000002ca80533000 ConcurrentGCThread "G1 Refine#2" [stack: 0x000000e597a00000,0x000000e597b00000] [id=4404]
  0x000002ca803ba000 ConcurrentGCThread "G1 Refine#3" [stack: 0x000000e597900000,0x000000e597a00000] [id=17560]
  0x000002ca80768800 ConcurrentGCThread "G1 Refine#4" [stack: 0x000000e597800000,0x000000e597900000] [id=9364]
  0x000002cafc902800 ConcurrentGCThread "G1 Refine#5" [stack: 0x000000e597700000,0x000000e597800000] [id=10348]
  0x000002cafc901800 ConcurrentGCThread "G1 Refine#6" [stack: 0x000000e597600000,0x000000e597700000] [id=12736]
  0x000002cafb44e000 ConcurrentGCThread "G1 Refine#7" [stack: 0x000000e597500000,0x000000e597600000] [id=11012]
  0x000002cafb44d800 ConcurrentGCThread "G1 Refine#8" [stack: 0x000000e597400000,0x000000e597500000] [id=18316]
  0x000002cafad18000 ConcurrentGCThread "G1 Refine#9" [stack: 0x000000e597300000,0x000000e597400000] [id=16520]
  0x000002ca8077a800 ConcurrentGCThread "G1 Young RemSet Sampling" [stack: 0x000000e597d00000,0x000000e597e00000] [id=16004]

Threads with active compile tasks:

VM state:not at safepoint (normal execution)

VM Mutex/Monitor currently owned by a thread: None

Heap address: 0x0000000700000000, size: 3072 MB, Compressed Oops mode: Zero based, Oop shift amount: 3
Narrow klass base: 0x0000000000000000, Narrow klass shift: 3
Compressed class space size: 1073741824 Address: 0x00000007c0000000

Heap:
 garbage-first heap   total 212992K, used 144742K [0x0000000700000000, 0x0000000700100680, 0x00000007c0000000)
  region size 1024K, 16 young (16384K), 4 survivors (4096K)
 Metaspace       used 84556K, capacity 91382K, committed 91392K, reserved 1126400K
  class space    used 12381K, capacity 13565K, committed 13568K, reserved 1048576K
Heap Regions: E=young(eden), S=young(survivor), O=old, HS=humongous(starts), HC=humongous(continues), CS=collection set, F=free, A=archive, TS=gc time stamp, AC=allocation context, TAMS=top-at-mark-start (previous, next)
|   0|0x0000000700000000, 0x00000007000f1a10, 0x0000000700100000| 94%| O|  |TS  0|AC  0|TAMS 0x00000007000f1a10, 0x00000007000f1a10|
|   1|0x0000000700100000, 0x0000000700200000, 0x0000000700200000|100%|HS|  |TS  0|AC  0|TAMS 0x0000000700200000, 0x0000000700200000|
|   2|0x0000000700200000, 0x0000000700300000, 0x0000000700300000|100%|HC|  |TS  0|AC  0|TAMS 0x0000000700300000, 0x0000000700300000|
|   3|0x0000000700300000, 0x0000000700400000, 0x0000000700400000|100%|HS|  |TS  0|AC  0|TAMS 0x0000000700400000, 0x0000000700400000|
|   4|0x0000000700400000, 0x00000007004ffff0, 0x0000000700500000| 99%| O|  |TS  0|AC  0|TAMS 0x00000007004ffff0, 0x00000007004ffff0|
|   5|0x0000000700500000, 0x00000007005fffe8, 0x0000000700600000| 99%| O|  |TS  0|AC  0|TAMS 0x00000007005fffe8, 0x00000007005fffe8|
|   6|0x0000000700600000, 0x00000007006ffff8, 0x0000000700700000| 99%| O|  |TS  0|AC  0|TAMS 0x00000007006ffff8, 0x00000007006ffff8|
|   7|0x0000000700700000, 0x00000007007fbb78, 0x0000000700800000| 98%| O|  |TS  0|AC  0|TAMS 0x00000007007fbb78, 0x00000007007fbb78|
|   8|0x0000000700800000, 0x00000007008c20d0, 0x0000000700900000| 75%| O|  |TS  0|AC  0|TAMS 0x00000007008c20d0, 0x00000007008c20d0|
|   9|0x0000000700900000, 0x00000007009fffd0, 0x0000000700a00000| 99%| O|  |TS  0|AC  0|TAMS 0x00000007009fffd0, 0x00000007009fffd0|
|  10|0x0000000700a00000, 0x0000000700af45d8, 0x0000000700b00000| 95%| O|  |TS  0|AC  0|TAMS 0x0000000700af45d8, 0x0000000700af45d8|
|  11|0x0000000700b00000, 0x0000000700c00000, 0x0000000700c00000|100%|HS|  |TS  0|AC  0|TAMS 0x0000000700c00000, 0x0000000700c00000|
|  12|0x0000000700c00000, 0x0000000700d00000, 0x0000000700d00000|100%|HC|  |TS  0|AC  0|TAMS 0x0000000700d00000, 0x0000000700d00000|
|  13|0x0000000700d00000, 0x0000000700e00000, 0x0000000700e00000|100%|HC|  |TS  0|AC  0|TAMS 0x0000000700e00000, 0x0000000700e00000|
|  14|0x0000000700e00000, 0x0000000700eec5b0, 0x0000000700f00000| 92%| O|  |TS  0|AC  0|TAMS 0x0000000700eec5b0, 0x0000000700eec5b0|
|  15|0x0000000700f00000, 0x0000000700feeb78, 0x0000000701000000| 93%| O|  |TS  0|AC  0|TAMS 0x0000000700feeb78, 0x0000000700feeb78|
|  16|0x0000000701000000, 0x00000007010ffff0, 0x0000000701100000| 99%| O|  |TS  0|AC  0|TAMS 0x00000007010ffff0, 0x00000007010ffff0|
|  17|0x0000000701100000, 0x00000007011ff4c0, 0x0000000701200000| 99%| O|  |TS  0|AC  0|TAMS 0x00000007011ff4c0, 0x00000007011ff4c0|
|  18|0x0000000701200000, 0x0000000701300000, 0x0000000701300000|100%| O|  |TS  0|AC  0|TAMS 0x0000000701300000, 0x0000000701300000|
|  19|0x0000000701300000, 0x00000007013ffcb8, 0x0000000701400000| 99%| O|  |TS  0|AC  0|TAMS 0x00000007013ffcb8, 0x00000007013ffcb8|
|  20|0x0000000701400000, 0x00000007014fb2f8, 0x0000000701500000| 98%| O|  |TS  0|AC  0|TAMS 0x00000007014fb2f8, 0x00000007014fb2f8|
|  21|0x0000000701500000, 0x0000000701600000, 0x0000000701600000|100%|HS|  |TS  0|AC  0|TAMS 0x0000000701600000, 0x0000000701600000|
|  22|0x0000000701600000, 0x0000000701700000, 0x0000000701700000|100%|HC|  |TS  0|AC  0|TAMS 0x0000000701700000, 0x0000000701700000|
|  23|0x0000000701700000, 0x00000007017ffed8, 0x0000000701800000| 99%| O|  |TS  0|AC  0|TAMS 0x00000007017ffed8, 0x00000007017ffed8|
|  24|0x0000000701800000, 0x00000007018fffd0, 0x0000000701900000| 99%| O|  |TS  0|AC  0|TAMS 0x00000007018fffd0, 0x00000007018fffd0|
|  25|0x0000000701900000, 0x0000000701a00000, 0x0000000701a00000|100%| O|  |TS  0|AC  0|TAMS 0x0000000701a00000, 0x0000000701a00000|
|  26|0x0000000701a00000, 0x0000000701affff0, 0x0000000701b00000| 99%| O|  |TS  0|AC  0|TAMS 0x0000000701affff0, 0x0000000701affff0|
|  27|0x0000000701b00000, 0x0000000701bffff0, 0x0000000701c00000| 99%| O|  |TS  0|AC  0|TAMS 0x0000000701bffff0, 0x0000000701bffff0|
|  28|0x0000000701c00000, 0x0000000701cffff8, 0x0000000701d00000| 99%| O|  |TS  0|AC  0|TAMS 0x0000000701cffff8, 0x0000000701cffff8|
|  29|0x0000000701d00000, 0x0000000701dff6f0, 0x0000000701e00000| 99%| O|  |TS  0|AC  0|TAMS 0x0000000701dff6f0, 0x0000000701dff6f0|
|  30|0x0000000701e00000, 0x0000000701effff8, 0x0000000701f00000| 99%| O|  |TS  0|AC  0|TAMS 0x0000000701effff8, 0x0000000701effff8|
|  31|0x0000000701f00000, 0x0000000702000000, 0x0000000702000000|100%| O|  |TS  0|AC  0|TAMS 0x0000000702000000, 0x0000000702000000|
|  32|0x0000000702000000, 0x0000000702100000, 0x0000000702100000|100%|HS|  |TS  0|AC  0|TAMS 0x0000000702100000, 0x0000000702100000|
|  33|0x0000000702100000, 0x0000000702200000, 0x0000000702200000|100%|HC|  |TS  0|AC  0|TAMS 0x0000000702200000, 0x0000000702200000|
|  34|0x0000000702200000, 0x00000007022fffd0, 0x0000000702300000| 99%| O|  |TS  0|AC  0|TAMS 0x00000007022fffd0, 0x00000007022fffd0|
|  35|0x0000000702300000, 0x00000007023ffff0, 0x0000000702400000| 99%| O|  |TS  0|AC  0|TAMS 0x00000007023ffff0, 0x00000007023ffff0|
|  36|0x0000000702400000, 0x00000007024fff28, 0x0000000702500000| 99%| O|  |TS  0|AC  0|TAMS 0x00000007024fff28, 0x00000007024fff28|
|  37|0x0000000702500000, 0x00000007025fffc8, 0x0000000702600000| 99%| O|  |TS  0|AC  0|TAMS 0x00000007025fffc8, 0x00000007025fffc8|
|  38|0x0000000702600000, 0x0000000702700000, 0x0000000702700000|100%| O|  |TS  0|AC  0|TAMS 0x0000000702700000, 0x0000000702700000|
|  39|0x0000000702700000, 0x00000007027ffff0, 0x0000000702800000| 99%| O|  |TS  0|AC  0|TAMS 0x00000007027ffff0, 0x00000007027ffff0|
|  40|0x0000000702800000, 0x0000000702900000, 0x0000000702900000|100%| O|  |TS  0|AC  0|TAMS 0x0000000702900000, 0x0000000702900000|
|  41|0x0000000702900000, 0x00000007029f5b38, 0x0000000702a00000| 95%| O|  |TS  0|AC  0|TAMS 0x00000007029f5b38, 0x00000007029f5b38|
|  42|0x0000000702a00000, 0x0000000702afffd0, 0x0000000702b00000| 99%| O|  |TS  0|AC  0|TAMS 0x0000000702afffd0, 0x0000000702afffd0|
|  43|0x0000000702b00000, 0x0000000702bffff8, 0x0000000702c00000| 99%| O|  |TS  0|AC  0|TAMS 0x0000000702bffff8, 0x0000000702bffff8|
|  44|0x0000000702c00000, 0x0000000702cfec48, 0x0000000702d00000| 99%| O|  |TS  0|AC  0|TAMS 0x0000000702cfec48, 0x0000000702cfec48|
|  45|0x0000000702d00000, 0x0000000702dffba0, 0x0000000702e00000| 99%| O|  |TS  0|AC  0|TAMS 0x0000000702dffba0, 0x0000000702dffba0|
|  46|0x0000000702e00000, 0x0000000702f00000, 0x0000000702f00000|100%| O|  |TS  0|AC  0|TAMS 0x0000000702f00000, 0x0000000702f00000|
|  47|0x0000000702f00000, 0x0000000702fff4a8, 0x0000000703000000| 99%| O|  |TS  0|AC  0|TAMS 0x0000000702fff4a8, 0x0000000702fff4a8|
|  48|0x0000000703000000, 0x00000007030fe5a8, 0x0000000703100000| 99%| O|  |TS  0|AC  0|TAMS 0x00000007030fe5a8, 0x00000007030fe5a8|
|  49|0x0000000703100000, 0x00000007031ff410, 0x0000000703200000| 99%| O|  |TS  0|AC  0|TAMS 0x00000007031ff410, 0x00000007031ff410|
|  50|0x0000000703200000, 0x00000007032ff6c8, 0x0000000703300000| 99%| O|  |TS  0|AC  0|TAMS 0x00000007032ff6c8, 0x00000007032ff6c8|
|  51|0x0000000703300000, 0x00000007033ffff0, 0x0000000703400000| 99%| O|  |TS  0|AC  0|TAMS 0x00000007033ffff0, 0x00000007033ffff0|
|  52|0x0000000703400000, 0x00000007034ffea0, 0x0000000703500000| 99%| O|  |TS  0|AC  0|TAMS 0x00000007034ffea0, 0x00000007034ffea0|
|  53|0x0000000703500000, 0x0000000703600000, 0x0000000703600000|100%| O|  |TS  0|AC  0|TAMS 0x0000000703600000, 0x0000000703600000|
|  54|0x0000000703600000, 0x00000007036c3ce8, 0x0000000703700000| 76%| O|  |TS  0|AC  0|TAMS 0x00000007036c3ce8, 0x00000007036c3ce8|
|  55|0x0000000703700000, 0x00000007037fff70, 0x0000000703800000| 99%| O|  |TS  0|AC  0|TAMS 0x00000007037fff70, 0x00000007037fff70|
|  56|0x0000000703800000, 0x0000000703900000, 0x0000000703900000|100%| O|  |TS  0|AC  0|TAMS 0x0000000703900000, 0x0000000703900000|
|  57|0x0000000703900000, 0x00000007039fffc8, 0x0000000703a00000| 99%| O|  |TS  0|AC  0|TAMS 0x00000007039fffc8, 0x00000007039fffc8|
|  58|0x0000000703a00000, 0x0000000703afffd8, 0x0000000703b00000| 99%| O|  |TS  0|AC  0|TAMS 0x0000000703afffd8, 0x0000000703afffd8|
|  59|0x0000000703b00000, 0x0000000703bffff0, 0x0000000703c00000| 99%| O|  |TS  0|AC  0|TAMS 0x0000000703bffff0, 0x0000000703bffff0|
|  60|0x0000000703c00000, 0x0000000703cfffb0, 0x0000000703d00000| 99%| O|  |TS  0|AC  0|TAMS 0x0000000703cfffb0, 0x0000000703cfffb0|
|  61|0x0000000703d00000, 0x0000000703dfec00, 0x0000000703e00000| 99%| O|  |TS  0|AC  0|TAMS 0x0000000703dfec00, 0x0000000703dfec00|
|  62|0x0000000703e00000, 0x0000000703f00000, 0x0000000703f00000|100%| O|  |TS  0|AC  0|TAMS 0x0000000703f00000, 0x0000000703f00000|
|  63|0x0000000703f00000, 0x0000000703ffec00, 0x0000000704000000| 99%| O|  |TS  0|AC  0|TAMS 0x0000000703ffec00, 0x0000000703ffec00|
|  64|0x0000000704000000, 0x0000000704071cb0, 0x0000000704100000| 44%| O|  |TS  0|AC  0|TAMS 0x0000000704071cb0, 0x0000000704071cb0|
|  65|0x0000000704100000, 0x0000000704200000, 0x0000000704200000|100%| O|  |TS  0|AC  0|TAMS 0x0000000704200000, 0x0000000704200000|
|  66|0x0000000704200000, 0x0000000704300000, 0x0000000704300000|100%| O|  |TS  0|AC  0|TAMS 0x0000000704300000, 0x0000000704300000|
|  67|0x0000000704300000, 0x0000000704400000, 0x0000000704400000|100%| O|  |TS  0|AC  0|TAMS 0x0000000704400000, 0x0000000704400000|
|  68|0x0000000704400000, 0x0000000704500000, 0x0000000704500000|100%| O|  |TS  0|AC  0|TAMS 0x0000000704500000, 0x0000000704500000|
|  69|0x0000000704500000, 0x0000000704600000, 0x0000000704600000|100%| O|  |TS  0|AC  0|TAMS 0x0000000704600000, 0x0000000704600000|
|  70|0x0000000704600000, 0x0000000704700000, 0x0000000704700000|100%| O|  |TS  0|AC  0|TAMS 0x0000000704700000, 0x0000000704700000|
|  71|0x0000000704700000, 0x0000000704800000, 0x0000000704800000|100%|HS|  |TS  0|AC  0|TAMS 0x0000000704800000, 0x0000000704800000|
|  72|0x0000000704800000, 0x0000000704900000, 0x0000000704900000|100%|HC|  |TS  0|AC  0|TAMS 0x0000000704900000, 0x0000000704900000|
|  73|0x0000000704900000, 0x0000000704a00000, 0x0000000704a00000|100%| O|  |TS  0|AC  0|TAMS 0x0000000704a00000, 0x0000000704a00000|
|  74|0x0000000704a00000, 0x0000000704b00000, 0x0000000704b00000|100%| O|  |TS  0|AC  0|TAMS 0x0000000704b00000, 0x0000000704b00000|
|  75|0x0000000704b00000, 0x0000000704c00000, 0x0000000704c00000|100%| O|  |TS  0|AC  0|TAMS 0x0000000704c00000, 0x0000000704c00000|
|  76|0x0000000704c00000, 0x0000000704d00000, 0x0000000704d00000|100%|HS|  |TS  0|AC  0|TAMS 0x0000000704d00000, 0x0000000704d00000|
|  77|0x0000000704d00000, 0x0000000704e00000, 0x0000000704e00000|100%|HC|  |TS  0|AC  0|TAMS 0x0000000704e00000, 0x0000000704e00000|
|  78|0x0000000704e00000, 0x0000000704f00000, 0x0000000704f00000|100%|HC|  |TS  0|AC  0|TAMS 0x0000000704f00000, 0x0000000704f00000|
|  79|0x0000000704f00000, 0x0000000705000000, 0x0000000705000000|100%|HC|  |TS  0|AC  0|TAMS 0x0000000705000000, 0x0000000705000000|
|  80|0x0000000705000000, 0x0000000705100000, 0x0000000705100000|100%|HC|  |TS  0|AC  0|TAMS 0x0000000705100000, 0x0000000705100000|
|  81|0x0000000705100000, 0x0000000705200000, 0x0000000705200000|100%| O|  |TS  0|AC  0|TAMS 0x0000000705200000, 0x0000000705200000|
|  82|0x0000000705200000, 0x0000000705300000, 0x0000000705300000|100%| O|  |TS  0|AC  0|TAMS 0x0000000705300000, 0x0000000705300000|
|  83|0x0000000705300000, 0x0000000705400000, 0x0000000705400000|100%| O|  |TS  0|AC  0|TAMS 0x0000000705400000, 0x0000000705400000|
|  84|0x0000000705400000, 0x0000000705500000, 0x0000000705500000|100%|HS|  |TS  0|AC  0|TAMS 0x0000000705500000, 0x0000000705500000|
|  85|0x0000000705500000, 0x0000000705600000, 0x0000000705600000|100%|HC|  |TS  0|AC  0|TAMS 0x0000000705600000, 0x0000000705600000|
|  86|0x0000000705600000, 0x0000000705700000, 0x0000000705700000|100%| O|  |TS  0|AC  0|TAMS 0x0000000705700000, 0x0000000705700000|
|  87|0x0000000705700000, 0x0000000705800000, 0x0000000705800000|100%| O|  |TS  0|AC  0|TAMS 0x0000000705800000, 0x0000000705800000|
|  88|0x0000000705800000, 0x00000007058e0800, 0x0000000705900000| 87%| O|  |TS  1|AC  0|TAMS 0x00000007058e0800, 0x00000007058e0800|
|  89|0x0000000705900000, 0x0000000705900000, 0x0000000705a00000|  0%| F|  |TS  0|AC  0|TAMS 0x0000000705900000, 0x0000000705900000|
|  90|0x0000000705a00000, 0x0000000705a00000, 0x0000000705b00000|  0%| F|  |TS  0|AC  0|TAMS 0x0000000705a00000, 0x0000000705a00000|
|  91|0x0000000705b00000, 0x0000000705b00000, 0x0000000705c00000|  0%| F|  |TS  0|AC  0|TAMS 0x0000000705b00000, 0x0000000705b00000|
|  92|0x0000000705c00000, 0x0000000705c00000, 0x0000000705d00000|  0%| F|  |TS  0|AC  0|TAMS 0x0000000705c00000, 0x0000000705c00000|
|  93|0x0000000705d00000, 0x0000000705d00000, 0x0000000705e00000|  0%| F|  |TS  0|AC  0|TAMS 0x0000000705d00000, 0x0000000705d00000|
|  94|0x0000000705e00000, 0x0000000705e00000, 0x0000000705f00000|  0%| F|  |TS  0|AC  0|TAMS 0x0000000705e00000, 0x0000000705e00000|
|  95|0x0000000705f00000, 0x0000000705f00000, 0x0000000706000000|  0%| F|  |TS  0|AC  0|TAMS 0x0000000705f00000, 0x0000000705f00000|
|  96|0x0000000706000000, 0x0000000706000000, 0x0000000706100000|  0%| F|  |TS  0|AC  0|TAMS 0x0000000706000000, 0x0000000706000000|
|  97|0x0000000706100000, 0x0000000706100000, 0x0000000706200000|  0%| F|  |TS  0|AC  0|TAMS 0x0000000706100000, 0x0000000706100000|
|  98|0x0000000706200000, 0x0000000706200000, 0x0000000706300000|  0%| F|  |TS  0|AC  0|TAMS 0x0000000706200000, 0x0000000706200000|
|  99|0x0000000706300000, 0x0000000706300000, 0x0000000706400000|  0%| F|  |TS  0|AC  0|TAMS 0x0000000706300000, 0x0000000706300000|
| 100|0x0000000706400000, 0x0000000706400000, 0x0000000706500000|  0%| F|  |TS  0|AC  0|TAMS 0x0000000706400000, 0x0000000706400000|
| 101|0x0000000706500000, 0x0000000706500000, 0x0000000706600000|  0%| F|  |TS  0|AC  0|TAMS 0x0000000706500000, 0x0000000706500000|
| 102|0x0000000706600000, 0x0000000706600000, 0x0000000706700000|  0%| F|  |TS  0|AC  0|TAMS 0x0000000706600000, 0x0000000706600000|
| 103|0x0000000706700000, 0x0000000706700000, 0x0000000706800000|  0%| F|  |TS  0|AC  0|TAMS 0x0000000706700000, 0x0000000706700000|
| 104|0x0000000706800000, 0x0000000706800000, 0x0000000706900000|  0%| F|  |TS  0|AC  0|TAMS 0x0000000706800000, 0x0000000706800000|
| 105|0x0000000706900000, 0x00000007069dd400, 0x0000000706a00000| 86%| S|CS|TS  1|AC  0|TAMS 0x0000000706900000, 0x0000000706900000|
| 106|0x0000000706a00000, 0x0000000706b00000, 0x0000000706b00000|100%|HS|  |TS  0|AC  0|TAMS 0x0000000706b00000, 0x0000000706b00000|
| 107|0x0000000706b00000, 0x0000000706c00000, 0x0000000706c00000|100%|HC|  |TS  0|AC  0|TAMS 0x0000000706c00000, 0x0000000706c00000|
| 108|0x0000000706c00000, 0x0000000706d00000, 0x0000000706d00000|100%|HC|  |TS  0|AC  0|TAMS 0x0000000706d00000, 0x0000000706d00000|
| 109|0x0000000706d00000, 0x0000000706e00000, 0x0000000706e00000|100%|HC|  |TS  0|AC  0|TAMS 0x0000000706e00000, 0x0000000706e00000|
| 110|0x0000000706e00000, 0x0000000706f00000, 0x0000000706f00000|100%|HC|  |TS  0|AC  0|TAMS 0x0000000706f00000, 0x0000000706f00000|
| 111|0x0000000706f00000, 0x0000000707000000, 0x0000000707000000|100%|HC|  |TS  0|AC  0|TAMS 0x0000000707000000, 0x0000000707000000|
| 112|0x0000000707000000, 0x0000000707100000, 0x0000000707100000|100%|HC|  |TS  0|AC  0|TAMS 0x0000000707100000, 0x0000000707100000|
| 113|0x0000000707100000, 0x0000000707200000, 0x0000000707200000|100%|HC|  |TS  0|AC  0|TAMS 0x0000000707200000, 0x0000000707200000|
| 114|0x0000000707200000, 0x0000000707300000, 0x0000000707300000|100%|HC|  |TS  0|AC  0|TAMS 0x0000000707300000, 0x0000000707300000|
| 115|0x0000000707300000, 0x0000000707400000, 0x0000000707400000|100%|HS|  |TS  0|AC  0|TAMS 0x0000000707300000, 0x0000000707300000|
| 116|0x0000000707400000, 0x0000000707500000, 0x0000000707500000|100%|HC|  |TS  0|AC  0|TAMS 0x0000000707400000, 0x0000000707400000|
| 117|0x0000000707500000, 0x0000000707600000, 0x0000000707600000|100%|HC|  |TS  0|AC  0|TAMS 0x0000000707500000, 0x0000000707500000|
| 118|0x0000000707600000, 0x0000000707700000, 0x0000000707700000|100%|HC|  |TS  0|AC  0|TAMS 0x0000000707600000, 0x0000000707600000|
| 119|0x0000000707700000, 0x0000000707800000, 0x0000000707800000|100%|HC|  |TS  0|AC  0|TAMS 0x0000000707700000, 0x0000000707700000|
| 120|0x0000000707800000, 0x0000000707900000, 0x0000000707900000|100%|HC|  |TS  0|AC  0|TAMS 0x0000000707800000, 0x0000000707800000|
| 121|0x0000000707900000, 0x0000000707a00000, 0x0000000707a00000|100%|HC|  |TS  0|AC  0|TAMS 0x0000000707900000, 0x0000000707900000|
| 122|0x0000000707a00000, 0x0000000707b00000, 0x0000000707b00000|100%|HC|  |TS  0|AC  0|TAMS 0x0000000707a00000, 0x0000000707a00000|
| 123|0x0000000707b00000, 0x0000000707c00000, 0x0000000707c00000|100%|HC|  |TS  0|AC  0|TAMS 0x0000000707b00000, 0x0000000707b00000|
| 124|0x0000000707c00000, 0x0000000707d00000, 0x0000000707d00000|100%|HC|  |TS  0|AC  0|TAMS 0x0000000707c00000, 0x0000000707c00000|
| 125|0x0000000707d00000, 0x0000000707e00000, 0x0000000707e00000|100%|HC|  |TS  0|AC  0|TAMS 0x0000000707d00000, 0x0000000707d00000|
| 126|0x0000000707e00000, 0x0000000707f00000, 0x0000000707f00000|100%|HC|  |TS  0|AC  0|TAMS 0x0000000707e00000, 0x0000000707e00000|
| 127|0x0000000707f00000, 0x0000000708000000, 0x0000000708000000|100%|HC|  |TS  0|AC  0|TAMS 0x0000000707f00000, 0x0000000707f00000|
| 128|0x0000000708000000, 0x0000000708100000, 0x0000000708100000|100%|HC|  |TS  0|AC  0|TAMS 0x0000000708000000, 0x0000000708000000|
| 129|0x0000000708100000, 0x0000000708200000, 0x0000000708200000|100%|HC|  |TS  0|AC  0|TAMS 0x0000000708100000, 0x0000000708100000|
| 130|0x0000000708200000, 0x0000000708300000, 0x0000000708300000|100%|HC|  |TS  0|AC  0|TAMS 0x0000000708200000, 0x0000000708200000|
| 131|0x0000000708300000, 0x0000000708400000, 0x0000000708400000|100%|HC|  |TS  0|AC  0|TAMS 0x0000000708300000, 0x0000000708300000|
| 132|0x0000000708400000, 0x0000000708500000, 0x0000000708500000|100%|HC|  |TS  0|AC  0|TAMS 0x0000000708400000, 0x0000000708400000|
| 133|0x0000000708500000, 0x0000000708600000, 0x0000000708600000|100%|HC|  |TS  0|AC  0|TAMS 0x0000000708500000, 0x0000000708500000|
| 134|0x0000000708600000, 0x0000000708700000, 0x0000000708700000|100%|HC|  |TS  0|AC  0|TAMS 0x0000000708600000, 0x0000000708600000|
| 135|0x0000000708700000, 0x0000000708800000, 0x0000000708800000|100%|HC|  |TS  0|AC  0|TAMS 0x0000000708700000, 0x0000000708700000|
| 136|0x0000000708800000, 0x0000000708900000, 0x0000000708900000|100%|HC|  |TS  0|AC  0|TAMS 0x0000000708800000, 0x0000000708800000|
| 137|0x0000000708900000, 0x0000000708a00000, 0x0000000708a00000|100%|HC|  |TS  0|AC  0|TAMS 0x0000000708900000, 0x0000000708900000|
| 138|0x0000000708a00000, 0x0000000708b00000, 0x0000000708b00000|100%|HC|  |TS  0|AC  0|TAMS 0x0000000708a00000, 0x0000000708a00000|
| 139|0x0000000708b00000, 0x0000000708c00000, 0x0000000708c00000|100%|HC|  |TS  0|AC  0|TAMS 0x0000000708b00000, 0x0000000708b00000|
| 140|0x0000000708c00000, 0x0000000708d00000, 0x0000000708d00000|100%|HC|  |TS  0|AC  0|TAMS 0x0000000708c00000, 0x0000000708c00000|
| 141|0x0000000708d00000, 0x0000000708e00000, 0x0000000708e00000|100%|HC|  |TS  0|AC  0|TAMS 0x0000000708d00000, 0x0000000708d00000|
| 142|0x0000000708e00000, 0x0000000708f00000, 0x0000000708f00000|100%|HC|  |TS  0|AC  0|TAMS 0x0000000708e00000, 0x0000000708e00000|
| 143|0x0000000708f00000, 0x0000000709000000, 0x0000000709000000|100%|HC|  |TS  0|AC  0|TAMS 0x0000000708f00000, 0x0000000708f00000|
| 144|0x0000000709000000, 0x0000000709100000, 0x0000000709100000|100%|HC|  |TS  0|AC  0|TAMS 0x0000000709000000, 0x0000000709000000|
| 145|0x0000000709100000, 0x0000000709200000, 0x0000000709200000|100%| S|CS|TS  1|AC  0|TAMS 0x0000000709100000, 0x0000000709100000|
| 146|0x0000000709200000, 0x0000000709300000, 0x0000000709300000|100%| S|CS|TS  1|AC  0|TAMS 0x0000000709200000, 0x0000000709200000|
| 147|0x0000000709300000, 0x0000000709400000, 0x0000000709400000|100%| S|CS|TS  1|AC  0|TAMS 0x0000000709300000, 0x0000000709300000|
| 148|0x0000000709400000, 0x0000000709400000, 0x0000000709500000|  0%| F|  |TS  1|AC  0|TAMS 0x0000000709400000, 0x0000000709400000|
| 149|0x0000000709500000, 0x0000000709500000, 0x0000000709600000|  0%| F|  |TS  1|AC  0|TAMS 0x0000000709500000, 0x0000000709500000|
| 150|0x0000000709600000, 0x0000000709600000, 0x0000000709700000|  0%| F|  |TS  1|AC  0|TAMS 0x0000000709600000, 0x0000000709600000|
| 151|0x0000000709700000, 0x0000000709700000, 0x0000000709800000|  0%| F|  |TS  1|AC  0|TAMS 0x0000000709700000, 0x0000000709700000|
| 152|0x0000000709800000, 0x0000000709800000, 0x0000000709900000|  0%| F|  |TS  1|AC  0|TAMS 0x0000000709800000, 0x0000000709800000|
| 153|0x0000000709900000, 0x0000000709900000, 0x0000000709a00000|  0%| F|  |TS  1|AC  0|TAMS 0x0000000709900000, 0x0000000709900000|
| 154|0x0000000709a00000, 0x0000000709a00000, 0x0000000709b00000|  0%| F|  |TS  1|AC  0|TAMS 0x0000000709a00000, 0x0000000709a00000|
| 155|0x0000000709b00000, 0x0000000709b00000, 0x0000000709c00000|  0%| F|  |TS  1|AC  0|TAMS 0x0000000709b00000, 0x0000000709b00000|
| 156|0x0000000709c00000, 0x0000000709c00000, 0x0000000709d00000|  0%| F|  |TS  1|AC  0|TAMS 0x0000000709c00000, 0x0000000709c00000|
| 157|0x0000000709d00000, 0x0000000709d00000, 0x0000000709e00000|  0%| F|  |TS  1|AC  0|TAMS 0x0000000709d00000, 0x0000000709d00000|
| 158|0x0000000709e00000, 0x0000000709e00000, 0x0000000709f00000|  0%| F|  |TS  1|AC  0|TAMS 0x0000000709e00000, 0x0000000709e00000|
| 159|0x0000000709f00000, 0x0000000709f00000, 0x000000070a000000|  0%| F|  |TS  1|AC  0|TAMS 0x0000000709f00000, 0x0000000709f00000|
| 160|0x000000070a000000, 0x000000070a000000, 0x000000070a100000|  0%| F|  |TS  1|AC  0|TAMS 0x000000070a000000, 0x000000070a000000|
| 161|0x000000070a100000, 0x000000070a100000, 0x000000070a200000|  0%| F|  |TS  1|AC  0|TAMS 0x000000070a100000, 0x000000070a100000|
| 162|0x000000070a200000, 0x000000070a200000, 0x000000070a300000|  0%| F|  |TS  1|AC  0|TAMS 0x000000070a200000, 0x000000070a200000|
| 163|0x000000070a300000, 0x000000070a300000, 0x000000070a400000|  0%| F|  |TS  1|AC  0|TAMS 0x000000070a300000, 0x000000070a300000|
| 164|0x000000070a400000, 0x000000070a400000, 0x000000070a500000|  0%| F|  |TS  1|AC  0|TAMS 0x000000070a400000, 0x000000070a400000|
| 165|0x000000070a500000, 0x000000070a500000, 0x000000070a600000|  0%| F|  |TS  1|AC  0|TAMS 0x000000070a500000, 0x000000070a500000|
| 166|0x000000070a600000, 0x000000070a600000, 0x000000070a700000|  0%| F|  |TS  1|AC  0|TAMS 0x000000070a600000, 0x000000070a600000|
| 167|0x000000070a700000, 0x000000070a700000, 0x000000070a800000|  0%| F|  |TS  1|AC  0|TAMS 0x000000070a700000, 0x000000070a700000|
| 168|0x000000070a800000, 0x000000070a800000, 0x000000070a900000|  0%| F|  |TS  1|AC  0|TAMS 0x000000070a800000, 0x000000070a800000|
| 169|0x000000070a900000, 0x000000070a900000, 0x000000070aa00000|  0%| F|  |TS  1|AC  0|TAMS 0x000000070a900000, 0x000000070a900000|
| 170|0x000000070aa00000, 0x000000070aa00000, 0x000000070ab00000|  0%| F|  |TS  1|AC  0|TAMS 0x000000070aa00000, 0x000000070aa00000|
| 171|0x000000070ab00000, 0x000000070ab00000, 0x000000070ac00000|  0%| F|  |TS  1|AC  0|TAMS 0x000000070ab00000, 0x000000070ab00000|
| 172|0x000000070ac00000, 0x000000070ac00000, 0x000000070ad00000|  0%| F|  |TS  1|AC  0|TAMS 0x000000070ac00000, 0x000000070ac00000|
| 173|0x000000070ad00000, 0x000000070ad00000, 0x000000070ae00000|  0%| F|  |TS  1|AC  0|TAMS 0x000000070ad00000, 0x000000070ad00000|
| 174|0x000000070ae00000, 0x000000070ae00000, 0x000000070af00000|  0%| F|  |TS  1|AC  0|TAMS 0x000000070ae00000, 0x000000070ae00000|
| 175|0x000000070af00000, 0x000000070af00000, 0x000000070b000000|  0%| F|  |TS  1|AC  0|TAMS 0x000000070af00000, 0x000000070af00000|
| 176|0x000000070b000000, 0x000000070b000000, 0x000000070b100000|  0%| F|  |TS  1|AC  0|TAMS 0x000000070b000000, 0x000000070b000000|
| 177|0x000000070b100000, 0x000000070b100000, 0x000000070b200000|  0%| F|  |TS  1|AC  0|TAMS 0x000000070b100000, 0x000000070b100000|
| 178|0x000000070b200000, 0x000000070b200000, 0x000000070b300000|  0%| F|  |TS  1|AC  0|TAMS 0x000000070b200000, 0x000000070b200000|
| 179|0x000000070b300000, 0x000000070b300000, 0x000000070b400000|  0%| F|  |TS  1|AC  0|TAMS 0x000000070b300000, 0x000000070b300000|
| 180|0x000000070b400000, 0x000000070b400000, 0x000000070b500000|  0%| F|  |TS  1|AC  0|TAMS 0x000000070b400000, 0x000000070b400000|
| 181|0x000000070b500000, 0x000000070b500000, 0x000000070b600000|  0%| F|  |TS  1|AC  0|TAMS 0x000000070b500000, 0x000000070b500000|
| 182|0x000000070b600000, 0x000000070b600000, 0x000000070b700000|  0%| F|  |TS  1|AC  0|TAMS 0x000000070b600000, 0x000000070b600000|
| 183|0x000000070b700000, 0x000000070b700000, 0x000000070b800000|  0%| F|  |TS  1|AC  0|TAMS 0x000000070b700000, 0x000000070b700000|
| 184|0x000000070b800000, 0x000000070b800000, 0x000000070b900000|  0%| F|  |TS  1|AC  0|TAMS 0x000000070b800000, 0x000000070b800000|
| 185|0x000000070b900000, 0x000000070b900000, 0x000000070ba00000|  0%| F|  |TS  1|AC  0|TAMS 0x000000070b900000, 0x000000070b900000|
| 186|0x000000070ba00000, 0x000000070ba00000, 0x000000070bb00000|  0%| F|  |TS  1|AC  0|TAMS 0x000000070ba00000, 0x000000070ba00000|
| 187|0x000000070bb00000, 0x000000070bb00000, 0x000000070bc00000|  0%| F|  |TS  1|AC  0|TAMS 0x000000070bb00000, 0x000000070bb00000|
| 188|0x000000070bc00000, 0x000000070bc00000, 0x000000070bd00000|  0%| F|  |TS  1|AC  0|TAMS 0x000000070bc00000, 0x000000070bc00000|
| 189|0x000000070bd00000, 0x000000070bd00000, 0x000000070be00000|  0%| F|  |TS  1|AC  0|TAMS 0x000000070bd00000, 0x000000070bd00000|
| 190|0x000000070be00000, 0x000000070be00000, 0x000000070bf00000|  0%| F|  |TS  1|AC  0|TAMS 0x000000070be00000, 0x000000070be00000|
| 191|0x000000070bf00000, 0x000000070bf00000, 0x000000070c000000|  0%| F|  |TS  1|AC  0|TAMS 0x000000070bf00000, 0x000000070bf00000|
| 192|0x000000070c000000, 0x000000070c000000, 0x000000070c100000|  0%| F|  |TS  1|AC  0|TAMS 0x000000070c000000, 0x000000070c000000|
| 193|0x000000070c100000, 0x000000070c100000, 0x000000070c200000|  0%| F|  |TS  1|AC  0|TAMS 0x000000070c100000, 0x000000070c100000|
| 194|0x000000070c200000, 0x000000070c200000, 0x000000070c300000|  0%| F|  |TS  1|AC  0|TAMS 0x000000070c200000, 0x000000070c200000|
| 195|0x000000070c300000, 0x000000070c300000, 0x000000070c400000|  0%| F|  |TS  1|AC  0|TAMS 0x000000070c300000, 0x000000070c300000|
| 196|0x000000070c400000, 0x000000070c4fdb60, 0x000000070c500000| 99%| E|  |TS  1|AC  0|TAMS 0x000000070c400000, 0x000000070c400000|
| 197|0x000000070c500000, 0x000000070c600000, 0x000000070c600000|100%| E|CS|TS  1|AC  0|TAMS 0x000000070c500000, 0x000000070c500000|
| 198|0x000000070c600000, 0x000000070c700000, 0x000000070c700000|100%| E|CS|TS  1|AC  0|TAMS 0x000000070c600000, 0x000000070c600000|
| 199|0x000000070c700000, 0x000000070c800000, 0x000000070c800000|100%| E|CS|TS  1|AC  0|TAMS 0x000000070c700000, 0x000000070c700000|
| 200|0x000000070c800000, 0x000000070c900000, 0x000000070c900000|100%| E|CS|TS  1|AC  0|TAMS 0x000000070c800000, 0x000000070c800000|
| 201|0x000000070c900000, 0x000000070ca00000, 0x000000070ca00000|100%| E|CS|TS  1|AC  0|TAMS 0x000000070c900000, 0x000000070c900000|
| 202|0x000000070ca00000, 0x000000070cb00000, 0x000000070cb00000|100%| E|CS|TS  1|AC  0|TAMS 0x000000070ca00000, 0x000000070ca00000|
| 203|0x000000070cb00000, 0x000000070cc00000, 0x000000070cc00000|100%| E|CS|TS  1|AC  0|TAMS 0x000000070cb00000, 0x000000070cb00000|
| 204|0x000000070cc00000, 0x000000070cd00000, 0x000000070cd00000|100%| E|CS|TS  1|AC  0|TAMS 0x000000070cc00000, 0x000000070cc00000|
| 205|0x000000070cd00000, 0x000000070ce00000, 0x000000070ce00000|100%| E|CS|TS  1|AC  0|TAMS 0x000000070cd00000, 0x000000070cd00000|
| 206|0x000000070ce00000, 0x000000070cf00000, 0x000000070cf00000|100%| E|CS|TS  1|AC  0|TAMS 0x000000070ce00000, 0x000000070ce00000|
| 207|0x000000070cf00000, 0x000000070d000000, 0x000000070d000000|100%| E|CS|TS  1|AC  0|TAMS 0x000000070cf00000, 0x000000070cf00000|

Card table byte_map: [0x000002ca99cb0000,0x000002ca9a2b0000] byte_map_base: 0x000002ca964b0000

Marking Bits (Prev, Next): (CMBitMap*) 0x000002ca80768b00, (CMBitMap*) 0x000002ca80768b38
 Prev Bits: [0x000002ca9a8b0000, 0x000002ca9d8b0000)
 Next Bits: [0x000002ca9d8b0000, 0x000002caa08b0000)

Polling page: 0x000002ca828c0000

CodeHeap 'non-profiled nmethods': size=120000Kb used=20478Kb max_used=20881Kb free=99521Kb
 bounds [0x000002ca90ef0000, 0x000002ca92370000, 0x000002ca98420000]
CodeHeap 'profiled nmethods': size=120000Kb used=44283Kb max_used=44283Kb free=75716Kb
 bounds [0x000002ca899c0000, 0x000002ca8c540000, 0x000002ca90ef0000]
CodeHeap 'non-nmethods': size=5760Kb used=1782Kb max_used=1835Kb free=3977Kb
 bounds [0x000002ca89420000, 0x000002ca89690000, 0x000002ca899c0000]
 total_blobs=30455 nmethods=16958 adapters=1106
 compilation: enabled

Compilation events (10 events):
Event: 447.601 Thread 0x000002ca80915800 nmethod 20890 0x000002ca91aafa10 code [0x000002ca91aafba0, 0x000002ca91aafc48]
Event: 447.608 Thread 0x000002ca80918000 20892       4       javax.swing.text.AbstractDocument$DefaultDocumentEvent::getChange (84 bytes)
Event: 447.611 Thread 0x000002ca80918000 nmethod 20892 0x000002ca91aea390 code [0x000002ca91aea540, 0x000002ca91aeab38]
Event: 447.619 Thread 0x000002ca80917000 nmethod 20891 0x000002ca91b3eb10 code [0x000002ca91b3eda0, 0x000002ca91b3ff30]
Event: 447.671 Thread 0x000002ca80915800 20893       4       ui.utils.o.aj::a (42 bytes)
Event: 447.691 Thread 0x000002ca80915800 nmethod 20893 0x000002ca91b6f490 code [0x000002ca91b6f6a0, 0x000002ca91b712d8]
Event: 447.691 Thread 0x000002ca80918000 20894       4       javax.swing.JComponent::setEnabled (29 bytes)
Event: 447.704 Thread 0x000002ca80918000 nmethod 20894 0x000002ca91b79c10 code [0x000002ca91b79ee0, 0x000002ca91b7b068]
Event: 447.710 Thread 0x000002ca80917000 20895       4       java.lang.StringCoding::hasNegatives (25 bytes)
Event: 447.712 Thread 0x000002ca80917000 nmethod 20895 0x000002ca91aaf690 code [0x000002ca91aaf820, 0x000002ca91aaf938]

GC Heap History (10 events):
Event: 446.711 GC heap before
{Heap before GC invocations=261 (full 17):
 garbage-first heap   total 212992K, used 116167K [0x0000000700000000, 0x0000000700100680, 0x00000007c0000000)
  region size 1024K, 5 young (5120K), 3 survivors (3072K)
 Metaspace       used 84171K, capacity 91042K, committed 91136K, reserved 1126400K
  class space    used 12374K, capacity 13561K, committed 13568K, reserved 1048576K
}
Event: 446.714 GC heap after
{Heap after GC invocations=262 (full 17):
 garbage-first heap   total 212992K, used 109827K [0x0000000700000000, 0x0000000700100680, 0x00000007c0000000)
  region size 1024K, 3 young (3072K), 3 survivors (3072K)
 Metaspace       used 84171K, capacity 91042K, committed 91136K, reserved 1126400K
  class space    used 12374K, capacity 13561K, committed 13568K, reserved 1048576K
}
Event: 447.049 GC heap before
{Heap before GC invocations=263 (full 17):
 garbage-first heap   total 212992K, used 177411K [0x0000000700000000, 0x0000000700100680, 0x00000007c0000000)
  region size 1024K, 60 young (61440K), 3 survivors (3072K)
 Metaspace       used 84191K, capacity 91062K, committed 91136K, reserved 1126400K
  class space    used 12376K, capacity 13565K, committed 13568K, reserved 1048576K
}
Event: 447.052 GC heap after
{Heap after GC invocations=264 (full 17):
 garbage-first heap   total 212992K, used 110370K [0x0000000700000000, 0x0000000700100680, 0x00000007c0000000)
  region size 1024K, 4 young (4096K), 4 survivors (4096K)
 Metaspace       used 84191K, capacity 91062K, committed 91136K, reserved 1126400K
  class space    used 12376K, capacity 13565K, committed 13568K, reserved 1048576K
}
Event: 447.147 GC heap before
{Heap before GC invocations=264 (full 17):
 garbage-first heap   total 212992K, used 167714K [0x0000000700000000, 0x0000000700100680, 0x00000007c0000000)
  region size 1024K, 60 young (61440K), 4 survivors (4096K)
 Metaspace       used 84454K, capacity 91318K, committed 91392K, reserved 1126400K
  class space    used 12379K, capacity 13565K, committed 13568K, reserved 1048576K
}
Event: 447.150 GC heap after
{Heap after GC invocations=265 (full 17):
 garbage-first heap   total 212992K, used 102278K [0x0000000700000000, 0x0000000700100680, 0x00000007c0000000)
  region size 1024K, 4 young (4096K), 4 survivors (4096K)
 Metaspace       used 84454K, capacity 91318K, committed 91392K, reserved 1126400K
  class space    used 12379K, capacity 13565K, committed 13568K, reserved 1048576K
}
Event: 447.337 GC heap before
{Heap before GC invocations=266 (full 17):
 garbage-first heap   total 212992K, used 130950K [0x0000000700000000, 0x0000000700100680, 0x00000007c0000000)
  region size 1024K, 33 young (33792K), 4 survivors (4096K)
 Metaspace       used 84532K, capacity 91382K, committed 91392K, reserved 1126400K
  class space    used 12381K, capacity 13565K, committed 13568K, reserved 1048576K
}
Event: 447.340 GC heap after
{Heap after GC invocations=267 (full 17):
 garbage-first heap   total 212992K, used 102523K [0x0000000700000000, 0x0000000700100680, 0x00000007c0000000)
  region size 1024K, 4 young (4096K), 4 survivors (4096K)
 Metaspace       used 84532K, capacity 91382K, committed 91392K, reserved 1126400K
  class space    used 12381K, capacity 13565K, committed 13568K, reserved 1048576K
}
Event: 447.615 GC heap before
{Heap before GC invocations=268 (full 17):
 garbage-first heap   total 212992K, used 190587K [0x0000000700000000, 0x0000000700100680, 0x00000007c0000000)
  region size 1024K, 60 young (61440K), 4 survivors (4096K)
 Metaspace       used 84556K, capacity 91382K, committed 91392K, reserved 1126400K
  class space    used 12381K, capacity 13565K, committed 13568K, reserved 1048576K
}
Event: 447.618 GC heap after
{Heap after GC invocations=269 (full 17):
 garbage-first heap   total 212992K, used 133478K [0x0000000700000000, 0x0000000700100680, 0x00000007c0000000)
  region size 1024K, 4 young (4096K), 4 survivors (4096K)
 Metaspace       used 84556K, capacity 91382K, committed 91392K, reserved 1126400K
  class space    used 12381K, capacity 13565K, committed 13568K, reserved 1048576K
}

Deoptimization events (10 events):
Event: 426.718 Thread 0x000002caa7ffb800 Uncommon trap: reason=bimorphic_or_optimized_type_check action=maybe_recompile pc=0x000002ca917f2f04 method=com.jidesoft.grid.JideTable.prepareRenderer(Ljavax/swing/table/TableCellRenderer;II)Ljava/awt/Component; @ 148 c2
Event: 426.731 Thread 0x000002caa7ffb800 Uncommon trap: reason=bimorphic_or_optimized_type_check action=maybe_recompile pc=0x000002ca917f2f04 method=com.jidesoft.grid.JideTable.prepareRenderer(Ljavax/swing/table/TableCellRenderer;II)Ljava/awt/Component; @ 148 c2
Event: 426.772 Thread 0x000002caa7ffb800 Uncommon trap: reason=bimorphic_or_optimized_type_check action=maybe_recompile pc=0x000002ca917f2f04 method=com.jidesoft.grid.JideTable.prepareRenderer(Ljavax/swing/table/TableCellRenderer;II)Ljava/awt/Component; @ 148 c2
Event: 446.951 Thread 0x000002caa7ffb800 Uncommon trap: reason=unstable_if action=reinterpret pc=0x000002ca916c49f4 method=javax.swing.AbstractButton.setEnabled(Z)V @ 13 c2
Event: 446.951 Thread 0x000002caa7ffb800 Uncommon trap: reason=unstable_if action=reinterpret pc=0x000002ca914adf3c method=java.awt.Component.disable()V @ 27 c2
Event: 447.166 Thread 0x000002caa7ffb800 Uncommon trap: reason=unstable_if action=reinterpret pc=0x000002ca90ff0680 method=com.sun.org.apache.xerces.internal.dom.NodeImpl.isOwned(Z)V @ 2 c2
Event: 447.167 Thread 0x000002caa7ffb800 Uncommon trap: reason=bimorphic_or_optimized_type_check action=maybe_recompile pc=0x000002ca92310c58 method=java.util.regex.Matcher.match(II)Z @ 121 c2
Event: 447.167 Thread 0x000002caa7ffb800 Uncommon trap: reason=unstable_if action=reinterpret pc=0x000002ca9211c778 method=java.util.regex.Pattern$BmpCharPropertyGreedy.match(Ljava/util/regex/Matcher;ILjava/lang/CharSequence;)Z @ 12 c2
Event: 447.198 Thread 0x000002caa7ffb800 Uncommon trap: reason=bimorphic_or_optimized_type_check action=maybe_recompile pc=0x000002ca92310c58 method=java.util.regex.Matcher.match(II)Z @ 121 c2
Event: 447.206 Thread 0x000002caa7ffb800 Uncommon trap: reason=unstable_if action=reinterpret pc=0x000002ca91a53110 method=javax.swing.JComponent.deregisterNextFocusableComponent()V @ 6 c2

Classes redefined (0 events):
No events

Internal exceptions (10 events):
Event: 422.996 Thread 0x000002caa7ffb800 Exception <a 'java/lang/NoSuchMethodError'{0x000000070cb6b3a8}: java.lang.invoke.DirectMethodHandle$Holder.invokeSpecial(Ljava/lang/Object;Ljava/lang/Object;IILjava/lang/Object;Ljava/lang/Object;Ljava/lang/Object;Ljava/lang/Object;Ljava/lang/Object;Ljava/
Event: 422.996 Thread 0x000002caa7ffb800 Exception <a 'java/lang/NoSuchMethodError'{0x000000070cb6ff20}: java.lang.invoke.DelegatingMethodHandle$Holder.reinvoke_L(Ljava/lang/Object;IILjava/lang/Object;Ljava/lang/Object;Ljava/lang/Object;Ljava/lang/Object;Ljava/lang/Object;Ljava/lang/Object;Ljava
Event: 422.999 Thread 0x000002caa7ffb800 Exception <a 'java/lang/NoSuchMethodError'{0x000000070ca50288}: java.lang.invoke.DirectMethodHandle$Holder.invokeSpecial(Ljava/lang/Object;Ljava/lang/Object;Ljava/lang/Object;Ljava/lang/Object;Ljava/lang/Object;Ljava/lang/Object;Ljava/lang/Object;Ljava/la
Event: 423.323 Thread 0x000002caa7ffb800 Implicit null exception at 0x000002ca91fbdd70 to 0x000002ca91fbddca
Event: 423.525 Thread 0x000002caa7ffb800 Implicit null exception at 0x000002ca91bab2d0 to 0x000002ca91bab359
Event: 425.816 Thread 0x000002caa7ffb800 Exception <a 'java/lang/NoSuchMethodError'{0x000000070cb79030}: java.lang.invoke.DirectMethodHandle$Holder.invokeSpecial(Ljava/lang/Object;Ljava/lang/Object;IILjava/lang/Object;Ljava/lang/Object;Ljava/lang/Object;I)Ljava/lang/Object;> (0x000000070cb79030)
Event: 425.816 Thread 0x000002caa7ffb800 Exception <a 'java/lang/NoSuchMethodError'{0x000000070cb7c8e0}: java.lang.invoke.DelegatingMethodHandle$Holder.reinvoke_L(Ljava/lang/Object;IILjava/lang/Object;Ljava/lang/Object;Ljava/lang/Object;I)Ljava/lang/Object;> (0x000000070cb7c8e0) thrown at [t:/wo
Event: 425.818 Thread 0x000002caa7ffb800 Exception <a 'java/lang/NoSuchMethodError'{0x000000070cbcb318}: java.lang.invoke.DirectMethodHandle$Holder.invokeStatic(Ljava/lang/Object;Ljava/lang/Object;Ljava/lang/Object;Ljava/lang/Object;Ljava/lang/Object;Ljava/lang/Object;Ljava/lang/Object;Ljava/lan
Event: 425.819 Thread 0x000002caa7ffb800 Exception <a 'java/lang/NoSuchMethodError'{0x000000070cbebd78}: method resolution failed> (0x000000070cbebd78) thrown at [t:/workspace/hotspot/src/share/vm/prims/methodHandles.cpp, line 1256]
Event: 425.819 Thread 0x000002caa7ffb800 Exception <a 'java/lang/NoSuchMethodError'{0x000000070cbf9b18}: java.lang.invoke.DirectMethodHandle$Holder.invokeSpecial(Ljava/lang/Object;Ljava/lang/Object;Ljava/lang/Object;Ljava/lang/Object;Ljava/lang/Object;I)Ljava/lang/Object;> (0x000000070cbf9b18) t

Events (10 events):
Event: 447.618 Executing VM operation: G1IncCollectionPause done
Event: 447.705 Thread 0x000002caa460d800 Thread added: 0x000002caa460d800
Event: 447.705 Thread 0x000002caa4615800 Thread added: 0x000002caa4615800
Event: 447.705 Thread 0x000002caa4616000 Thread added: 0x000002caa4616000
Event: 447.710 Thread 0x000002caa4615800 DEOPT PACKING pc=0x000002ca8a651bbf sp=0x000000e5a25ff210
Event: 447.710 Thread 0x000002caa4615800 DEOPT UNPACKING pc=0x000002ca8946dd3f sp=0x000000e5a25fe6b0 mode 0
Event: 447.713 Thread 0x000002caa460d800 Thread exited: 0x000002caa460d800
Event: 447.713 Thread 0x000002caa4615800 Thread exited: 0x000002caa4615800
Event: 447.714 Executing VM operation: RevokeBias
Event: 447.714 Executing VM operation: RevokeBias done


Dynamic libraries:
0x00007ff714a80000 - 0x00007ff714ab0000 	C:\Xilinx\Vivado\2018.3\bin\unwrapped\win64.o\vivado.exe
0x00007ff989220000 - 0x00007ff989401000 	C:\WINDOWS\SYSTEM32\ntdll.dll
0x00007ff9885b0000 - 0x00007ff988662000 	C:\WINDOWS\System32\KERNEL32.DLL
0x00007ff985d20000 - 0x00007ff985f93000 	C:\WINDOWS\System32\KERNELBASE.dll
0x00007ff985830000 - 0x00007ff98592a000 	C:\WINDOWS\System32\ucrtbase.dll
0x00007ff9567b0000 - 0x00007ff956857000 	C:\WINDOWS\SYSTEM32\MSVCP140.dll
0x00007ff97c7d0000 - 0x00007ff97c7e6000 	C:\WINDOWS\SYSTEM32\VCRUNTIME140.dll
0x00007ff97c810000 - 0x00007ff97c824000 	C:\Xilinx\Vivado\2018.3\lib\win64.o\librdi_commonmain.dll
0x00007ff96f200000 - 0x00007ff96f214000 	C:\Xilinx\Vivado\2018.3\lib\win64.o\libboost_signals.dll
0x00007ff96d9a0000 - 0x00007ff96d9c6000 	C:\Xilinx\Vivado\2018.3\lib\win64.o\libboost_filesystem.dll
0x00007ff986b40000 - 0x00007ff986be1000 	C:\WINDOWS\System32\ADVAPI32.dll
0x00007ff9890e0000 - 0x00007ff98917e000 	C:\WINDOWS\System32\msvcrt.dll
0x00007ff989080000 - 0x00007ff9890db000 	C:\WINDOWS\System32\sechost.dll
0x00007ff988480000 - 0x00007ff9885a4000 	C:\WINDOWS\System32\RPCRT4.dll
0x00007ff97fd20000 - 0x00007ff97fd2a000 	C:\Xilinx\Vivado\2018.3\lib\win64.o\librdi_commonversion.dll
0x00007ff944870000 - 0x00007ff945704000 	C:\Xilinx\Vivado\2018.3\lib\win64.o\librdi_common.dll
0x00007ff9867c0000 - 0x00007ff986950000 	C:\WINDOWS\System32\USER32.dll
0x00007ff985930000 - 0x00007ff985950000 	C:\WINDOWS\System32\win32u.dll
0x00007ff986de0000 - 0x00007ff986e08000 	C:\WINDOWS\System32\GDI32.dll
0x00007ff985690000 - 0x00007ff985822000 	C:\WINDOWS\System32\gdi32full.dll
0x00007ff9855f0000 - 0x00007ff98568f000 	C:\WINDOWS\System32\msvcp_win.dll
0x00007ff986e20000 - 0x00007ff988260000 	C:\WINDOWS\System32\SHELL32.dll
0x00007ff985a30000 - 0x00007ff985a79000 	C:\WINDOWS\System32\cfgmgr32.dll
0x00007ff986c00000 - 0x00007ff986ca9000 	C:\WINDOWS\System32\shcore.dll
0x00007ff988b50000 - 0x00007ff988e72000 	C:\WINDOWS\System32\combase.dll
0x00007ff9859b0000 - 0x00007ff985a2a000 	C:\WINDOWS\System32\bcryptPrimitives.dll
0x00007ff985fa0000 - 0x00007ff9866ad000 	C:\WINDOWS\System32\windows.storage.dll
0x00007ff989020000 - 0x00007ff989071000 	C:\WINDOWS\System32\shlwapi.dll
0x00007ff9855d0000 - 0x00007ff9855e1000 	C:\WINDOWS\System32\kernel.appcore.dll
0x00007ff9855a0000 - 0x00007ff9855bf000 	C:\WINDOWS\System32\profapi.dll
0x00007ff985550000 - 0x00007ff98559c000 	C:\WINDOWS\System32\powrprof.dll
0x00007ff9855c0000 - 0x00007ff9855ca000 	C:\WINDOWS\System32\FLTLIB.DLL
0x00007ff96d3a0000 - 0x00007ff96d4c1000 	C:\Xilinx\Vivado\2018.3\lib\win64.o\librdi_commonxillic.dll
0x00007ff97fcd0000 - 0x00007ff97fcdb000 	C:\Xilinx\Vivado\2018.3\lib\win64.o\libboost_system.dll
0x000000005be70000 - 0x000000005bf9b000 	C:\Xilinx\Vivado\2018.3\lib\win64.o\tcl85t.dll
0x00007ff989180000 - 0x00007ff9891ec000 	C:\WINDOWS\System32\WS2_32.dll
0x00007ff96d790000 - 0x00007ff96d7a4000 	C:\Xilinx\Vivado\2018.3\lib\win64.o\libboost_date_time.dll
0x00007ff9480e0000 - 0x00007ff94844e000 	C:\Xilinx\Vivado\2018.3\lib\win64.o\libCOIN-all.dll
0x00007ff9445b0000 - 0x00007ff944865000 	C:\Xilinx\Vivado\2018.3\lib\win64.o\libXil_lmgr11.dll
0x00007ff9866d0000 - 0x00007ff9867bd000 	C:\WINDOWS\System32\COMDLG32.dll
0x00007ff986d10000 - 0x00007ff986dd3000 	C:\WINDOWS\System32\OLEAUT32.dll
0x00007ff9869d0000 - 0x00007ff986b21000 	C:\WINDOWS\System32\ole32.dll
0x00007ff985950000 - 0x00007ff9859a7000 	C:\WINDOWS\System32\WINTRUST.dll
0x00007ff985530000 - 0x00007ff985542000 	C:\WINDOWS\System32\MSASN1.dll
0x00007ff985b30000 - 0x00007ff985d12000 	C:\WINDOWS\System32\CRYPT32.dll
0x00007ff969b20000 - 0x00007ff969b9f000 	C:\Xilinx\Vivado\2018.3\lib\win64.o\libboost_program_options.dll
0x00007ff96d640000 - 0x00007ff96d661000 	C:\Xilinx\Vivado\2018.3\lib\win64.o\libboost_thread.dll
0x00007ff9562f0000 - 0x00007ff956404000 	C:\Xilinx\Vivado\2018.3\lib\win64.o\libboost_regex.dll
0x00007ff973fd0000 - 0x00007ff973fdf000 	C:\Xilinx\Vivado\2018.3\lib\win64.o\libboost_xilinx.dll
0x00007ff95c9f0000 - 0x00007ff95ca72000 	C:\Xilinx\Vivado\2018.3\lib\win64.o\libhdlpsolve.dll
0x00007ff955ef0000 - 0x00007ff955f95000 	C:\Xilinx\Vivado\2018.3\lib\win64.o\libhdxml.dll
0x00007ff96d2a0000 - 0x00007ff96d2ce000 	C:\Xilinx\Vivado\2018.3\lib\win64.o\libisl_sysinfo.dll
0x00007ff967280000 - 0x00007ff9672e5000 	C:\Xilinx\Vivado\2018.3\lib\win64.o\liblmx6.0.dll
0x00007ff96d380000 - 0x00007ff96d39a000 	C:\Xilinx\Vivado\2018.3\lib\win64.o\pthreadVC2.dll
0x00007ff96d280000 - 0x00007ff96d29c000 	C:\Xilinx\Vivado\2018.3\lib\win64.o\librdiconfig.dll
0x00007ff96d200000 - 0x00007ff96d221000 	C:\Xilinx\Vivado\2018.3\lib\win64.o\librdizlib.dll
0x00007ff96db80000 - 0x00007ff96db97000 	C:\WINDOWS\SYSTEM32\NETAPI32.dll
0x00007ff96b470000 - 0x00007ff96b92d000 	C:\WINDOWS\SYSTEM32\WININET.dll
0x00007ff97ff30000 - 0x00007ff98000d000 	C:\WINDOWS\SYSTEM32\WINHTTP.dll
0x00007ff97b330000 - 0x00007ff97b4f9000 	C:\WINDOWS\SYSTEM32\urlmon.dll
0x00007ff943710000 - 0x00007ff9445a1000 	C:\Xilinx\Vivado\2018.3\lib\win64.o\gurobi65.dll
0x00007ff973ef0000 - 0x00007ff973ef9000 	C:\WINDOWS\SYSTEM32\WSOCK32.dll
0x00007ff96c630000 - 0x00007ff96c65e000 	C:\WINDOWS\SYSTEM32\VCOMP140.DLL
0x00007ff977500000 - 0x00007ff9775a7000 	C:\WINDOWS\WinSxS\amd64_microsoft.windows.common-controls_6595b64144ccf1df_5.82.17134.590_none_f957b8d13090c3f9\COMCTL32.dll
0x00007ff97c040000 - 0x00007ff97c05a000 	C:\WINDOWS\SYSTEM32\dhcpcsvc.DLL
0x00007ff986b30000 - 0x00007ff986b38000 	C:\WINDOWS\System32\NSI.dll
0x0000000012000000 - 0x0000000012272000 	C:\Xilinx\Vivado\2018.3\lib\win64.o\xerces-c_3_1.dll
0x00007ff96dfc0000 - 0x00007ff96e265000 	C:\WINDOWS\SYSTEM32\iertutil.dll
0x00007ff984f80000 - 0x00007ff984f8b000 	C:\WINDOWS\SYSTEM32\CRYPTBASE.DLL
0x00007ff973070000 - 0x00007ff97307d000 	C:\Xilinx\Vivado\2018.3\lib\win64.o\libboost_chrono.dll
0x00007ff92c490000 - 0x00007ff92ccde600 	C:\Xilinx\Vivado\2018.3\lib\win64.o\libisl_iostreams.dll
0x00007ff984c30000 - 0x00007ff984c3e000 	C:\WINDOWS\SYSTEM32\NETUTILS.DLL
0x00007ff96c610000 - 0x00007ff96c62b000 	C:\Xilinx\Vivado\2018.3\lib\win64.o\libboost_iostreams.dll
0x00007ff969c00000 - 0x00007ff969c25000 	C:\Xilinx\Vivado\2018.3\lib\win64.o\libisl_iosutils.dll
0x00007ff988670000 - 0x00007ff98869d000 	C:\WINDOWS\System32\IMM32.DLL
0x00007ff93f840000 - 0x00007ff93fd35000 	C:\Xilinx\Vivado\2018.3\lib\win64.o\librdi_commontasks.dll
0x00007ff97c000000 - 0x00007ff97c00a000 	C:\WINDOWS\SYSTEM32\VERSION.dll
0x000000005b440000 - 0x000000005be65000 	C:\Xilinx\Vivado\2018.3\tps\win64\jre9.0.4\bin\server\jvm.dll
0x00007ff986bf0000 - 0x00007ff986bf8000 	C:\WINDOWS\System32\PSAPI.DLL
0x00007ff97d1d0000 - 0x00007ff97d1f3000 	C:\WINDOWS\SYSTEM32\WINMM.dll
0x00007ff97d1a0000 - 0x00007ff97d1ca000 	C:\WINDOWS\SYSTEM32\WINMMBASE.dll
0x00007ff955710000 - 0x00007ff9557ff000 	C:\WINDOWS\SYSTEM32\MSVCR120.dll
0x00007ff93f010000 - 0x00007ff93f28f000 	C:\Xilinx\Vivado\2018.3\lib\win64.o\librdi_sio.dll
0x00007ff984b30000 - 0x00007ff984b68000 	C:\WINDOWS\SYSTEM32\IPHLPAPI.DLL
0x00007ff984db0000 - 0x00007ff984e16000 	C:\WINDOWS\SYSTEM32\MSWSOCK.DLL
0x00007ff912600000 - 0x00007ff9149c2000 	C:\Xilinx\Vivado\2018.3\lib\win64.o\librdi_tcltasks.dll
0x00007ff966ea0000 - 0x00007ff966f0a000 	C:\Xilinx\Vivado\2018.3\lib\win64.o\librdi_boarddep.dll
0x00007ff93ec30000 - 0x00007ff93f00c000 	C:\Xilinx\Vivado\2018.3\lib\win64.o\librdi_bitstream.dll
0x00007ff94bf40000 - 0x00007ff94c01c000 	C:\Xilinx\Vivado\2018.3\lib\win64.o\librdi_chipscope.dll
0x00007ff949770000 - 0x00007ff9498ee000 	C:\Xilinx\Vivado\2018.3\lib\win64.o\librdi_board.dll
0x00007ff947f20000 - 0x00007ff9480d9000 	C:\Xilinx\Vivado\2018.3\lib\win64.o\librdi_chipscopeimpl.dll
0x00007ff94b150000 - 0x00007ff94b298000 	C:\Xilinx\Vivado\2018.3\lib\win64.o\librdi_containers.dll
0x00007ff910cf0000 - 0x00007ff9125f5000 	C:\Xilinx\Vivado\2018.3\lib\win64.o\librdi_constraints.dll
0x00007ff90eed0000 - 0x00007ff910cef000 	C:\Xilinx\Vivado\2018.3\lib\win64.o\librdi_coregen.dll
0x00007ff93cc70000 - 0x00007ff93d34a000 	C:\Xilinx\Vivado\2018.3\lib\win64.o\librdi_coregenipxact.dll
0x00007ff90b0d0000 - 0x00007ff90eecb000 	C:\Xilinx\Vivado\2018.3\lib\win64.o\librdi_designutils.dll
0x00007ff8fa370000 - 0x00007ff90b0c2000 	C:\Xilinx\Vivado\2018.3\lib\win64.o\librdi_device.dll
0x00007ff93e3d0000 - 0x00007ff93e6eb000 	C:\Xilinx\Vivado\2018.3\lib\win64.o\librdi_dlyest.dll
0x00007ff92bf30000 - 0x00007ff92c490000 	C:\Xilinx\Vivado\2018.3\lib\win64.o\librdi_drc.dll
0x00007ff955e20000 - 0x00007ff955ee2000 	C:\Xilinx\Vivado\2018.3\lib\win64.o\librdi_dsp.dll
0x00007ff9651d0000 - 0x00007ff96522d000 	C:\Xilinx\Vivado\2018.3\lib\win64.o\librdi_hdf.dll
0x00007ff92bc50000 - 0x00007ff92bf2a000 	C:\Xilinx\Vivado\2018.3\lib\win64.o\librdi_guitools.dll
0x00007ff92b610000 - 0x00007ff92bc4f000 	C:\Xilinx\Vivado\2018.3\lib\win64.o\librdi_filemgmt.dll
0x00007ff961e80000 - 0x00007ff961ef1000 	C:\Xilinx\Vivado\2018.3\lib\win64.o\librdi_memoryarray.dll
0x00007ff8f8fd0000 - 0x00007ff8fa361000 	C:\Xilinx\Vivado\2018.3\lib\win64.o\librdi_implflow.dll
0x00007ff92aff0000 - 0x00007ff92b605000 	C:\Xilinx\Vivado\2018.3\lib\win64.o\librdi_memdata.dll
0x00007ff966a10000 - 0x00007ff966a60000 	C:\Xilinx\Vivado\2018.3\lib\win64.o\librdi_pfi.dll
0x00007ff8f5620000 - 0x00007ff8f8fcc000 	C:\Xilinx\Vivado\2018.3\lib\win64.o\librdi_mig.dll
0x00007ff928c50000 - 0x00007ff92928b000 	C:\Xilinx\Vivado\2018.3\lib\win64.o\librdi_netlist.dll
0x00007ff928940000 - 0x00007ff928c47000 	C:\Xilinx\Vivado\2018.3\lib\win64.o\librdi_platform.dll
0x00007ff8f3100000 - 0x00007ff8f5614000 	C:\Xilinx\Vivado\2018.3\lib\win64.o\librdi_place.dll
0x00007ff8f2a00000 - 0x00007ff8f30f5000 	C:\Xilinx\Vivado\2018.3\lib\win64.o\librdi_power.dll
0x00007ff8f24a0000 - 0x00007ff8f29f6000 	C:\Xilinx\Vivado\2018.3\lib\win64.o\librdi_project.dll
0x00007ff8f1da0000 - 0x00007ff8f2493000 	C:\Xilinx\Vivado\2018.3\lib\win64.o\librdi_psta.dll
0x00007ff8f19c0000 - 0x00007ff8f1d97000 	C:\Xilinx\Vivado\2018.3\lib\win64.o\librdi_runs.dll
0x00007ff8f12e0000 - 0x00007ff8f19b9000 	C:\Xilinx\Vivado\2018.3\lib\win64.o\librdi_rsb.dll
0x00007ff94ae90000 - 0x00007ff94af68000 	C:\Xilinx\Vivado\2018.3\lib\win64.o\librdi_runsbase.dll
0x00007ff8f10b0000 - 0x00007ff8f12d8000 	C:\Xilinx\Vivado\2018.3\lib\win64.o\librdi_simdata.dll
0x00007ff94a9d0000 - 0x00007ff94ab24000 	C:\Xilinx\Vivado\2018.3\lib\win64.o\librdi_advchipscopeimpl.dll
0x00007ff95c9a0000 - 0x00007ff95c9ec000 	C:\Xilinx\Vivado\2018.3\lib\win64.o\libboost_serialization.dll
0x00007ff94e090000 - 0x00007ff94e148000 	C:\Xilinx\Vivado\2018.3\lib\win64.o\librdi_hip_devdesign.dll
0x00007ff8f0320000 - 0x00007ff8f10ad000 	C:\Xilinx\Vivado\2018.3\lib\win64.o\librdi_timing.dll
0x00007ff9671a0000 - 0x00007ff9671d8000 	C:\Xilinx\Vivado\2018.3\lib\win64.o\librdi_noc_frameworks.dll
0x00007ff9523c0000 - 0x00007ff95246b000 	C:\Xilinx\Vivado\2018.3\lib\win64.o\librdi_ipconfig_readwrite.dll
0x00007ff8eff60000 - 0x00007ff8f0315000 	C:\Xilinx\Vivado\2018.3\lib\win64.o\librdi_hip_config.dll
0x00007ff8ef410000 - 0x00007ff8eff57000 	C:\Xilinx\Vivado\2018.3\lib\win64.o\libverific.dll
0x00007ff8eeec0000 - 0x00007ff8ef40e000 	C:\Xilinx\Vivado\2018.3\lib\win64.o\librdi_xdm.dll
0x00007ff95bc90000 - 0x00007ff95bcd9000 	C:\Xilinx\Vivado\2018.3\lib\win64.o\librdi_wavedata_SimpleApi.dll

VM Arguments:
jvm_args: -Dsun.java2d.pmoffscreen=false -Dsun.java2d.xrender=false -Dsun.java2d.d3d=false -Dsun.awt.nopixfmt=true -Dsun.java2d.dpiaware=true -Dsun.java2d.uiScale.enabled=false -Xverify:none -Dswing.aatext=true -XX:-UsePerfData -Djdk.map.althashing.threshold=512 -XX:StringTableSize=4072 --add-opens=java.base/java.nio=ALL-UNNAMED --add-opens=java.desktop/sun.swing=ALL-UNNAMED --add-opens=java.desktop/javax.swing=ALL-UNNAMED --add-opens=java.desktop/javax.swing.tree=ALL-UNNAMED --add-opens=java.desktop/javax.swing.plaf.basic=ALL-UNNAMED --add-opens=java.desktop/javax.swing.plaf.synth=ALL-UNNAMED --add-opens=java.desktop/com.sun.awt=ALL-UNNAMED -XX:NewSize=60m -XX:MaxNewSize=60m -Xms128m -Xmx3072m -Xss5m 
java_command: <unknown>
java_class_path (initial): C:/Xilinx/Vivado/2018.3\lib\classes\alloy.jar;C:/Xilinx/Vivado/2018.3\lib\classes\autopilot.scelaborator.jar;C:/Xilinx/Vivado/2018.3\lib\classes\autopilot.sourceprocessor.jar;C:/Xilinx/Vivado/2018.3\lib\classes\autopilot.tbprocessor.jar;C:/Xilinx/Vivado/2018.3\lib\classes\batik-anim.jar;C:/Xilinx/Vivado/2018.3\lib\classes\batik-awt-util.jar;C:/Xilinx/Vivado/2018.3\lib\classes\batik-bridge.jar;C:/Xilinx/Vivado/2018.3\lib\classes\batik-codec.jar;C:/Xilinx/Vivado/2018.3\lib\classes\batik-css.jar;C:/Xilinx/Vivado/2018.3\lib\classes\batik-dom.jar;C:/Xilinx/Vivado/2018.3\lib\classes\batik-ext.jar;C:/Xilinx/Vivado/2018.3\lib\classes\batik-gui-util.jar;C:/Xilinx/Vivado/2018.3\lib\classes\batik-gvt.jar;C:/Xilinx/Vivado/2018.3\lib\classes\batik-parser.jar;C:/Xilinx/Vivado/2018.3\lib\classes\batik-script.jar;C:/Xilinx/Vivado/2018.3\lib\classes\batik-svg-dom.jar;C:/Xilinx/Vivado/2018.3\lib\classes\batik-swing.jar;C:/Xilinx/Vivado/2018.3\lib\classes\batik-transcoder.jar;C:/Xilinx/Vivado/2018.3\lib\classes\batik-util.jar;C:/Xilinx/Vivado/2018.3\lib\classes\batik-xml.jar;C:/Xilinx/Vivado/2018.3\lib\classes\com.ibm.icu_4.4.2.v20110208.jar;C:/Xilinx/Vivado/2018.3\lib\classes\commons-collections4-4.1.jar;C:/Xilinx/Vivado/2018.3\lib\classes\commons-math-2.2.jar;C:/Xilinx/Vivado/2018.3\lib\classes\dom4j-1.6.1.jar;C:/Xilinx/Vivado/2018.3\lib\classes\guava-18.0.jar;C:/Xilinx/Vivado/2018.3\lib\classes\help.jar;C:/Xilinx/Vivado/2018.3\lib\classes\hsqldb.jar;C:/Xilinx/Vivado/2018.3\lib\classes\jargs.jar;C:/Xilinx/Vivado/2018.3\lib\classes\jaxb-api-2.3.0.jar;C:/Xilinx/Vivado/2018.3\lib\classes\jh.jar;C:/Xilinx/Vivado/2018.3\lib\classes\jide-action.jar;C:/Xilinx/Vivado/2018.3\lib\classes\jide-charts.jar;C:/Xilinx/Vivado/2018.3\lib\classes\jide-common.jar;C:/Xilinx/Vivado/2018.3\lib\classes\jide-components.jar;C:/Xilinx/Vivado/2018.3\lib\classes\jide-dashboard.jar;C:/Xilinx/Vivado/2018.3\lib\classes\jide-data.jar;C:/Xilinx/Vivado/2018.3\lib\classes\jide-dialogs.jar
Launcher Type: generic

Logging:
Log output configuration:
#0: stdout all=warning uptime,level,tags
#1: stderr all=off uptime,level,tags

Environment Variables:
PATH=C:/Xilinx/Vivado/2018.3/bin;C:/Xilinx/Vivado/2018.3/lib/win64.o;C:/Xilinx/Vivado/2018.3/tps/win64/jre9.0.4/bin/server;C:/Xilinx/Vivado/2018.3/tps/win64/jre9.0.4/bin;C:/Xilinx/SDK/2018.3/bin;C:/Xilinx/Vivado/2018.3/ids_lite/ISE/bin/nt64;C:/Xilinx/Vivado/2018.3/ids_lite/ISE/lib/nt64;C:\PROGRA~1\IMAGIN~1\Toolchains\mips-img-linux-gnu\2017.10-05\bin;C:\PROGRA~1\IMAGIN~1\Toolchains\mips-mti-linux-gnu\2017.10-05\bin;C:\PROGRA~1\IMAGIN~1\Toolchains\mips-img-elf\2017.10-05\bin;C:\PROGRA~1\IMAGIN~1\Toolchains\mips-mti-elf\2017.10-05\bin;C:\Program Files (x86)\Intel\Intel(R) Management Engine Components\iCLS\;C:\Program Files\Intel\Intel(R) Management Engine Components\iCLS\;C:\Windows\system32;C:\Windows;C:\Windows\System32\Wbem;C:\Windows\System32\WindowsPowerShell\v1.0\;C:\Program Files (x86)\NVIDIA Corporation\PhysX\Common;C:\Program Files (x86)\Intel\Intel(R) Management Engine Components\DAL;C:\Program Files\Intel\Intel(R) Management Engine Components\DAL;C:\Program Files\Git\cmd;C:\PROGRA~1\IMAGIN~1\Internals\msys\bin;C:\Program Files\PuTTY\;%SystemRoot%\system32;%SystemRoot%;%SystemRoot%\System32\Wbem;%SYSTEMROOT%\System32\WindowsPowerShell\v1.0\;%SYSTEMROOT%\System32\OpenSSH\;C:\Users\nickb\AppData\Local\Microsoft\WindowsApps;;C:\Modeltech_pe_edu_10.4a\win32pe_edu;C:/Xilinx/Vivado/2018.3\tps\mingw\6.2.0\win64.o\nt\bin;C:/Xilinx/Vivado/2018.3\tps\mingw\6.2.0\win64.o\nt\libexec\gcc\x86_64-w64-mingw32\6.2.0
USERNAME=nickb
OS=Windows_NT
PROCESSOR_IDENTIFIER=Intel64 Family 6 Model 158 Stepping 10, GenuineIntel



---------------  S Y S T E M  ---------------

OS: Windows 10 , 64 bit Build 17134 (10.0.17134.556)

CPU:total 12 (initial active 12) (6 cores per cpu, 2 threads per core) family 6 model 158 stepping 10, cmov, cx8, fxsr, mmx, sse, sse2, sse3, ssse3, sse4.1, sse4.2, popcnt, avx, avx2, aes, clmul, erms, 3dnowpref, lzcnt, ht, tsc, tscinvbit, bmi1, bmi2, adx, fma

Memory: 4k page, physical 16508976k(8048324k free), swap 18999344k(7166488k free)

vm_info: Java HotSpot(TM) 64-Bit Server VM (9.0.4+11) for windows-amd64 JRE (9.0.4+11), built on Dec 20 2017 02:18:54 by "mach5one" with MS VC++ 12.0 (VS2013)

END.
