#
# A fatal error has been detected by the Java Runtime Environment:
#
#  EXCEPTION_ACCESS_VIOLATION (0xc0000005) at pc=0x00007ffb383e1846, pid=4916, tid=9008
#
# JRE version: Java(TM) SE Runtime Environment (9.0+11) (build 9.0.4+11)
# Java VM: Java HotSpot(TM) 64-Bit Server VM (9.0.4+11, mixed mode, tiered, compressed oops, g1 gc, windows-amd64)
# Problematic frame:
# C  [librdi_filemgmt.dll+0x241846]
#
# No core dump will be written. Minidumps are not enabled by default on client versions of Windows
#
# If you would like to submit a bug report, please visit:
#   http://bugreport.java.com/bugreport/crash.jsp
# The crash happened outside the Java Virtual Machine in native code.
# See problematic frame for where to report the bug.
#

---------------  S U M M A R Y ------------

Command Line: -Dsun.java2d.pmoffscreen=false -Dsun.java2d.xrender=false -Dsun.java2d.d3d=false -Dsun.awt.nopixfmt=true -Dsun.java2d.dpiaware=true -Dsun.java2d.uiScale.enabled=false -Xverify:none -Dswing.aatext=true -XX:-UsePerfData -Djdk.map.althashing.threshold=512 -XX:StringTableSize=4072 --add-opens=java.base/java.nio=ALL-UNNAMED --add-opens=java.desktop/sun.swing=ALL-UNNAMED --add-opens=java.desktop/javax.swing=ALL-UNNAMED --add-opens=java.desktop/javax.swing.tree=ALL-UNNAMED --add-opens=java.desktop/javax.swing.plaf.basic=ALL-UNNAMED --add-opens=java.desktop/javax.swing.plaf.synth=ALL-UNNAMED --add-opens=java.desktop/com.sun.awt=ALL-UNNAMED -XX:NewSize=60m -XX:MaxNewSize=60m -Xms128m -Xmx3072m -Xss5m 

Host: Intel(R) Core(TM) i7-8750H CPU @ 2.20GHz, 12 cores, 15G,  Windows 10 , 64 bit Build 17134 (10.0.17134.648)
Time: Fri Mar 29 15:47:32 2019 GMT Standard Time elapsed time: 5351 seconds (0d 1h 29m 11s)

---------------  T H R E A D  ---------------

Current thread (0x0000022836191000):  JavaThread "AWT-EventQueue-1" [_thread_in_native, id=9008, stack(0x000000b6bad00000,0x000000b6bb200000)]

Stack: [0x000000b6bad00000,0x000000b6bb200000],  sp=0x000000b6bb1fd050,  free space=5108k
Native frames: (J=compiled Java code, j=interpreted, Vv=VM code, C=native code)
C  [librdi_filemgmt.dll+0x241846]
C  [librdi_filemgmt.dll+0x23ff12]
C  [librdi_filemgmt.dll+0x2553c8]
C  0x000002281809921c

Java frames: (J=compiled Java code, j=interpreted, Vv=VM code)
j  ui.data.srcscan.srcscani.EditorAssist_createFoldInfoIter(JLjava/lang/String;)J+0
j  ui.data.k.a.a.sj(Ljava/lang/String;)J+5
j  ui.data.k.a.a.sg(Ljava/lang/String;)V+13
j  ui.views.V.a.ab.b(Lui/data/k/a/a;Ljava/lang/String;)V+109
j  ui.views.V.a.ab.gEu()V+48
j  ui.views.V.a.as.finished()V+20
j  ui.frmwork.x.run()V+11
J 13308 c2 java.awt.EventQueue$3.run()Ljava/lang/Object; java.desktop@9.0.4 (5 bytes) @ 0x000002282066be04 [0x000002282066bd00+0x0000000000000104]
v  ~StubRoutines::call_stub
J 2901  java.security.AccessController.doPrivileged(Ljava/security/PrivilegedAction;Ljava/security/AccessControlContext;)Ljava/lang/Object; java.base@9.0.4 (0 bytes) @ 0x000002281fceab46 [0x000002281fceaae0+0x0000000000000066]
J 13911 c2 ui.frmwork.b.d.dispatchEvent(Ljava/awt/AWTEvent;)V (34 bytes) @ 0x00000228206f2a0c [0x00000228206f24a0+0x000000000000056c]
J 20137 c2 java.awt.EventDispatchThread.pumpOneEventForFilters(I)V java.desktop@9.0.4 (218 bytes) @ 0x0000022820a260fc [0x0000022820a25d80+0x000000000000037c]
J 20896% c2 java.awt.EventDispatchThread.pumpEventsForFilter(ILjava/awt/Conditional;Ljava/awt/EventFilter;)V java.desktop@9.0.4 (47 bytes) @ 0x0000022820e2bc58 [0x0000022820e2bb40+0x0000000000000118]
j  java.awt.EventDispatchThread.pumpEventsForHierarchy(ILjava/awt/Conditional;Ljava/awt/Component;)V+11 java.desktop@9.0.4
j  java.awt.EventDispatchThread.pumpEvents(ILjava/awt/Conditional;)V+4 java.desktop@9.0.4
j  java.awt.EventDispatchThread.pumpEvents(Ljava/awt/Conditional;)V+3 java.desktop@9.0.4
j  java.awt.EventDispatchThread.run()V+9 java.desktop@9.0.4
v  ~StubRoutines::call_stub

siginfo: EXCEPTION_ACCESS_VIOLATION (0xc0000005), reading address 0xffffffffffffffff


Register to memory mapping:

RIP=0x00007ffb383e1846 librdi_filemgmt.dll
RAX=0x000000000000000f is an unknown value
RBX=0x000002283de67478 is an unknown value
RCX=0x000000b6bb1fd098 is pointing into the stack for thread: 0x0000022836191000
RDX=0x9000d1289146f964 is an unknown value
RSP=0x000000b6bb1fd050 is pointing into the stack for thread: 0x0000022836191000
RBP=0x000000b6bb1fd1b0 is pointing into the stack for thread: 0x0000022836191000
RSI=0x0000000000000000 is an unknown value
RDI=0x00000228395326c0 is an unknown value
R8 =0x00000228063838c0 is an unknown value
R9 =0x0000000000008000 is an unknown value
R10=0x00000228493a07c0 is an unknown value
R11=0x000000b6bb1faf80 is pointing into the stack for thread: 0x0000022836191000
R12=0x0000022811039d70 is an unknown value
R13=0x0000000000000000 is an unknown value
R14=0x0000000000000000 is an unknown value
R15=0x000000b6bb1fd308 is pointing into the stack for thread: 0x0000022836191000


Registers:
RAX=0x000000000000000f, RBX=0x000002283de67478, RCX=0x000000b6bb1fd098, RDX=0x9000d1289146f964
RSP=0x000000b6bb1fd050, RBP=0x000000b6bb1fd1b0, RSI=0x0000000000000000, RDI=0x00000228395326c0
R8 =0x00000228063838c0, R9 =0x0000000000008000, R10=0x00000228493a07c0, R11=0x000000b6bb1faf80
R12=0x0000022811039d70, R13=0x0000000000000000, R14=0x0000000000000000, R15=0x000000b6bb1fd308
RIP=0x00007ffb383e1846, EFLAGS=0x0000000000010202

Top of Stack: (sp=0x000000b6bb1fd050)
0x000000b6bb1fd050:   000002283de67470 0000000000000000
0x000000b6bb1fd060:   000002283de67470 00007ffb381c6950
0x000000b6bb1fd070:   fffffffffffffffe 00007ffb03e33d00
0x000000b6bb1fd080:   0000000000000010 0000000000000000
0x000000b6bb1fd090:   000000000000000f 00007ffb03e33d00
0x000000b6bb1fd0a0:   0000000000000000 0000000000000000
0x000000b6bb1fd0b0:   000000000000000f 0000ac757ba0b765
0x000000b6bb1fd0c0:   0000000000000081 0000022811039d70
0x000000b6bb1fd0d0:   000000b6bb1fd1b0 00007ffb383dff12
0x000000b6bb1fd0e0:   00009db61385c9ae 0000000000000000
0x000000b6bb1fd0f0:   0000000000000081 00000228395326c0
0x000000b6bb1fd100:   0000000000000081 0000022836191218
0x000000b6bb1fd110:   0000022836191218 0000022836903f40
0x000000b6bb1fd120:   000000b6bb1fd2e8 00007ffb383f53c8
0x000000b6bb1fd130:   0000000000000081 0000000000000081
0x000000b6bb1fd140:   0000022836903f40 0000000000000004 

Instructions: (pc=0x00007ffb383e1846)
0x00007ffb383e1826:   66 66 0f 1f 84 00 00 00 00 00 48 8b 13 48 c7 44
0x00007ffb383e1836:   24 40 0f 00 00 00 4c 89 74 24 38 c6 44 24 28 00
0x00007ffb383e1846:   80 3a 00 75 05 4d 8b c6 eb 0e 49 83 c8 ff 49 ff
0x00007ffb383e1856:   c0 42 80 3c 02 00 75 f6 48 8d 4c 24 28 e8 d8 3a 



---------------  P R O C E S S  ---------------

Java Threads: ( => current thread )
  0x0000022849a15000 JavaThread "Code Inspector" [_thread_in_native, id=18168, stack(0x000000b6c3000000,0x000000b6c3500000)]
  0x000002283f17a000 JavaThread "Thread-6098" [_thread_in_native, id=8992, stack(0x000000b6bbc00000,0x000000b6bbd00000)]
  0x000002280ce82800 JavaThread "Thread-6079" [_thread_in_native, id=5360, stack(0x000000b6bed00000,0x000000b6bee00000)]
  0x00000228349d0800 JavaThread "Thread-6074" [_thread_in_native, id=11896, stack(0x000000b6c1800000,0x000000b6c1900000)]
  0x000002283f178000 JavaThread "Thread-6061" [_thread_in_native, id=9820, stack(0x000000b6c1800000,0x000000b6c1900000)]
  0x000002283f177000 JavaThread "Thread-5995" [_thread_in_native, id=22404, stack(0x000000b6c1800000,0x000000b6c1900000)]
  0x00000228349cd000 JavaThread "Monitor File Timestamp Swing Worker" [_thread_blocked, id=13764, stack(0x000000b6be700000,0x000000b6bec00000)]
  0x00000228349d1800 JavaThread "Timer-7" [_thread_blocked, id=12104, stack(0x000000b6be200000,0x000000b6be700000)]
  0x000002283f16c800 JavaThread "Image Animator 3" daemon [_thread_blocked, id=18884, stack(0x000000b6c1c00000,0x000000b6c2100000)]
  0x00000228349d0000 JavaThread "Thread-2955" [_thread_in_native, id=19280, stack(0x000000b6bed00000,0x000000b6bee00000)]
  0x000002283f179800 JavaThread "Thread-2950" [_thread_in_native, id=16452, stack(0x000000b6bf500000,0x000000b6bf600000)]
  0x000002283f176800 JavaThread "Thread-2939" [_thread_in_native, id=18480, stack(0x000000b6c1c00000,0x000000b6c1d00000)]
  0x000002283f175000 JavaThread "Thread-2850" [_thread_in_native, id=17352, stack(0x000000b6c2000000,0x000000b6c2100000)]
  0x000002283f178800 JavaThread "SyntheticaAnimation 50" daemon [_thread_blocked, id=15312, stack(0x000000b6c1100000,0x000000b6c1600000)]
  0x000002283f16d800 JavaThread "Monitor File Timestamp Swing Worker" [_thread_blocked, id=12328, stack(0x000000b6c0c00000,0x000000b6c1100000)]
  0x000002283f16e000 JavaThread "Timer-4" [_thread_blocked, id=9088, stack(0x000000b6c0700000,0x000000b6c0c00000)]
  0x000002283f174000 JavaThread "Monitor File Timestamp Swing Worker" [_thread_blocked, id=20584, stack(0x000000b6c0200000,0x000000b6c0700000)]
  0x000002283f173800 JavaThread "Timer-3" [_thread_blocked, id=6440, stack(0x000000b6bfd00000,0x000000b6c0200000)]
  0x000002283f16f000 JavaThread "Swing-Shell" daemon [_thread_blocked, id=5340, stack(0x000000b6bf800000,0x000000b6bfd00000)]
  0x000002283f172800 JavaThread "Monitor File Timestamp Swing Worker" [_thread_blocked, id=6960, stack(0x000000b6bce00000,0x000000b6bd300000)]
  0x000002283f170800 JavaThread "Timer-2" [_thread_blocked, id=3508, stack(0x000000b6b9e00000,0x000000b6ba300000)]
  0x000002283f16c000 JavaThread "Thread-210" [_thread_in_native, id=23400, stack(0x000000b6c0300000,0x000000b6c0400000)]
  0x000002283f16a800 JavaThread "SyntheticaAnimation 50" daemon [_thread_blocked, id=6456, stack(0x000000b6bee00000,0x000000b6bf300000)]
  0x00000228349cd800 JavaThread "Thread-24" [_thread_in_native, id=7468, stack(0x000000b6bed00000,0x000000b6bee00000)]
  0x000002280ce84800 JavaThread "Thread-23" [_thread_in_native, id=22972, stack(0x000000b6bec00000,0x000000b6bed00000)]
  0x00000228349cf000 JavaThread "hw_ila_monitor" [_thread_blocked, id=1652, stack(0x000000b6bdd00000,0x000000b6be200000)]
  0x00000228349cc000 JavaThread "Update Runs Swing Worker" [_thread_blocked, id=3596, stack(0x000000b6bd800000,0x000000b6bdd00000)]
  0x00000228349cb800 JavaThread "Refresh Filesets Swing Worker" [_thread_blocked, id=18904, stack(0x000000b6bb200000,0x000000b6bb700000)]
  0x000002280ce7f800 JavaThread "SyntheticaAnimation 70" daemon [_thread_blocked, id=2396, stack(0x000000b6bd300000,0x000000b6bd800000)]
  0x000002280ce84000 JavaThread "SyntheticaAnimation 25" daemon [_thread_blocked, id=1696, stack(0x000000b6bc900000,0x000000b6bce00000)]
  0x000002280ce81800 JavaThread "SyntheticaAnimation 50" daemon [_thread_blocked, id=4116, stack(0x000000b6bc400000,0x000000b6bc900000)]
  0x000002280ce81000 JavaThread "Monitor HEventQueue" [_thread_blocked, id=16340, stack(0x000000b6bbf00000,0x000000b6bc400000)]
  0x000002280ce83000 JavaThread "Batik CleanerThread" daemon [_thread_blocked, id=1268, stack(0x000000b6bb700000,0x000000b6bbc00000)]
  0x000002280ce85800 JavaThread "SyntheticaCleanerThread" daemon [_thread_blocked, id=15124, stack(0x000000b6ba300000,0x000000b6ba800000)]
=>0x0000022836191000 JavaThread "AWT-EventQueue-1" [_thread_in_native, id=9008, stack(0x000000b6bad00000,0x000000b6bb200000)]
  0x00000228317f4000 JavaThread "Process Messages" [_thread_blocked, id=19580, stack(0x000000b6ba800000,0x000000b6bad00000)]
  0x00000228324a8800 JavaThread "Thread-1" [_thread_in_native, id=10416, stack(0x000000b6b3100000,0x000000b6b4500000)]
  0x0000022831e1f000 JavaThread "TimerQueue" daemon [_thread_blocked, id=24060, stack(0x000000b6b9900000,0x000000b6b9e00000)]
  0x0000022831a6b000 JavaThread "AWT-Windows" daemon [_thread_in_native, id=12452, stack(0x000000b6b9400000,0x000000b6b9900000)]
  0x0000022831a6a000 JavaThread "AWT-Shutdown" [_thread_blocked, id=21936, stack(0x000000b6b8f00000,0x000000b6b9400000)]
  0x0000022831a1c800 JavaThread "Java2D Disposer" daemon [_thread_blocked, id=18908, stack(0x000000b6b8a00000,0x000000b6b8f00000)]
  0x000002280e564000 JavaThread "Service Thread" daemon [_thread_blocked, id=11280, stack(0x000000b6b8400000,0x000000b6b8900000)]
  0x000002280d04b000 JavaThread "Common-Cleaner" daemon [_thread_blocked, id=23356, stack(0x000000b6b7f00000,0x000000b6b8400000)]
  0x000002280ce80000 JavaThread "Sweeper thread" daemon [_thread_blocked, id=14296, stack(0x000000b6b7a00000,0x000000b6b7f00000)]
  0x000002280d037000 JavaThread "C1 CompilerThread3" daemon [_thread_blocked, id=8092, stack(0x000000b6b7900000,0x000000b6b7a00000)]
  0x000002280d036000 JavaThread "C2 CompilerThread2" daemon [_thread_blocked, id=14492, stack(0x000000b6b7800000,0x000000b6b7900000)]
  0x000002280d173800 JavaThread "C2 CompilerThread1" daemon [_thread_blocked, id=18580, stack(0x000000b6b7700000,0x000000b6b7800000)]
  0x000002280d172800 JavaThread "C2 CompilerThread0" daemon [_thread_blocked, id=8708, stack(0x000000b6b7600000,0x000000b6b7700000)]
  0x000002280bec1000 JavaThread "Attach Listener" daemon [_thread_blocked, id=19696, stack(0x000000b6b7100000,0x000000b6b7600000)]
  0x000002280bf77800 JavaThread "Signal Dispatcher" daemon [_thread_blocked, id=22892, stack(0x000000b6b6c00000,0x000000b6b7100000)]
  0x000002280d433800 JavaThread "Finalizer" daemon [_thread_blocked, id=11652, stack(0x000000b6b6700000,0x000000b6b6c00000)]
  0x000002280ccb6000 JavaThread "Reference Handler" daemon [_thread_blocked, id=21308, stack(0x000000b6b6200000,0x000000b6b6700000)]
  0x000002280c163000 JavaThread "main" [_thread_blocked, id=19072, stack(0x000000b6b3000000,0x000000b6b3100000)]

Other Threads:
  0x000002280ca70000 VMThread "VM Thread" [stack: 0x000000b6b6100000,0x000000b6b6200000] [id=3844]
  0x000002280e565800 WatcherThread [stack: 0x000000b6b8900000,0x000000b6b8a00000] [id=19912]
  0x00000228110a8800 GCTaskThread "GC Thread#0" [stack: 0x000000b6b4800000,0x000000b6b4900000] [id=17196]
  0x0000022808fef800 GCTaskThread "GC Thread#1" [stack: 0x000000b6b4900000,0x000000b6b4a00000] [id=22736]
  0x000002280bea4000 GCTaskThread "GC Thread#2" [stack: 0x000000b6b4a00000,0x000000b6b4b00000] [id=14472]
  0x000002280bea5000 GCTaskThread "GC Thread#3" [stack: 0x000000b6b4b00000,0x000000b6b4c00000] [id=1716]
  0x000002280bea5800 GCTaskThread "GC Thread#4" [stack: 0x000000b6b4c00000,0x000000b6b4d00000] [id=8540]
  0x000002280bdd9000 GCTaskThread "GC Thread#5" [stack: 0x000000b6b4d00000,0x000000b6b4e00000] [id=9968]
  0x000002280bd96800 GCTaskThread "GC Thread#6" [stack: 0x000000b6b4e00000,0x000000b6b4f00000] [id=25216]
  0x000002280be42800 GCTaskThread "GC Thread#7" [stack: 0x000000b6b4f00000,0x000000b6b5000000] [id=120]
  0x000002280bebc000 GCTaskThread "GC Thread#8" [stack: 0x000000b6b5000000,0x000000b6b5100000] [id=24164]
  0x000002280bebc800 GCTaskThread "GC Thread#9" [stack: 0x000000b6b5100000,0x000000b6b5200000] [id=22080]
  0x000002280d02d800 ConcurrentGCThread "G1 Main Marker" [stack: 0x000000b6b5d00000,0x000000b6b5e00000] [id=17396]
  0x000002280e2bc000 ConcurrentGCThread "G1 Marker#0" [stack: 0x000000b6b5e00000,0x000000b6b5f00000] [id=16584]
  0x0000022811500800 ConcurrentGCThread "G1 Marker#1" [stack: 0x000000b6b5f00000,0x000000b6b6000000] [id=17280]
  0x0000022811501000 ConcurrentGCThread "G1 Marker#2" [stack: 0x000000b6b6000000,0x000000b6b6100000] [id=11816]
  0x00000228114f5800 ConcurrentGCThread "G1 Refine#0" [stack: 0x000000b6b5b00000,0x000000b6b5c00000] [id=22284]
  0x00000228114f1800 ConcurrentGCThread "G1 Refine#1" [stack: 0x000000b6b5a00000,0x000000b6b5b00000] [id=8220]
  0x00000228114f5000 ConcurrentGCThread "G1 Refine#2" [stack: 0x000000b6b5900000,0x000000b6b5a00000] [id=20236]
  0x00000228114f2800 ConcurrentGCThread "G1 Refine#3" [stack: 0x000000b6b5800000,0x000000b6b5900000] [id=12140]
  0x00000228114f1000 ConcurrentGCThread "G1 Refine#4" [stack: 0x000000b6b5700000,0x000000b6b5800000] [id=15328]
  0x00000228114f7800 ConcurrentGCThread "G1 Refine#5" [stack: 0x000000b6b5600000,0x000000b6b5700000] [id=1440]
  0x0000022810597000 ConcurrentGCThread "G1 Refine#6" [stack: 0x000000b6b5500000,0x000000b6b5600000] [id=3000]
  0x0000022810596800 ConcurrentGCThread "G1 Refine#7" [stack: 0x000000b6b5400000,0x000000b6b5500000] [id=10024]
  0x000002280c625800 ConcurrentGCThread "G1 Refine#8" [stack: 0x000000b6b5300000,0x000000b6b5400000] [id=5904]
  0x000002280c624800 ConcurrentGCThread "G1 Refine#9" [stack: 0x000000b6b5200000,0x000000b6b5300000] [id=13988]
  0x00000228114f6000 ConcurrentGCThread "G1 Young RemSet Sampling" [stack: 0x000000b6b5c00000,0x000000b6b5d00000] [id=13612]

Threads with active compile tasks:

VM state:not at safepoint (normal execution)

VM Mutex/Monitor currently owned by a thread: None

Heap address: 0x0000000700000000, size: 3072 MB, Compressed Oops mode: Zero based, Oop shift amount: 3
Narrow klass base: 0x0000000000000000, Narrow klass shift: 3
Compressed class space size: 1073741824 Address: 0x00000007c0000000

Heap:
 garbage-first heap   total 267264K, used 155479K [0x0000000700000000, 0x0000000700100828, 0x00000007c0000000)
  region size 1024K, 14 young (14336K), 3 survivors (3072K)
 Metaspace       used 88284K, capacity 92498K, committed 96768K, reserved 1132544K
  class space    used 12637K, capacity 13413K, committed 14336K, reserved 1048576K
Heap Regions: E=young(eden), S=young(survivor), O=old, HS=humongous(starts), HC=humongous(continues), CS=collection set, F=free, A=archive, TS=gc time stamp, AC=allocation context, TAMS=top-at-mark-start (previous, next)
|   0|0x0000000700000000, 0x00000007000dc028, 0x0000000700100000| 85%| O|  |TS  0|AC  0|TAMS 0x00000007000dc028, 0x00000007000dc028|
|   1|0x0000000700100000, 0x0000000700200000, 0x0000000700200000|100%|HS|  |TS  0|AC  0|TAMS 0x0000000700200000, 0x0000000700200000|
|   2|0x0000000700200000, 0x0000000700300000, 0x0000000700300000|100%|HC|  |TS  0|AC  0|TAMS 0x0000000700300000, 0x0000000700300000|
|   3|0x0000000700300000, 0x0000000700400000, 0x0000000700400000|100%|HS|  |TS  0|AC  0|TAMS 0x0000000700400000, 0x0000000700400000|
|   4|0x0000000700400000, 0x00000007004ffff0, 0x0000000700500000| 99%| O|  |TS  0|AC  0|TAMS 0x00000007004ffff0, 0x00000007004ffff0|
|   5|0x0000000700500000, 0x00000007005ffff8, 0x0000000700600000| 99%| O|  |TS  0|AC  0|TAMS 0x00000007005ffff8, 0x00000007005ffff8|
|   6|0x0000000700600000, 0x00000007006fff70, 0x0000000700700000| 99%| O|  |TS  0|AC  0|TAMS 0x00000007006fff70, 0x00000007006fff70|
|   7|0x0000000700700000, 0x0000000700800000, 0x0000000700800000|100%| O|  |TS  0|AC  0|TAMS 0x0000000700800000, 0x0000000700800000|
|   8|0x0000000700800000, 0x00000007008fffb0, 0x0000000700900000| 99%| O|  |TS  0|AC  0|TAMS 0x00000007008fffb0, 0x00000007008fffb0|
|   9|0x0000000700900000, 0x00000007009fffd0, 0x0000000700a00000| 99%| O|  |TS  0|AC  0|TAMS 0x00000007009fffd0, 0x00000007009fffd0|
|  10|0x0000000700a00000, 0x0000000700affff0, 0x0000000700b00000| 99%| O|  |TS  0|AC  0|TAMS 0x0000000700affff0, 0x0000000700affff0|
|  11|0x0000000700b00000, 0x0000000700bc0608, 0x0000000700c00000| 75%| O|  |TS  0|AC  0|TAMS 0x0000000700bc0608, 0x0000000700bc0608|
|  12|0x0000000700c00000, 0x0000000700d00000, 0x0000000700d00000|100%|HS|  |TS  0|AC  0|TAMS 0x0000000700d00000, 0x0000000700d00000|
|  13|0x0000000700d00000, 0x0000000700e00000, 0x0000000700e00000|100%|HC|  |TS  0|AC  0|TAMS 0x0000000700e00000, 0x0000000700e00000|
|  14|0x0000000700e00000, 0x0000000700f00000, 0x0000000700f00000|100%|HC|  |TS  0|AC  0|TAMS 0x0000000700f00000, 0x0000000700f00000|
|  15|0x0000000700f00000, 0x0000000700ff2d10, 0x0000000701000000| 94%| O|  |TS  0|AC  0|TAMS 0x0000000700ff2d10, 0x0000000700ff2d10|
|  16|0x0000000701000000, 0x00000007010fefb8, 0x0000000701100000| 99%| O|  |TS  0|AC  0|TAMS 0x00000007010fefb8, 0x00000007010fefb8|
|  17|0x0000000701100000, 0x00000007011fffb8, 0x0000000701200000| 99%| O|  |TS  0|AC  0|TAMS 0x00000007011fffb8, 0x00000007011fffb8|
|  18|0x0000000701200000, 0x00000007012fffe0, 0x0000000701300000| 99%| O|  |TS  0|AC  0|TAMS 0x00000007012fffe0, 0x00000007012fffe0|
|  19|0x0000000701300000, 0x00000007013ffff8, 0x0000000701400000| 99%| O|  |TS  0|AC  0|TAMS 0x00000007013ffff8, 0x00000007013ffff8|
|  20|0x0000000701400000, 0x00000007014fffd0, 0x0000000701500000| 99%| O|  |TS  0|AC  0|TAMS 0x00000007014fffd0, 0x00000007014fffd0|
|  21|0x0000000701500000, 0x0000000701600000, 0x0000000701600000|100%|HS|  |TS  0|AC  0|TAMS 0x0000000701600000, 0x0000000701600000|
|  22|0x0000000701600000, 0x0000000701700000, 0x0000000701700000|100%|HC|  |TS  0|AC  0|TAMS 0x0000000701700000, 0x0000000701700000|
|  23|0x0000000701700000, 0x0000000701800000, 0x0000000701800000|100%|HS|  |TS  0|AC  0|TAMS 0x0000000701800000, 0x0000000701800000|
|  24|0x0000000701800000, 0x0000000701900000, 0x0000000701900000|100%|HC|  |TS  0|AC  0|TAMS 0x0000000701900000, 0x0000000701900000|
|  25|0x0000000701900000, 0x00000007019fe600, 0x0000000701a00000| 99%| O|  |TS  0|AC  0|TAMS 0x00000007019fe600, 0x00000007019fe600|
|  26|0x0000000701a00000, 0x0000000701b00000, 0x0000000701b00000|100%| O|  |TS  0|AC  0|TAMS 0x0000000701b00000, 0x0000000701b00000|
|  27|0x0000000701b00000, 0x0000000701c00000, 0x0000000701c00000|100%| O|  |TS  0|AC  0|TAMS 0x0000000701c00000, 0x0000000701c00000|
|  28|0x0000000701c00000, 0x0000000701cffff0, 0x0000000701d00000| 99%| O|  |TS  0|AC  0|TAMS 0x0000000701cffff0, 0x0000000701cffff0|
|  29|0x0000000701d00000, 0x0000000701dffff0, 0x0000000701e00000| 99%| O|  |TS  0|AC  0|TAMS 0x0000000701dffff0, 0x0000000701dffff0|
|  30|0x0000000701e00000, 0x0000000701f00000, 0x0000000701f00000|100%| O|  |TS  0|AC  0|TAMS 0x0000000701f00000, 0x0000000701f00000|
|  31|0x0000000701f00000, 0x0000000702000000, 0x0000000702000000|100%|HS|  |TS  0|AC  0|TAMS 0x0000000702000000, 0x0000000702000000|
|  32|0x0000000702000000, 0x0000000702100000, 0x0000000702100000|100%|HC|  |TS  0|AC  0|TAMS 0x0000000702100000, 0x0000000702100000|
|  33|0x0000000702100000, 0x00000007021fffb0, 0x0000000702200000| 99%| O|  |TS  0|AC  0|TAMS 0x00000007021fffb0, 0x00000007021fffb0|
|  34|0x0000000702200000, 0x00000007022ffff8, 0x0000000702300000| 99%| O|  |TS  0|AC  0|TAMS 0x00000007022ffff8, 0x00000007022ffff8|
|  35|0x0000000702300000, 0x00000007023fffe8, 0x0000000702400000| 99%| O|  |TS  0|AC  0|TAMS 0x00000007023fffe8, 0x00000007023fffe8|
|  36|0x0000000702400000, 0x00000007024fffc0, 0x0000000702500000| 99%| O|  |TS  0|AC  0|TAMS 0x00000007024fffc0, 0x00000007024fffc0|
|  37|0x0000000702500000, 0x00000007025fffe8, 0x0000000702600000| 99%| O|  |TS  0|AC  0|TAMS 0x00000007025fffe8, 0x00000007025fffe8|
|  38|0x0000000702600000, 0x00000007026ffff0, 0x0000000702700000| 99%| O|  |TS  0|AC  0|TAMS 0x00000007026ffff0, 0x00000007026ffff0|
|  39|0x0000000702700000, 0x00000007027ffff0, 0x0000000702800000| 99%| O|  |TS  0|AC  0|TAMS 0x00000007027ffff0, 0x00000007027ffff0|
|  40|0x0000000702800000, 0x0000000702900000, 0x0000000702900000|100%| O|  |TS  0|AC  0|TAMS 0x0000000702900000, 0x0000000702900000|
|  41|0x0000000702900000, 0x00000007029fa480, 0x0000000702a00000| 97%| O|  |TS  0|AC  0|TAMS 0x00000007029fa480, 0x00000007029fa480|
|  42|0x0000000702a00000, 0x0000000702aff578, 0x0000000702b00000| 99%| O|  |TS  0|AC  0|TAMS 0x0000000702aff578, 0x0000000702aff578|
|  43|0x0000000702b00000, 0x0000000702bfeee8, 0x0000000702c00000| 99%| O|  |TS  0|AC  0|TAMS 0x0000000702bfeee8, 0x0000000702bfeee8|
|  44|0x0000000702c00000, 0x0000000702cffff0, 0x0000000702d00000| 99%| O|  |TS  0|AC  0|TAMS 0x0000000702cffff0, 0x0000000702cffff0|
|  45|0x0000000702d00000, 0x0000000702dffff8, 0x0000000702e00000| 99%| O|  |TS  0|AC  0|TAMS 0x0000000702dffff8, 0x0000000702dffff8|
|  46|0x0000000702e00000, 0x0000000702ef59e8, 0x0000000702f00000| 95%| O|  |TS  0|AC  0|TAMS 0x0000000702ef59e8, 0x0000000702ef59e8|
|  47|0x0000000702f00000, 0x0000000702ffffc8, 0x0000000703000000| 99%| O|  |TS  0|AC  0|TAMS 0x0000000702ffffc8, 0x0000000702ffffc8|
|  48|0x0000000703000000, 0x00000007030ffff0, 0x0000000703100000| 99%| O|  |TS  0|AC  0|TAMS 0x00000007030ffff0, 0x00000007030ffff0|
|  49|0x0000000703100000, 0x00000007031f3828, 0x0000000703200000| 95%| O|  |TS  0|AC  0|TAMS 0x00000007031f3828, 0x00000007031f3828|
|  50|0x0000000703200000, 0x00000007032f9dc8, 0x0000000703300000| 97%| O|  |TS  0|AC  0|TAMS 0x00000007032f9dc8, 0x00000007032f9dc8|
|  51|0x0000000703300000, 0x00000007033fa080, 0x0000000703400000| 97%| O|  |TS  0|AC  0|TAMS 0x00000007033fa080, 0x00000007033fa080|
|  52|0x0000000703400000, 0x00000007034fffe0, 0x0000000703500000| 99%| O|  |TS  0|AC  0|TAMS 0x00000007034fffe0, 0x00000007034fffe0|
|  53|0x0000000703500000, 0x00000007035fffc8, 0x0000000703600000| 99%| O|  |TS  0|AC  0|TAMS 0x00000007035fffc8, 0x00000007035fffc8|
|  54|0x0000000703600000, 0x00000007036ffff0, 0x0000000703700000| 99%| O|  |TS  0|AC  0|TAMS 0x00000007036ffff0, 0x00000007036ffff0|
|  55|0x0000000703700000, 0x00000007037ffff0, 0x0000000703800000| 99%| O|  |TS  0|AC  0|TAMS 0x00000007037ffff0, 0x00000007037ffff0|
|  56|0x0000000703800000, 0x00000007038ffeb8, 0x0000000703900000| 99%| O|  |TS  0|AC  0|TAMS 0x00000007038ffeb8, 0x00000007038ffeb8|
|  57|0x0000000703900000, 0x0000000703a00000, 0x0000000703a00000|100%| O|  |TS  0|AC  0|TAMS 0x0000000703a00000, 0x0000000703a00000|
|  58|0x0000000703a00000, 0x0000000703afffe0, 0x0000000703b00000| 99%| O|  |TS  0|AC  0|TAMS 0x0000000703afffe0, 0x0000000703afffe0|
|  59|0x0000000703b00000, 0x0000000703bffff0, 0x0000000703c00000| 99%| O|  |TS  0|AC  0|TAMS 0x0000000703bffff0, 0x0000000703bffff0|
|  60|0x0000000703c00000, 0x0000000703d00000, 0x0000000703d00000|100%| O|  |TS  0|AC  0|TAMS 0x0000000703d00000, 0x0000000703d00000|
|  61|0x0000000703d00000, 0x0000000703dffff8, 0x0000000703e00000| 99%| O|  |TS  0|AC  0|TAMS 0x0000000703dffff8, 0x0000000703dffff8|
|  62|0x0000000703e00000, 0x0000000703efffe8, 0x0000000703f00000| 99%| O|  |TS  0|AC  0|TAMS 0x0000000703efffe8, 0x0000000703efffe8|
|  63|0x0000000703f00000, 0x0000000703fd5c60, 0x0000000704000000| 83%| O|  |TS  0|AC  0|TAMS 0x0000000703fd5c60, 0x0000000703fd5c60|
|  64|0x0000000704000000, 0x00000007040fffb0, 0x0000000704100000| 99%| O|  |TS  0|AC  0|TAMS 0x00000007040fffb0, 0x00000007040fffb0|
|  65|0x0000000704100000, 0x00000007041f2b50, 0x0000000704200000| 94%| O|  |TS  0|AC  0|TAMS 0x00000007041f2b50, 0x00000007041f2b50|
|  66|0x0000000704200000, 0x0000000704300000, 0x0000000704300000|100%| O|  |TS  0|AC  0|TAMS 0x0000000704300000, 0x0000000704300000|
|  67|0x0000000704300000, 0x0000000704400000, 0x0000000704400000|100%|HS|  |TS  0|AC  0|TAMS 0x0000000704400000, 0x0000000704400000|
|  68|0x0000000704400000, 0x0000000704500000, 0x0000000704500000|100%|HC|  |TS  0|AC  0|TAMS 0x0000000704500000, 0x0000000704500000|
|  69|0x0000000704500000, 0x0000000704600000, 0x0000000704600000|100%|HC|  |TS  0|AC  0|TAMS 0x0000000704600000, 0x0000000704600000|
|  70|0x0000000704600000, 0x0000000704700000, 0x0000000704700000|100%|HC|  |TS  0|AC  0|TAMS 0x0000000704700000, 0x0000000704700000|
|  71|0x0000000704700000, 0x0000000704800000, 0x0000000704800000|100%|HC|  |TS  0|AC  0|TAMS 0x0000000704800000, 0x0000000704800000|
|  72|0x0000000704800000, 0x0000000704900000, 0x0000000704900000|100%|HC|  |TS  0|AC  0|TAMS 0x0000000704900000, 0x0000000704900000|
|  73|0x0000000704900000, 0x00000007049ffff0, 0x0000000704a00000| 99%| O|  |TS  0|AC  0|TAMS 0x00000007049ffff0, 0x00000007049ffff0|
|  74|0x0000000704a00000, 0x0000000704ac3b58, 0x0000000704b00000| 76%| O|  |TS  0|AC  0|TAMS 0x0000000704ac3b58, 0x0000000704ac3b58|
|  75|0x0000000704b00000, 0x0000000704c00000, 0x0000000704c00000|100%| O|  |TS  0|AC  0|TAMS 0x0000000704c00000, 0x0000000704c00000|
|  76|0x0000000704c00000, 0x0000000704d00000, 0x0000000704d00000|100%| O|  |TS  0|AC  0|TAMS 0x0000000704d00000, 0x0000000704d00000|
|  77|0x0000000704d00000, 0x0000000704e00000, 0x0000000704e00000|100%| O|  |TS  0|AC  0|TAMS 0x0000000704e00000, 0x0000000704e00000|
|  78|0x0000000704e00000, 0x0000000704f00000, 0x0000000704f00000|100%| O|  |TS  0|AC  0|TAMS 0x0000000704f00000, 0x0000000704f00000|
|  79|0x0000000704f00000, 0x0000000704f4fd18, 0x0000000705000000| 31%| O|  |TS  0|AC  0|TAMS 0x0000000704f4fd18, 0x0000000704f4fd18|
|  80|0x0000000705000000, 0x0000000705100000, 0x0000000705100000|100%| O|  |TS  0|AC  0|TAMS 0x0000000705100000, 0x0000000705100000|
|  81|0x0000000705100000, 0x0000000705200000, 0x0000000705200000|100%| O|  |TS  0|AC  0|TAMS 0x0000000705200000, 0x0000000705200000|
|  82|0x0000000705200000, 0x0000000705300000, 0x0000000705300000|100%| O|  |TS  0|AC  0|TAMS 0x0000000705300000, 0x0000000705300000|
|  83|0x0000000705300000, 0x0000000705400000, 0x0000000705400000|100%| O|  |TS  0|AC  0|TAMS 0x0000000705400000, 0x0000000705400000|
|  84|0x0000000705400000, 0x0000000705500000, 0x0000000705500000|100%| O|  |TS  0|AC  0|TAMS 0x0000000705500000, 0x0000000705500000|
|  85|0x0000000705500000, 0x0000000705600000, 0x0000000705600000|100%| O|  |TS  0|AC  0|TAMS 0x0000000705600000, 0x0000000705600000|
|  86|0x0000000705600000, 0x0000000705700000, 0x0000000705700000|100%| O|  |TS  0|AC  0|TAMS 0x0000000705700000, 0x0000000705700000|
|  87|0x0000000705700000, 0x0000000705800000, 0x0000000705800000|100%| O|  |TS  0|AC  0|TAMS 0x0000000705800000, 0x0000000705800000|
|  88|0x0000000705800000, 0x0000000705900000, 0x0000000705900000|100%| O|  |TS  0|AC  0|TAMS 0x0000000705900000, 0x0000000705900000|
|  89|0x0000000705900000, 0x0000000705a00000, 0x0000000705a00000|100%| O|  |TS  0|AC  0|TAMS 0x0000000705a00000, 0x0000000705a00000|
|  90|0x0000000705a00000, 0x0000000705b00000, 0x0000000705b00000|100%| O|  |TS  0|AC  0|TAMS 0x0000000705b00000, 0x0000000705b00000|
|  91|0x0000000705b00000, 0x0000000705c00000, 0x0000000705c00000|100%| O|  |TS  0|AC  0|TAMS 0x0000000705c00000, 0x0000000705c00000|
|  92|0x0000000705c00000, 0x0000000705d00000, 0x0000000705d00000|100%| O|  |TS  0|AC  0|TAMS 0x0000000705d00000, 0x0000000705d00000|
|  93|0x0000000705d00000, 0x0000000705e00000, 0x0000000705e00000|100%| O|  |TS  0|AC  0|TAMS 0x0000000705e00000, 0x0000000705e00000|
|  94|0x0000000705e00000, 0x0000000705f00000, 0x0000000705f00000|100%| O|  |TS  0|AC  0|TAMS 0x0000000705f00000, 0x0000000705f00000|
|  95|0x0000000705f00000, 0x0000000706000000, 0x0000000706000000|100%| O|  |TS  0|AC  0|TAMS 0x0000000706000000, 0x0000000706000000|
|  96|0x0000000706000000, 0x0000000706015a00, 0x0000000706100000|  8%| O|  |TS  1|AC  0|TAMS 0x0000000706015a00, 0x0000000706015a00|
|  97|0x0000000706100000, 0x0000000706200000, 0x0000000706200000|100%|HS|  |TS  0|AC  0|TAMS 0x0000000706100000, 0x0000000706100000|
|  98|0x0000000706200000, 0x0000000706300000, 0x0000000706300000|100%|HC|  |TS  0|AC  0|TAMS 0x0000000706200000, 0x0000000706200000|
|  99|0x0000000706300000, 0x0000000706400000, 0x0000000706400000|100%|HC|  |TS  0|AC  0|TAMS 0x0000000706300000, 0x0000000706300000|
| 100|0x0000000706400000, 0x0000000706500000, 0x0000000706500000|100%|HC|  |TS  0|AC  0|TAMS 0x0000000706400000, 0x0000000706400000|
| 101|0x0000000706500000, 0x0000000706600000, 0x0000000706600000|100%|HC|  |TS  0|AC  0|TAMS 0x0000000706500000, 0x0000000706500000|
| 102|0x0000000706600000, 0x0000000706700000, 0x0000000706700000|100%|HC|  |TS  0|AC  0|TAMS 0x0000000706600000, 0x0000000706600000|
| 103|0x0000000706700000, 0x0000000706800000, 0x0000000706800000|100%|HC|  |TS  0|AC  0|TAMS 0x0000000706700000, 0x0000000706700000|
| 104|0x0000000706800000, 0x0000000706900000, 0x0000000706900000|100%|HC|  |TS  0|AC  0|TAMS 0x0000000706800000, 0x0000000706800000|
| 105|0x0000000706900000, 0x0000000706a00000, 0x0000000706a00000|100%|HC|  |TS  0|AC  0|TAMS 0x0000000706900000, 0x0000000706900000|
| 106|0x0000000706a00000, 0x0000000706b00000, 0x0000000706b00000|100%|HC|  |TS  0|AC  0|TAMS 0x0000000706a00000, 0x0000000706a00000|
| 107|0x0000000706b00000, 0x0000000706c00000, 0x0000000706c00000|100%|HC|  |TS  0|AC  0|TAMS 0x0000000706b00000, 0x0000000706b00000|
| 108|0x0000000706c00000, 0x0000000706d00000, 0x0000000706d00000|100%|HC|  |TS  0|AC  0|TAMS 0x0000000706c00000, 0x0000000706c00000|
| 109|0x0000000706d00000, 0x0000000706e00000, 0x0000000706e00000|100%|HC|  |TS  0|AC  0|TAMS 0x0000000706d00000, 0x0000000706d00000|
| 110|0x0000000706e00000, 0x0000000706f00000, 0x0000000706f00000|100%|HC|  |TS  0|AC  0|TAMS 0x0000000706e00000, 0x0000000706e00000|
| 111|0x0000000706f00000, 0x0000000707000000, 0x0000000707000000|100%|HC|  |TS  0|AC  0|TAMS 0x0000000706f00000, 0x0000000706f00000|
| 112|0x0000000707000000, 0x0000000707100000, 0x0000000707100000|100%|HC|  |TS  0|AC  0|TAMS 0x0000000707000000, 0x0000000707000000|
| 113|0x0000000707100000, 0x0000000707200000, 0x0000000707200000|100%|HC|  |TS  0|AC  0|TAMS 0x0000000707100000, 0x0000000707100000|
| 114|0x0000000707200000, 0x0000000707300000, 0x0000000707300000|100%|HC|  |TS  0|AC  0|TAMS 0x0000000707200000, 0x0000000707200000|
| 115|0x0000000707300000, 0x0000000707400000, 0x0000000707400000|100%|HC|  |TS  0|AC  0|TAMS 0x0000000707300000, 0x0000000707300000|
| 116|0x0000000707400000, 0x0000000707500000, 0x0000000707500000|100%|HC|  |TS  0|AC  0|TAMS 0x0000000707400000, 0x0000000707400000|
| 117|0x0000000707500000, 0x0000000707600000, 0x0000000707600000|100%|HC|  |TS  0|AC  0|TAMS 0x0000000707500000, 0x0000000707500000|
| 118|0x0000000707600000, 0x0000000707700000, 0x0000000707700000|100%|HC|  |TS  0|AC  0|TAMS 0x0000000707600000, 0x0000000707600000|
| 119|0x0000000707700000, 0x0000000707800000, 0x0000000707800000|100%|HC|  |TS  0|AC  0|TAMS 0x0000000707700000, 0x0000000707700000|
| 120|0x0000000707800000, 0x0000000707900000, 0x0000000707900000|100%|HC|  |TS  0|AC  0|TAMS 0x0000000707800000, 0x0000000707800000|
| 121|0x0000000707900000, 0x0000000707a00000, 0x0000000707a00000|100%|HC|  |TS  0|AC  0|TAMS 0x0000000707900000, 0x0000000707900000|
| 122|0x0000000707a00000, 0x0000000707b00000, 0x0000000707b00000|100%|HC|  |TS  0|AC  0|TAMS 0x0000000707a00000, 0x0000000707a00000|
| 123|0x0000000707b00000, 0x0000000707c00000, 0x0000000707c00000|100%|HC|  |TS  0|AC  0|TAMS 0x0000000707b00000, 0x0000000707b00000|
| 124|0x0000000707c00000, 0x0000000707d00000, 0x0000000707d00000|100%|HC|  |TS  0|AC  0|TAMS 0x0000000707c00000, 0x0000000707c00000|
| 125|0x0000000707d00000, 0x0000000707e00000, 0x0000000707e00000|100%|HC|  |TS  0|AC  0|TAMS 0x0000000707d00000, 0x0000000707d00000|
| 126|0x0000000707e00000, 0x0000000707f00000, 0x0000000707f00000|100%|HC|  |TS  0|AC  0|TAMS 0x0000000707e00000, 0x0000000707e00000|
| 127|0x0000000707f00000, 0x0000000707f00000, 0x0000000708000000|  0%| F|  |TS  0|AC  0|TAMS 0x0000000707f00000, 0x0000000707f00000|
| 128|0x0000000708000000, 0x0000000708000000, 0x0000000708100000|  0%| F|  |TS  0|AC  0|TAMS 0x0000000708000000, 0x0000000708000000|
| 129|0x0000000708100000, 0x0000000708100000, 0x0000000708200000|  0%| F|  |TS  0|AC  0|TAMS 0x0000000708100000, 0x0000000708100000|
| 130|0x0000000708200000, 0x0000000708200000, 0x0000000708300000|  0%| F|  |TS  0|AC  0|TAMS 0x0000000708200000, 0x0000000708200000|
| 131|0x0000000708300000, 0x0000000708300000, 0x0000000708400000|  0%| F|  |TS  0|AC  0|TAMS 0x0000000708300000, 0x0000000708300000|
| 132|0x0000000708400000, 0x0000000708400000, 0x0000000708500000|  0%| F|  |TS  0|AC  0|TAMS 0x0000000708400000, 0x0000000708400000|
| 133|0x0000000708500000, 0x0000000708500000, 0x0000000708600000|  0%| F|  |TS  0|AC  0|TAMS 0x0000000708500000, 0x0000000708500000|
| 134|0x0000000708600000, 0x0000000708600000, 0x0000000708700000|  0%| F|  |TS  0|AC  0|TAMS 0x0000000708600000, 0x0000000708600000|
| 135|0x0000000708700000, 0x0000000708700000, 0x0000000708800000|  0%| F|  |TS  0|AC  0|TAMS 0x0000000708700000, 0x0000000708700000|
| 136|0x0000000708800000, 0x0000000708800000, 0x0000000708900000|  0%| F|  |TS  0|AC  0|TAMS 0x0000000708800000, 0x0000000708800000|
| 137|0x0000000708900000, 0x0000000708900000, 0x0000000708a00000|  0%| F|  |TS  0|AC  0|TAMS 0x0000000708900000, 0x0000000708900000|
| 138|0x0000000708a00000, 0x0000000708b00000, 0x0000000708b00000|100%|HS|  |TS  0|AC  0|TAMS 0x0000000708b00000, 0x0000000708b00000|
| 139|0x0000000708b00000, 0x0000000708c00000, 0x0000000708c00000|100%|HC|  |TS  0|AC  0|TAMS 0x0000000708c00000, 0x0000000708c00000|
| 140|0x0000000708c00000, 0x0000000708d00000, 0x0000000708d00000|100%|HC|  |TS  0|AC  0|TAMS 0x0000000708d00000, 0x0000000708d00000|
| 141|0x0000000708d00000, 0x0000000708e00000, 0x0000000708e00000|100%|HC|  |TS  0|AC  0|TAMS 0x0000000708e00000, 0x0000000708e00000|
| 142|0x0000000708e00000, 0x0000000708f00000, 0x0000000708f00000|100%|HC|  |TS  0|AC  0|TAMS 0x0000000708f00000, 0x0000000708f00000|
| 143|0x0000000708f00000, 0x0000000709000000, 0x0000000709000000|100%|HC|  |TS  0|AC  0|TAMS 0x0000000709000000, 0x0000000709000000|
| 144|0x0000000709000000, 0x0000000709100000, 0x0000000709100000|100%|HC|  |TS  0|AC  0|TAMS 0x0000000709100000, 0x0000000709100000|
| 145|0x0000000709100000, 0x0000000709200000, 0x0000000709200000|100%|HC|  |TS  0|AC  0|TAMS 0x0000000709200000, 0x0000000709200000|
| 146|0x0000000709200000, 0x0000000709300000, 0x0000000709300000|100%|HC|  |TS  0|AC  0|TAMS 0x0000000709300000, 0x0000000709300000|
| 147|0x0000000709300000, 0x0000000709400000, 0x0000000709400000|100%|HC|  |TS  0|AC  0|TAMS 0x0000000709400000, 0x0000000709400000|
| 148|0x0000000709400000, 0x0000000709500000, 0x0000000709500000|100%|HC|  |TS  0|AC  0|TAMS 0x0000000709500000, 0x0000000709500000|
| 149|0x0000000709500000, 0x0000000709600000, 0x0000000709600000|100%|HC|  |TS  0|AC  0|TAMS 0x0000000709600000, 0x0000000709600000|
| 150|0x0000000709600000, 0x0000000709700000, 0x0000000709700000|100%|HC|  |TS  0|AC  0|TAMS 0x0000000709700000, 0x0000000709700000|
| 151|0x0000000709700000, 0x0000000709800000, 0x0000000709800000|100%|HC|  |TS  0|AC  0|TAMS 0x0000000709800000, 0x0000000709800000|
| 152|0x0000000709800000, 0x0000000709900000, 0x0000000709900000|100%|HC|  |TS  0|AC  0|TAMS 0x0000000709900000, 0x0000000709900000|
| 153|0x0000000709900000, 0x0000000709900000, 0x0000000709a00000|  0%| F|  |TS  0|AC  0|TAMS 0x0000000709900000, 0x0000000709900000|
| 154|0x0000000709a00000, 0x0000000709a00000, 0x0000000709b00000|  0%| F|  |TS  0|AC  0|TAMS 0x0000000709a00000, 0x0000000709a00000|
| 155|0x0000000709b00000, 0x0000000709b00000, 0x0000000709c00000|  0%| F|  |TS  0|AC  0|TAMS 0x0000000709b00000, 0x0000000709b00000|
| 156|0x0000000709c00000, 0x0000000709c00000, 0x0000000709d00000|  0%| F|  |TS  0|AC  0|TAMS 0x0000000709c00000, 0x0000000709c00000|
| 157|0x0000000709d00000, 0x0000000709d00000, 0x0000000709e00000|  0%| F|  |TS  0|AC  0|TAMS 0x0000000709d00000, 0x0000000709d00000|
| 158|0x0000000709e00000, 0x0000000709e00000, 0x0000000709f00000|  0%| F|  |TS  0|AC  0|TAMS 0x0000000709e00000, 0x0000000709e00000|
| 159|0x0000000709f00000, 0x0000000709f00000, 0x000000070a000000|  0%| F|  |TS  0|AC  0|TAMS 0x0000000709f00000, 0x0000000709f00000|
| 160|0x000000070a000000, 0x000000070a000000, 0x000000070a100000|  0%| F|  |TS  0|AC  0|TAMS 0x000000070a000000, 0x000000070a000000|
| 161|0x000000070a100000, 0x000000070a100000, 0x000000070a200000|  0%| F|  |TS  0|AC  0|TAMS 0x000000070a100000, 0x000000070a100000|
| 162|0x000000070a200000, 0x000000070a200000, 0x000000070a300000|  0%| F|  |TS  0|AC  0|TAMS 0x000000070a200000, 0x000000070a200000|
| 163|0x000000070a300000, 0x000000070a300000, 0x000000070a400000|  0%| F|  |TS  0|AC  0|TAMS 0x000000070a300000, 0x000000070a300000|
| 164|0x000000070a400000, 0x000000070a400000, 0x000000070a500000|  0%| F|  |TS  0|AC  0|TAMS 0x000000070a400000, 0x000000070a400000|
| 165|0x000000070a500000, 0x000000070a500000, 0x000000070a600000|  0%| F|  |TS  0|AC  0|TAMS 0x000000070a500000, 0x000000070a500000|
| 166|0x000000070a600000, 0x000000070a600000, 0x000000070a700000|  0%| F|  |TS  0|AC  0|TAMS 0x000000070a600000, 0x000000070a600000|
| 167|0x000000070a700000, 0x000000070a700000, 0x000000070a800000|  0%| F|  |TS  0|AC  0|TAMS 0x000000070a700000, 0x000000070a700000|
| 168|0x000000070a800000, 0x000000070a800000, 0x000000070a900000|  0%| F|  |TS  0|AC  0|TAMS 0x000000070a800000, 0x000000070a800000|
| 169|0x000000070a900000, 0x000000070a900000, 0x000000070aa00000|  0%| F|  |TS  0|AC  0|TAMS 0x000000070a900000, 0x000000070a900000|
| 170|0x000000070aa00000, 0x000000070aa00000, 0x000000070ab00000|  0%| F|  |TS  0|AC  0|TAMS 0x000000070aa00000, 0x000000070aa00000|
| 171|0x000000070ab00000, 0x000000070ab00000, 0x000000070ac00000|  0%| F|  |TS  0|AC  0|TAMS 0x000000070ab00000, 0x000000070ab00000|
| 172|0x000000070ac00000, 0x000000070ac00000, 0x000000070ad00000|  0%| F|  |TS  0|AC  0|TAMS 0x000000070ac00000, 0x000000070ac00000|
| 173|0x000000070ad00000, 0x000000070ad00000, 0x000000070ae00000|  0%| F|  |TS  0|AC  0|TAMS 0x000000070ad00000, 0x000000070ad00000|
| 174|0x000000070ae00000, 0x000000070ae00000, 0x000000070af00000|  0%| F|  |TS  0|AC  0|TAMS 0x000000070ae00000, 0x000000070ae00000|
| 175|0x000000070af00000, 0x000000070af00000, 0x000000070b000000|  0%| F|  |TS  0|AC  0|TAMS 0x000000070af00000, 0x000000070af00000|
| 176|0x000000070b000000, 0x000000070b000000, 0x000000070b100000|  0%| F|  |TS  0|AC  0|TAMS 0x000000070b000000, 0x000000070b000000|
| 177|0x000000070b100000, 0x000000070b100000, 0x000000070b200000|  0%| F|  |TS  0|AC  0|TAMS 0x000000070b100000, 0x000000070b100000|
| 178|0x000000070b200000, 0x000000070b200000, 0x000000070b300000|  0%| F|  |TS  0|AC  0|TAMS 0x000000070b200000, 0x000000070b200000|
| 179|0x000000070b300000, 0x000000070b300000, 0x000000070b400000|  0%| F|  |TS  0|AC  0|TAMS 0x000000070b300000, 0x000000070b300000|
| 180|0x000000070b400000, 0x000000070b400000, 0x000000070b500000|  0%| F|  |TS  0|AC  0|TAMS 0x000000070b400000, 0x000000070b400000|
| 181|0x000000070b500000, 0x000000070b500000, 0x000000070b600000|  0%| F|  |TS  0|AC  0|TAMS 0x000000070b500000, 0x000000070b500000|
| 182|0x000000070b600000, 0x000000070b600000, 0x000000070b700000|  0%| F|  |TS  0|AC  0|TAMS 0x000000070b600000, 0x000000070b600000|
| 183|0x000000070b700000, 0x000000070b700000, 0x000000070b800000|  0%| F|  |TS  0|AC  0|TAMS 0x000000070b700000, 0x000000070b700000|
| 184|0x000000070b800000, 0x000000070b800000, 0x000000070b900000|  0%| F|  |TS  0|AC  0|TAMS 0x000000070b800000, 0x000000070b800000|
| 185|0x000000070b900000, 0x000000070b900000, 0x000000070ba00000|  0%| F|  |TS  0|AC  0|TAMS 0x000000070b900000, 0x000000070b900000|
| 186|0x000000070ba00000, 0x000000070ba00000, 0x000000070bb00000|  0%| F|  |TS  0|AC  0|TAMS 0x000000070ba00000, 0x000000070ba00000|
| 187|0x000000070bb00000, 0x000000070bb00000, 0x000000070bc00000|  0%| F|  |TS  0|AC  0|TAMS 0x000000070bb00000, 0x000000070bb00000|
| 188|0x000000070bc00000, 0x000000070bc00000, 0x000000070bd00000|  0%| F|  |TS  0|AC  0|TAMS 0x000000070bc00000, 0x000000070bc00000|
| 189|0x000000070bd00000, 0x000000070bd00000, 0x000000070be00000|  0%| F|  |TS  0|AC  0|TAMS 0x000000070bd00000, 0x000000070bd00000|
| 190|0x000000070be00000, 0x000000070be00000, 0x000000070bf00000|  0%| F|  |TS  0|AC  0|TAMS 0x000000070be00000, 0x000000070be00000|
| 191|0x000000070bf00000, 0x000000070bf00000, 0x000000070c000000|  0%| F|  |TS  0|AC  0|TAMS 0x000000070bf00000, 0x000000070bf00000|
| 192|0x000000070c000000, 0x000000070c000000, 0x000000070c100000|  0%| F|  |TS  0|AC  0|TAMS 0x000000070c000000, 0x000000070c000000|
| 193|0x000000070c100000, 0x000000070c100000, 0x000000070c200000|  0%| F|  |TS  0|AC  0|TAMS 0x000000070c100000, 0x000000070c100000|
| 194|0x000000070c200000, 0x000000070c200000, 0x000000070c300000|  0%| F|  |TS  0|AC  0|TAMS 0x000000070c200000, 0x000000070c200000|
| 195|0x000000070c300000, 0x000000070c300000, 0x000000070c400000|  0%| F|  |TS  0|AC  0|TAMS 0x000000070c300000, 0x000000070c300000|
| 196|0x000000070c400000, 0x000000070c400000, 0x000000070c500000|  0%| F|  |TS  0|AC  0|TAMS 0x000000070c400000, 0x000000070c400000|
| 197|0x000000070c500000, 0x000000070c500000, 0x000000070c600000|  0%| F|  |TS  0|AC  0|TAMS 0x000000070c500000, 0x000000070c500000|
| 198|0x000000070c600000, 0x000000070c6827b0, 0x000000070c700000| 50%| S|CS|TS  1|AC  0|TAMS 0x000000070c600000, 0x000000070c600000|
| 199|0x000000070c700000, 0x000000070c800000, 0x000000070c800000|100%| S|CS|TS  1|AC  0|TAMS 0x000000070c700000, 0x000000070c700000|
| 200|0x000000070c800000, 0x000000070c900000, 0x000000070c900000|100%| S|CS|TS  1|AC  0|TAMS 0x000000070c800000, 0x000000070c800000|
| 201|0x000000070c900000, 0x000000070c900000, 0x000000070ca00000|  0%| F|  |TS  1|AC  0|TAMS 0x000000070c900000, 0x000000070c900000|
| 202|0x000000070ca00000, 0x000000070ca00000, 0x000000070cb00000|  0%| F|  |TS  1|AC  0|TAMS 0x000000070ca00000, 0x000000070ca00000|
| 203|0x000000070cb00000, 0x000000070cb00000, 0x000000070cc00000|  0%| F|  |TS  1|AC  0|TAMS 0x000000070cb00000, 0x000000070cb00000|
| 204|0x000000070cc00000, 0x000000070cc00000, 0x000000070cd00000|  0%| F|  |TS  1|AC  0|TAMS 0x000000070cc00000, 0x000000070cc00000|
| 205|0x000000070cd00000, 0x000000070cd00000, 0x000000070ce00000|  0%| F|  |TS  1|AC  0|TAMS 0x000000070cd00000, 0x000000070cd00000|
| 206|0x000000070ce00000, 0x000000070ce00000, 0x000000070cf00000|  0%| F|  |TS  1|AC  0|TAMS 0x000000070ce00000, 0x000000070ce00000|
| 207|0x000000070cf00000, 0x000000070cf00000, 0x000000070d000000|  0%| F|  |TS  1|AC  0|TAMS 0x000000070cf00000, 0x000000070cf00000|
| 208|0x000000070d000000, 0x000000070d000000, 0x000000070d100000|  0%| F|  |TS  1|AC  0|TAMS 0x000000070d000000, 0x000000070d000000|
| 209|0x000000070d100000, 0x000000070d100000, 0x000000070d200000|  0%| F|  |TS  1|AC  0|TAMS 0x000000070d100000, 0x000000070d100000|
| 210|0x000000070d200000, 0x000000070d200000, 0x000000070d300000|  0%| F|  |TS  1|AC  0|TAMS 0x000000070d200000, 0x000000070d200000|
| 211|0x000000070d300000, 0x000000070d300000, 0x000000070d400000|  0%| F|  |TS  1|AC  0|TAMS 0x000000070d300000, 0x000000070d300000|
| 212|0x000000070d400000, 0x000000070d400000, 0x000000070d500000|  0%| F|  |TS  1|AC  0|TAMS 0x000000070d400000, 0x000000070d400000|
| 213|0x000000070d500000, 0x000000070d500000, 0x000000070d600000|  0%| F|  |TS  1|AC  0|TAMS 0x000000070d500000, 0x000000070d500000|
| 214|0x000000070d600000, 0x000000070d600000, 0x000000070d700000|  0%| F|  |TS  1|AC  0|TAMS 0x000000070d600000, 0x000000070d600000|
| 215|0x000000070d700000, 0x000000070d700000, 0x000000070d800000|  0%| F|  |TS  1|AC  0|TAMS 0x000000070d700000, 0x000000070d700000|
| 216|0x000000070d800000, 0x000000070d800000, 0x000000070d900000|  0%| F|  |TS  1|AC  0|TAMS 0x000000070d800000, 0x000000070d800000|
| 217|0x000000070d900000, 0x000000070d900000, 0x000000070da00000|  0%| F|  |TS  1|AC  0|TAMS 0x000000070d900000, 0x000000070d900000|
| 218|0x000000070da00000, 0x000000070da00000, 0x000000070db00000|  0%| F|  |TS  1|AC  0|TAMS 0x000000070da00000, 0x000000070da00000|
| 219|0x000000070db00000, 0x000000070db00000, 0x000000070dc00000|  0%| F|  |TS  1|AC  0|TAMS 0x000000070db00000, 0x000000070db00000|
| 220|0x000000070dc00000, 0x000000070dc00000, 0x000000070dd00000|  0%| F|  |TS  1|AC  0|TAMS 0x000000070dc00000, 0x000000070dc00000|
| 221|0x000000070dd00000, 0x000000070dd00000, 0x000000070de00000|  0%| F|  |TS  1|AC  0|TAMS 0x000000070dd00000, 0x000000070dd00000|
| 222|0x000000070de00000, 0x000000070de00000, 0x000000070df00000|  0%| F|  |TS  1|AC  0|TAMS 0x000000070de00000, 0x000000070de00000|
| 223|0x000000070df00000, 0x000000070df00000, 0x000000070e000000|  0%| F|  |TS  1|AC  0|TAMS 0x000000070df00000, 0x000000070df00000|
| 224|0x000000070e000000, 0x000000070e000000, 0x000000070e100000|  0%| F|  |TS  1|AC  0|TAMS 0x000000070e000000, 0x000000070e000000|
| 225|0x000000070e100000, 0x000000070e100000, 0x000000070e200000|  0%| F|  |TS  1|AC  0|TAMS 0x000000070e100000, 0x000000070e100000|
| 226|0x000000070e200000, 0x000000070e200000, 0x000000070e300000|  0%| F|  |TS  1|AC  0|TAMS 0x000000070e200000, 0x000000070e200000|
| 227|0x000000070e300000, 0x000000070e300000, 0x000000070e400000|  0%| F|  |TS  1|AC  0|TAMS 0x000000070e300000, 0x000000070e300000|
| 228|0x000000070e400000, 0x000000070e400000, 0x000000070e500000|  0%| F|  |TS  1|AC  0|TAMS 0x000000070e400000, 0x000000070e400000|
| 229|0x000000070e500000, 0x000000070e500000, 0x000000070e600000|  0%| F|  |TS  1|AC  0|TAMS 0x000000070e500000, 0x000000070e500000|
| 230|0x000000070e600000, 0x000000070e600000, 0x000000070e700000|  0%| F|  |TS  1|AC  0|TAMS 0x000000070e600000, 0x000000070e600000|
| 231|0x000000070e700000, 0x000000070e700000, 0x000000070e800000|  0%| F|  |TS  1|AC  0|TAMS 0x000000070e700000, 0x000000070e700000|
| 232|0x000000070e800000, 0x000000070e800000, 0x000000070e900000|  0%| F|  |TS  1|AC  0|TAMS 0x000000070e800000, 0x000000070e800000|
| 233|0x000000070e900000, 0x000000070e900000, 0x000000070ea00000|  0%| F|  |TS  1|AC  0|TAMS 0x000000070e900000, 0x000000070e900000|
| 234|0x000000070ea00000, 0x000000070ea00000, 0x000000070eb00000|  0%| F|  |TS  1|AC  0|TAMS 0x000000070ea00000, 0x000000070ea00000|
| 235|0x000000070eb00000, 0x000000070eb00000, 0x000000070ec00000|  0%| F|  |TS  1|AC  0|TAMS 0x000000070eb00000, 0x000000070eb00000|
| 236|0x000000070ec00000, 0x000000070ec00000, 0x000000070ed00000|  0%| F|  |TS  1|AC  0|TAMS 0x000000070ec00000, 0x000000070ec00000|
| 237|0x000000070ed00000, 0x000000070ed00000, 0x000000070ee00000|  0%| F|  |TS  1|AC  0|TAMS 0x000000070ed00000, 0x000000070ed00000|
| 238|0x000000070ee00000, 0x000000070ee00000, 0x000000070ef00000|  0%| F|  |TS  1|AC  0|TAMS 0x000000070ee00000, 0x000000070ee00000|
| 239|0x000000070ef00000, 0x000000070ef00000, 0x000000070f000000|  0%| F|  |TS  1|AC  0|TAMS 0x000000070ef00000, 0x000000070ef00000|
| 240|0x000000070f000000, 0x000000070f000000, 0x000000070f100000|  0%| F|  |TS  1|AC  0|TAMS 0x000000070f000000, 0x000000070f000000|
| 241|0x000000070f100000, 0x000000070f100000, 0x000000070f200000|  0%| F|  |TS  1|AC  0|TAMS 0x000000070f100000, 0x000000070f100000|
| 242|0x000000070f200000, 0x000000070f200000, 0x000000070f300000|  0%| F|  |TS  1|AC  0|TAMS 0x000000070f200000, 0x000000070f200000|
| 243|0x000000070f300000, 0x000000070f300000, 0x000000070f400000|  0%| F|  |TS  1|AC  0|TAMS 0x000000070f300000, 0x000000070f300000|
| 244|0x000000070f400000, 0x000000070f400000, 0x000000070f500000|  0%| F|  |TS  1|AC  0|TAMS 0x000000070f400000, 0x000000070f400000|
| 245|0x000000070f500000, 0x000000070f500000, 0x000000070f600000|  0%| F|  |TS  1|AC  0|TAMS 0x000000070f500000, 0x000000070f500000|
| 246|0x000000070f600000, 0x000000070f600000, 0x000000070f700000|  0%| F|  |TS  1|AC  0|TAMS 0x000000070f600000, 0x000000070f600000|
| 247|0x000000070f700000, 0x000000070f700000, 0x000000070f800000|  0%| F|  |TS  1|AC  0|TAMS 0x000000070f700000, 0x000000070f700000|
| 248|0x000000070f800000, 0x000000070f800000, 0x000000070f900000|  0%| F|  |TS  1|AC  0|TAMS 0x000000070f800000, 0x000000070f800000|
| 249|0x000000070f900000, 0x000000070f900000, 0x000000070fa00000|  0%| F|  |TS  1|AC  0|TAMS 0x000000070f900000, 0x000000070f900000|
| 250|0x000000070fa00000, 0x000000070fa1ba88, 0x000000070fb00000| 10%| E|  |TS  1|AC  0|TAMS 0x000000070fa00000, 0x000000070fa00000|
| 251|0x000000070fb00000, 0x000000070fc00000, 0x000000070fc00000|100%| E|CS|TS  1|AC  0|TAMS 0x000000070fb00000, 0x000000070fb00000|
| 252|0x000000070fc00000, 0x000000070fd00000, 0x000000070fd00000|100%| E|CS|TS  1|AC  0|TAMS 0x000000070fc00000, 0x000000070fc00000|
| 253|0x000000070fd00000, 0x000000070fe00000, 0x000000070fe00000|100%| E|CS|TS  1|AC  0|TAMS 0x000000070fd00000, 0x000000070fd00000|
| 254|0x000000070fe00000, 0x000000070ff00000, 0x000000070ff00000|100%| E|CS|TS  1|AC  0|TAMS 0x000000070fe00000, 0x000000070fe00000|
| 255|0x000000070ff00000, 0x0000000710000000, 0x0000000710000000|100%| E|CS|TS  1|AC  0|TAMS 0x000000070ff00000, 0x000000070ff00000|
| 256|0x0000000710000000, 0x0000000710100000, 0x0000000710100000|100%| E|CS|TS  1|AC  0|TAMS 0x0000000710000000, 0x0000000710000000|
| 257|0x0000000710100000, 0x0000000710200000, 0x0000000710200000|100%| E|CS|TS  1|AC  0|TAMS 0x0000000710100000, 0x0000000710100000|
| 258|0x0000000710200000, 0x0000000710300000, 0x0000000710300000|100%| E|CS|TS  1|AC  0|TAMS 0x0000000710200000, 0x0000000710200000|
| 259|0x0000000710300000, 0x0000000710400000, 0x0000000710400000|100%| E|CS|TS  1|AC  0|TAMS 0x0000000710300000, 0x0000000710300000|
| 260|0x0000000710400000, 0x0000000710500000, 0x0000000710500000|100%| E|CS|TS  1|AC  0|TAMS 0x0000000710400000, 0x0000000710400000|

Card table byte_map: [0x0000022827680000,0x0000022827c80000] byte_map_base: 0x0000022823e80000

Marking Bits (Prev, Next): (CMBitMap*) 0x000002280d3189a8, (CMBitMap*) 0x000002280d318970
 Prev Bits: [0x000002282b280000, 0x000002282e280000)
 Next Bits: [0x0000022828280000, 0x000002282b280000)

Polling page: 0x0000022807d80000

CodeHeap 'non-profiled nmethods': size=120000Kb used=24996Kb max_used=24996Kb free=95003Kb
 bounds [0x000002281fb50000, 0x00000228213c0000, 0x0000022827080000]
CodeHeap 'profiled nmethods': size=120000Kb used=46978Kb max_used=47023Kb free=73021Kb
 bounds [0x0000022818620000, 0x000002281b480000, 0x000002281fb50000]
CodeHeap 'non-nmethods': size=5760Kb used=1795Kb max_used=1838Kb free=3964Kb
 bounds [0x0000022818080000, 0x00000228182f0000, 0x0000022818620000]
 total_blobs=36971 nmethods=19202 adapters=1132
 compilation: enabled

Compilation events (10 events):
Event: 5351.772 Thread 0x000002280d172800 25212       4       javax.swing.text.JTextComponent$MutableCaretEvent::fire (43 bytes)
Event: 5351.773 Thread 0x000002280d173800 25213       4       javax.swing.text.View::removeUpdate (60 bytes)
Event: 5351.775 Thread 0x000002280d172800 nmethod 25212 0x00000228213b3d10 code [0x00000228213b3ec0, 0x00000228213b4178]
Event: 5351.777 Thread 0x000002280d037000 nmethod 25210 0x000002281b459c90 code [0x000002281b45b8a0, 0x000002281b472890]
Event: 5351.787 Thread 0x000002280d173800 nmethod 25213 0x00000228213b4410 code [0x00000228213b4640, 0x00000228213b53f0]
Event: 5351.795 Thread 0x000002280d036000 nmethod 25211 0x00000228213b5d10 code [0x00000228213b5fe0, 0x00000228213b7b10]
Event: 5351.802 Thread 0x000002280d037000 25214       3       com.jidesoft.editor.CodeEditor::setFirstLine (137 bytes)
Event: 5351.803 Thread 0x000002280d037000 nmethod 25214 0x000002281b038f90 code [0x000002281b039380, 0x000002281b03bb00]
Event: 5351.816 Thread 0x000002280d172800 25215       4       com.jidesoft.marker.DefaultMarkerModel::fireMarkerChanged (88 bytes)
Event: 5351.822 Thread 0x000002280d172800 nmethod 25215 0x00000228213b9b10 code [0x00000228213b9cc0, 0x00000228213ba118]

GC Heap History (10 events):
Event: 5344.381 GC heap before
{Heap before GC invocations=679 (full 10):
 garbage-first heap   total 267264K, used 181328K [0x0000000700000000, 0x0000000700100828, 0x00000007c0000000)
  region size 1024K, 13 young (13312K), 4 survivors (4096K)
 Metaspace       used 87747K, capacity 91842K, committed 96256K, reserved 1130496K
  class space    used 12600K, capacity 13367K, committed 14336K, reserved 1048576K
}
Event: 5344.385 GC heap after
{Heap after GC invocations=680 (full 10):
 garbage-first heap   total 267264K, used 173303K [0x0000000700000000, 0x0000000700100828, 0x00000007c0000000)
  region size 1024K, 4 young (4096K), 4 survivors (4096K)
 Metaspace       used 87747K, capacity 91842K, committed 96256K, reserved 1130496K
  class space    used 12600K, capacity 13367K, committed 14336K, reserved 1048576K
}
Event: 5351.214 GC heap before
{Heap before GC invocations=681 (full 10):
 garbage-first heap   total 267264K, used 246007K [0x0000000700000000, 0x0000000700100828, 0x00000007c0000000)
  region size 1024K, 60 young (61440K), 4 survivors (4096K)
 Metaspace       used 87962K, capacity 92238K, committed 96512K, reserved 1132544K
  class space    used 12634K, capacity 13413K, committed 14336K, reserved 1048576K
}
Event: 5351.218 GC heap after
{Heap after GC invocations=682 (full 10):
 garbage-first heap   total 267264K, used 114784K [0x0000000700000000, 0x0000000700100828, 0x00000007c0000000)
  region size 1024K, 5 young (5120K), 5 survivors (5120K)
 Metaspace       used 87962K, capacity 92238K, committed 96512K, reserved 1132544K
  class space    used 12634K, capacity 13413K, committed 14336K, reserved 1048576K
}
Event: 5351.299 GC heap before
{Heap before GC invocations=682 (full 10):
 garbage-first heap   total 267264K, used 171104K [0x0000000700000000, 0x0000000700100828, 0x00000007c0000000)
  region size 1024K, 60 young (61440K), 5 survivors (5120K)
 Metaspace       used 87964K, capacity 92238K, committed 96512K, reserved 1132544K
  class space    used 12634K, capacity 13413K, committed 14336K, reserved 1048576K
}
Event: 5351.303 GC heap after
{Heap after GC invocations=683 (full 10):
 garbage-first heap   total 267264K, used 113912K [0x0000000700000000, 0x0000000700100828, 0x00000007c0000000)
  region size 1024K, 2 young (2048K), 2 survivors (2048K)
 Metaspace       used 87964K, capacity 92238K, committed 96512K, reserved 1132544K
  class space    used 12634K, capacity 13413K, committed 14336K, reserved 1048576K
}
Event: 5351.486 GC heap before
{Heap before GC invocations=683 (full 10):
 garbage-first heap   total 267264K, used 165112K [0x0000000700000000, 0x0000000700100828, 0x00000007c0000000)
  region size 1024K, 53 young (54272K), 2 survivors (2048K)
 Metaspace       used 88274K, capacity 92494K, committed 96768K, reserved 1132544K
  class space    used 12637K, capacity 13413K, committed 14336K, reserved 1048576K
}
Event: 5351.490 GC heap after
{Heap after GC invocations=684 (full 10):
 garbage-first heap   total 267264K, used 114133K [0x0000000700000000, 0x0000000700100828, 0x00000007c0000000)
  region size 1024K, 3 young (3072K), 3 survivors (3072K)
 Metaspace       used 88274K, capacity 92494K, committed 96768K, reserved 1132544K
  class space    used 12637K, capacity 13413K, committed 14336K, reserved 1048576K
}
Event: 5351.790 GC heap before
{Heap before GC invocations=685 (full 10):
 garbage-first heap   total 267264K, used 203221K [0x0000000700000000, 0x0000000700100828, 0x00000007c0000000)
  region size 1024K, 60 young (61440K), 3 survivors (3072K)
 Metaspace       used 88284K, capacity 92498K, committed 96768K, reserved 1132544K
  class space    used 12637K, capacity 13413K, committed 14336K, reserved 1048576K
}
Event: 5351.793 GC heap after
{Heap after GC invocations=686 (full 10):
 garbage-first heap   total 267264K, used 145239K [0x0000000700000000, 0x0000000700100828, 0x00000007c0000000)
  region size 1024K, 3 young (3072K), 3 survivors (3072K)
 Metaspace       used 88284K, capacity 92498K, committed 96768K, reserved 1132544K
  class space    used 12637K, capacity 13413K, committed 14336K, reserved 1048576K
}

Deoptimization events (10 events):
Event: 5348.137 Thread 0x0000022836191000 Uncommon trap: reason=bimorphic_or_optimized_type_check action=maybe_recompile pc=0x0000022821255b40 method=java.awt.Component.dispatchEventImpl(Ljava/awt/AWTEvent;)V @ 447 c2
Event: 5348.336 Thread 0x0000022836191000 Uncommon trap: reason=bimorphic_or_optimized_type_check action=maybe_recompile pc=0x0000022821255b40 method=java.awt.Component.dispatchEventImpl(Ljava/awt/AWTEvent;)V @ 447 c2
Event: 5348.449 Thread 0x0000022836191000 Uncommon trap: reason=bimorphic_or_optimized_type_check action=maybe_recompile pc=0x0000022821255b40 method=java.awt.Component.dispatchEventImpl(Ljava/awt/AWTEvent;)V @ 447 c2
Event: 5351.367 Thread 0x0000022836191000 Uncommon trap: reason=unstable_if action=reinterpret pc=0x000002281fc16d80 method=com.sun.org.apache.xerces.internal.dom.NodeImpl.isOwned(Z)V @ 2 c2
Event: 5351.386 Thread 0x0000022836191000 Uncommon trap: reason=unstable_if action=reinterpret pc=0x000002282047b6f4 method=com.jidesoft.grid.TreeTableModel.getRowAt(I)Lcom/jidesoft/grid/Row; @ 7 c2
Event: 5351.387 Thread 0x0000022836191000 Uncommon trap: reason=unstable_if action=reinterpret pc=0x00000228206b00bc method=javax.swing.JComponent.deregisterNextFocusableComponent()V @ 6 c2
Event: 5351.627 Thread 0x0000022836191000 Uncommon trap: reason=bimorphic_or_optimized_type_check action=maybe_recompile pc=0x0000022820854584 method=javax.swing.plaf.basic.BasicTextUI$RootView.modelToView(ILjava/awt/Shape;Ljavax/swing/text/Position$Bias;)Ljava/awt/Shape; @ 14 c2
Event: 5351.627 Thread 0x0000022836191000 Uncommon trap: reason=class_check action=maybe_recompile pc=0x000002282115e208 method=javax.swing.text.DefaultCaret.repaintNewCaret()V @ 61 c2
Event: 5351.627 Thread 0x0000022836191000 Uncommon trap: reason=bimorphic_or_optimized_type_check action=maybe_recompile pc=0x0000022820854584 method=javax.swing.plaf.basic.BasicTextUI$RootView.modelToView(ILjava/awt/Shape;Ljavax/swing/text/Position$Bias;)Ljava/awt/Shape; @ 14 c2
Event: 5351.627 Thread 0x0000022836191000 Uncommon trap: reason=class_check action=maybe_recompile pc=0x000002282115e208 method=javax.swing.text.DefaultCaret.repaintNewCaret()V @ 61 c2

Classes redefined (0 events):
No events

Internal exceptions (10 events):
Event: 5343.705 Thread 0x0000022836191000 Implicit null exception at 0x00000228206f8dd0 to 0x00000228206f8e59
Event: 5344.267 Thread 0x0000022836191000 Implicit null exception at 0x0000022820e3fdcf to 0x0000022820e41f0d
Event: 5344.365 Thread 0x0000022836191000 Exception <a 'java/lang/NoSuchMethodError'{0x000000070fce8d08}: java.lang.invoke.DelegatingMethodHandle$Holder.reinvoke_L(Ljava/lang/Object;IILjava/lang/Object;Ljava/lang/Object;Ljava/lang/Object;Ljava/lang/Object;)Ljava/lang/Object;> (0x000000070fce8d08)
Event: 5344.370 Thread 0x0000022836191000 Exception <a 'java/lang/NoSuchMethodError'{0x000000070fbc95d0}: java.lang.invoke.DelegatingMethodHandle$Holder.reinvoke_L(Ljava/lang/Object;Ljava/lang/Object;IILjava/lang/Object;Ljava/lang/Object;Ljava/lang/Object;Ljava/lang/Object;Ljava/lang/Object;Ljava
Event: 5344.374 Thread 0x0000022836191000 Exception <a 'java/lang/NoSuchMethodError'{0x000000070fae63f8}: java.lang.invoke.DelegatingMethodHandle$Holder.reinvoke_L(Ljava/lang/Object;IILjava/lang/Object;Ljava/lang/Object;Ljava/lang/Object;Ljava/lang/Object;Ljava/lang/Object;Ljava/lang/Object;Ljava
Event: 5345.722 Thread 0x0000022836191000 Exception <a 'java/lang/NoSuchMethodError'{0x000000070fa9a870}: java.lang.invoke.DirectMethodHandle$Holder.invokeSpecial(Ljava/lang/Object;Ljava/lang/Object;IILjava/lang/Object;Ljava/lang/Object;Ljava/lang/Object;I)Ljava/lang/Object;> (0x000000070fa9a870)
Event: 5345.723 Thread 0x0000022836191000 Exception <a 'java/lang/NoSuchMethodError'{0x000000070fa9e078}: java.lang.invoke.DelegatingMethodHandle$Holder.reinvoke_L(Ljava/lang/Object;IILjava/lang/Object;Ljava/lang/Object;Ljava/lang/Object;I)Ljava/lang/Object;> (0x000000070fa9e078) thrown at [t:/wo
Event: 5345.724 Thread 0x0000022836191000 Exception <a 'java/lang/NoSuchMethodError'{0x000000070faec860}: java.lang.invoke.DirectMethodHandle$Holder.invokeStatic(Ljava/lang/Object;Ljava/lang/Object;Ljava/lang/Object;Ljava/lang/Object;Ljava/lang/Object;Ljava/lang/Object;Ljava/lang/Object;Ljava/lan
Event: 5345.724 Thread 0x0000022836191000 Exception <a 'java/lang/NoSuchMethodError'{0x000000070f90d738}: method resolution failed> (0x000000070f90d738) thrown at [t:/workspace/hotspot/src/share/vm/prims/methodHandles.cpp, line 1256]
Event: 5345.725 Thread 0x0000022836191000 Exception <a 'java/lang/NoSuchMethodError'{0x000000070f91b430}: java.lang.invoke.DirectMethodHandle$Holder.invokeSpecial(Ljava/lang/Object;Ljava/lang/Object;Ljava/lang/Object;Ljava/lang/Object;Ljava/lang/Object;I)Ljava/lang/Object;> (0x000000070f91b430) t

Events (10 events):
Event: 5351.802 Thread 0x0000022849a14800 Thread added: 0x0000022849a14800
Event: 5351.802 Thread 0x0000022849a15000 Thread added: 0x0000022849a15000
Event: 5351.814 Thread 0x0000022849a16000 Thread exited: 0x0000022849a16000
Event: 5351.814 Thread 0x0000022849a1a800 Thread exited: 0x0000022849a1a800
Event: 5351.814 Executing VM operation: RevokeBias
Event: 5351.814 Executing VM operation: RevokeBias done
Event: 5351.814 Thread 0x0000022849a1b000 Thread exited: 0x0000022849a1b000
Event: 5351.816 Executing VM operation: RevokeBias
Event: 5351.816 Executing VM operation: RevokeBias done
Event: 5351.823 Thread 0x0000022849a14800 Thread exited: 0x0000022849a14800


Dynamic libraries:
0x00007ff625d10000 - 0x00007ff625d40000 	C:\Xilinx\Vivado\2018.3\bin\unwrapped\win64.o\vivado.exe
0x00007ffb7fd00000 - 0x00007ffb7fee1000 	C:\WINDOWS\SYSTEM32\ntdll.dll
0x00007ffb7d190000 - 0x00007ffb7d242000 	C:\WINDOWS\System32\KERNEL32.DLL
0x00007ffb7ca90000 - 0x00007ffb7cd03000 	C:\WINDOWS\System32\KERNELBASE.dll
0x00007ffb7c8f0000 - 0x00007ffb7c9e8000 	C:\WINDOWS\System32\ucrtbase.dll
0x00007ffb3f490000 - 0x00007ffb3f537000 	C:\WINDOWS\SYSTEM32\MSVCP140.dll
0x00007ffb79ec0000 - 0x00007ffb79ed4000 	C:\Xilinx\Vivado\2018.3\lib\win64.o\libboost_signals.dll
0x00007ffb3f990000 - 0x00007ffb40824000 	C:\Xilinx\Vivado\2018.3\lib\win64.o\librdi_common.dll
0x00007ffb79dd0000 - 0x00007ffb79de4000 	C:\Xilinx\Vivado\2018.3\lib\win64.o\librdi_commonmain.dll
0x00007ffb61460000 - 0x00007ffb61476000 	C:\WINDOWS\SYSTEM32\VCRUNTIME140.dll
0x00007ffb7ef50000 - 0x00007ffb7f0e0000 	C:\WINDOWS\System32\USER32.dll
0x00007ffb7cd10000 - 0x00007ffb7cd30000 	C:\WINDOWS\System32\win32u.dll
0x00007ffb7d250000 - 0x00007ffb7d278000 	C:\WINDOWS\System32\GDI32.dll
0x00007ffb79c30000 - 0x00007ffb79c56000 	C:\Xilinx\Vivado\2018.3\lib\win64.o\libboost_filesystem.dll
0x00007ffb7cf20000 - 0x00007ffb7d0b2000 	C:\WINDOWS\System32\gdi32full.dll
0x00007ffb41f80000 - 0x00007ffb422ee000 	C:\Xilinx\Vivado\2018.3\lib\win64.o\libCOIN-all.dll
0x00007ffb7fc20000 - 0x00007ffb7fcc1000 	C:\WINDOWS\System32\ADVAPI32.dll
0x00007ffb79ea0000 - 0x00007ffb79eaa000 	C:\Xilinx\Vivado\2018.3\lib\win64.o\librdi_commonversion.dll
0x00007ffb7c9f0000 - 0x00007ffb7ca8f000 	C:\WINDOWS\System32\msvcp_win.dll
0x00007ffb7f260000 - 0x00007ffb7f2fe000 	C:\WINDOWS\System32\msvcrt.dll
0x00007ffb7ed90000 - 0x00007ffb7edeb000 	C:\WINDOWS\System32\sechost.dll
0x00007ffb7d3d0000 - 0x00007ffb7e810000 	C:\WINDOWS\System32\SHELL32.dll
0x00007ffb7ec60000 - 0x00007ffb7ed84000 	C:\WINDOWS\System32\RPCRT4.dll
0x00007ffb7d0c0000 - 0x00007ffb7d109000 	C:\WINDOWS\System32\cfgmgr32.dll
0x00007ffb67da0000 - 0x00007ffb67ec1000 	C:\Xilinx\Vivado\2018.3\lib\win64.o\librdi_commonxillic.dll
0x00007ffb43f70000 - 0x00007ffb44225000 	C:\Xilinx\Vivado\2018.3\lib\win64.o\libXil_lmgr11.dll
0x00007ffb7f500000 - 0x00007ffb7f5a9000 	C:\WINDOWS\System32\shcore.dll
0x00007ffb7f410000 - 0x00007ffb7f4fd000 	C:\WINDOWS\System32\COMDLG32.dll
0x00007ffb7f6d0000 - 0x00007ffb7f9f2000 	C:\WINDOWS\System32\combase.dll
0x0000000062ea0000 - 0x0000000062fcb000 	C:\Xilinx\Vivado\2018.3\lib\win64.o\tcl85t.dll
0x00007ffb7c1e0000 - 0x00007ffb7c8ed000 	C:\WINDOWS\System32\windows.storage.dll
0x00007ffb79770000 - 0x00007ffb79784000 	C:\Xilinx\Vivado\2018.3\lib\win64.o\libboost_date_time.dll
0x00007ffb7d2e0000 - 0x00007ffb7d34c000 	C:\WINDOWS\System32\WS2_32.dll
0x00007ffb7d110000 - 0x00007ffb7d18a000 	C:\WINDOWS\System32\bcryptPrimitives.dll
0x00007ffb7d280000 - 0x00007ffb7d2d1000 	C:\WINDOWS\System32\shlwapi.dll
0x00007ffb7c090000 - 0x00007ffb7c0a1000 	C:\WINDOWS\System32\kernel.appcore.dll
0x00007ffb7f310000 - 0x00007ffb7f3d3000 	C:\WINDOWS\System32\OLEAUT32.dll
0x00007ffb7c060000 - 0x00007ffb7c07f000 	C:\WINDOWS\System32\profapi.dll
0x00007ffb7edf0000 - 0x00007ffb7ef41000 	C:\WINDOWS\System32\ole32.dll
0x00007ffb7c010000 - 0x00007ffb7c05c000 	C:\WINDOWS\System32\powrprof.dll
0x00007ffb79510000 - 0x00007ffb7958f000 	C:\Xilinx\Vivado\2018.3\lib\win64.o\libboost_program_options.dll
0x00007ffb66040000 - 0x00007ffb66154000 	C:\Xilinx\Vivado\2018.3\lib\win64.o\libboost_regex.dll
0x00007ffb7c080000 - 0x00007ffb7c08a000 	C:\WINDOWS\System32\FLTLIB.DLL
0x00007ffb7c0d0000 - 0x00007ffb7c127000 	C:\WINDOWS\System32\WINTRUST.dll
0x00007ffb7c0b0000 - 0x00007ffb7c0c2000 	C:\WINDOWS\System32\MSASN1.dll
0x00007ffb7cd30000 - 0x00007ffb7cf12000 	C:\WINDOWS\System32\CRYPT32.dll
0x00007ffb79d60000 - 0x00007ffb79d6b000 	C:\Xilinx\Vivado\2018.3\lib\win64.o\libboost_system.dll
0x00007ffb79740000 - 0x00007ffb79761000 	C:\Xilinx\Vivado\2018.3\lib\win64.o\libboost_thread.dll
0x00007ffb79d50000 - 0x00007ffb79d5f000 	C:\Xilinx\Vivado\2018.3\lib\win64.o\libboost_xilinx.dll
0x00007ffb776c0000 - 0x00007ffb77765000 	C:\Xilinx\Vivado\2018.3\lib\win64.o\libhdxml.dll
0x00007ffb784f0000 - 0x00007ffb78572000 	C:\Xilinx\Vivado\2018.3\lib\win64.o\libhdlpsolve.dll
0x00007ffb3aa50000 - 0x00007ffb3b29e600 	C:\Xilinx\Vivado\2018.3\lib\win64.o\libisl_iostreams.dll
0x00007ffb78280000 - 0x00007ffb782ae000 	C:\Xilinx\Vivado\2018.3\lib\win64.o\libisl_sysinfo.dll
0x00007ffb77310000 - 0x00007ffb77375000 	C:\Xilinx\Vivado\2018.3\lib\win64.o\liblmx6.0.dll
0x00007ffb78170000 - 0x00007ffb7818a000 	C:\Xilinx\Vivado\2018.3\lib\win64.o\pthreadVC2.dll
0x00007ffb78490000 - 0x00007ffb784ac000 	C:\Xilinx\Vivado\2018.3\lib\win64.o\librdiconfig.dll
0x00007ffb77ce0000 - 0x00007ffb77d01000 	C:\Xilinx\Vivado\2018.3\lib\win64.o\librdizlib.dll
0x0000000012000000 - 0x0000000012272000 	C:\Xilinx\Vivado\2018.3\lib\win64.o\xerces-c_3_1.dll
0x00007ffb69d70000 - 0x00007ffb69d87000 	C:\WINDOWS\SYSTEM32\NETAPI32.dll
0x00007ffb550d0000 - 0x00007ffb5558d000 	C:\WINDOWS\SYSTEM32\WININET.dll
0x00007ffb76c90000 - 0x00007ffb76d6d000 	C:\WINDOWS\SYSTEM32\WINHTTP.dll
0x00007ffb69910000 - 0x00007ffb69ad8000 	C:\WINDOWS\SYSTEM32\urlmon.dll
0x00007ffb71050000 - 0x00007ffb710f7000 	C:\WINDOWS\WinSxS\amd64_microsoft.windows.common-controls_6595b64144ccf1df_5.82.17134.648_none_f95200fb3096129f\COMCTL32.dll
0x00007ffb79c70000 - 0x00007ffb79c79000 	C:\WINDOWS\SYSTEM32\WSOCK32.dll
0x00007ffb72dd0000 - 0x00007ffb72dea000 	C:\WINDOWS\SYSTEM32\dhcpcsvc.DLL
0x00007ffb7fa00000 - 0x00007ffb7fa08000 	C:\WINDOWS\System32\NSI.dll
0x00007ffb3c220000 - 0x00007ffb3d0b1000 	C:\Xilinx\Vivado\2018.3\lib\win64.o\gurobi65.dll
0x00007ffb777b0000 - 0x00007ffb777de000 	C:\WINDOWS\SYSTEM32\VCOMP140.DLL
0x00007ffb79800000 - 0x00007ffb7980d000 	C:\Xilinx\Vivado\2018.3\lib\win64.o\libboost_chrono.dll
0x00007ffb78100000 - 0x00007ffb7811b000 	C:\Xilinx\Vivado\2018.3\lib\win64.o\libboost_iostreams.dll
0x00007ffb77690000 - 0x00007ffb776b5000 	C:\Xilinx\Vivado\2018.3\lib\win64.o\libisl_iosutils.dll
0x00007ffb69660000 - 0x00007ffb69905000 	C:\WINDOWS\SYSTEM32\iertutil.dll
0x00007ffb7ba60000 - 0x00007ffb7ba6b000 	C:\WINDOWS\SYSTEM32\CRYPTBASE.DLL
0x00007ffb7b710000 - 0x00007ffb7b71e000 	C:\WINDOWS\SYSTEM32\NETUTILS.DLL
0x00007ffb7f3e0000 - 0x00007ffb7f40d000 	C:\WINDOWS\System32\IMM32.DLL
0x00007ffb3bd20000 - 0x00007ffb3c215000 	C:\Xilinx\Vivado\2018.3\lib\win64.o\librdi_commontasks.dll
0x00007ffb72cf0000 - 0x00007ffb72cfa000 	C:\WINDOWS\SYSTEM32\VERSION.dll
0x00007ffb45510000 - 0x00007ffb4578f000 	C:\Xilinx\Vivado\2018.3\lib\win64.o\librdi_sio.dll
0x0000000062470000 - 0x0000000062e95000 	C:\Xilinx\Vivado\2018.3\tps\win64\jre9.0.4\bin\server\jvm.dll
0x00007ffb7f300000 - 0x00007ffb7f308000 	C:\WINDOWS\System32\PSAPI.DLL
0x00007ffb7b610000 - 0x00007ffb7b648000 	C:\WINDOWS\SYSTEM32\IPHLPAPI.DLL
0x00007ffb69cb0000 - 0x00007ffb69cd3000 	C:\WINDOWS\SYSTEM32\WINMM.dll
0x00007ffb76d90000 - 0x00007ffb76e7f000 	C:\WINDOWS\SYSTEM32\MSVCR120.dll
0x00007ffb6c550000 - 0x00007ffb6c57a000 	C:\WINDOWS\SYSTEM32\winmmbase.dll
0x00007ffb7b890000 - 0x00007ffb7b8f6000 	C:\WINDOWS\SYSTEM32\MSWSOCK.DLL
0x00007ffb1f200000 - 0x00007ffb215c2000 	C:\Xilinx\Vivado\2018.3\lib\win64.o\librdi_tcltasks.dll
0x00007ffb3f5b0000 - 0x00007ffb3f98c000 	C:\Xilinx\Vivado\2018.3\lib\win64.o\librdi_bitstream.dll
0x00007ffb65a90000 - 0x00007ffb65c0e000 	C:\Xilinx\Vivado\2018.3\lib\win64.o\librdi_board.dll
0x00007ffb76f60000 - 0x00007ffb76fca000 	C:\Xilinx\Vivado\2018.3\lib\win64.o\librdi_boarddep.dll
0x00007ffb73d10000 - 0x00007ffb73dec000 	C:\Xilinx\Vivado\2018.3\lib\win64.o\librdi_chipscope.dll
0x00007ffb5a260000 - 0x00007ffb5a419000 	C:\Xilinx\Vivado\2018.3\lib\win64.o\librdi_chipscopeimpl.dll
0x00007ffb1b400000 - 0x00007ffb1cd05000 	C:\Xilinx\Vivado\2018.3\lib\win64.o\librdi_constraints.dll
0x00007ffb65860000 - 0x00007ffb659a8000 	C:\Xilinx\Vivado\2018.3\lib\win64.o\librdi_containers.dll
0x00007ffb02990000 - 0x00007ffb047af000 	C:\Xilinx\Vivado\2018.3\lib\win64.o\librdi_coregen.dll
0x00007ffb387e0000 - 0x00007ffb38eba000 	C:\Xilinx\Vivado\2018.3\lib\win64.o\librdi_coregenipxact.dll
0x00007ffb047b0000 - 0x00007ffb085ab000 	C:\Xilinx\Vivado\2018.3\lib\win64.o\librdi_designutils.dll
0x00007ffaf1c30000 - 0x00007ffb02982000 	C:\Xilinx\Vivado\2018.3\lib\win64.o\librdi_device.dll
0x00007ffb40ff0000 - 0x00007ffb4130b000 	C:\Xilinx\Vivado\2018.3\lib\win64.o\librdi_dlyest.dll
0x00007ffb39cb0000 - 0x00007ffb3a210000 	C:\Xilinx\Vivado\2018.3\lib\win64.o\librdi_drc.dll
0x00007ffb67fc0000 - 0x00007ffb68082000 	C:\Xilinx\Vivado\2018.3\lib\win64.o\librdi_dsp.dll
0x00007ffb381a0000 - 0x00007ffb387df000 	C:\Xilinx\Vivado\2018.3\lib\win64.o\librdi_filemgmt.dll
0x00007ffb3a440000 - 0x00007ffb3a71a000 	C:\Xilinx\Vivado\2018.3\lib\win64.o\librdi_guitools.dll
0x00007ffb74840000 - 0x00007ffb7489d000 	C:\Xilinx\Vivado\2018.3\lib\win64.o\librdi_hdf.dll
0x00007ffb2c590000 - 0x00007ffb2d921000 	C:\Xilinx\Vivado\2018.3\lib\win64.o\librdi_implflow.dll
0x00007ffb37b80000 - 0x00007ffb38195000 	C:\Xilinx\Vivado\2018.3\lib\win64.o\librdi_memdata.dll
0x00007ffb74080000 - 0x00007ffb740f1000 	C:\Xilinx\Vivado\2018.3\lib\win64.o\librdi_memoryarray.dll
0x00007ffaee280000 - 0x00007ffaf1c2c000 	C:\Xilinx\Vivado\2018.3\lib\win64.o\librdi_mig.dll
0x00007ffb68d00000 - 0x00007ffb68d50000 	C:\Xilinx\Vivado\2018.3\lib\win64.o\librdi_pfi.dll
0x00007ffb36000000 - 0x00007ffb3663b000 	C:\Xilinx\Vivado\2018.3\lib\win64.o\librdi_netlist.dll
0x00007ffaebd60000 - 0x00007ffaee274000 	C:\Xilinx\Vivado\2018.3\lib\win64.o\librdi_place.dll
0x00007ffb39540000 - 0x00007ffb39847000 	C:\Xilinx\Vivado\2018.3\lib\win64.o\librdi_platform.dll
0x00007ffb2eed0000 - 0x00007ffb2f5c5000 	C:\Xilinx\Vivado\2018.3\lib\win64.o\librdi_power.dll
0x00007ffb35400000 - 0x00007ffb35956000 	C:\Xilinx\Vivado\2018.3\lib\win64.o\librdi_project.dll
0x00007ffb2e7d0000 - 0x00007ffb2eec3000 	C:\Xilinx\Vivado\2018.3\lib\win64.o\librdi_psta.dll
0x00007ffb23dc0000 - 0x00007ffb24499000 	C:\Xilinx\Vivado\2018.3\lib\win64.o\librdi_rsb.dll
0x00007ffb30460000 - 0x00007ffb30837000 	C:\Xilinx\Vivado\2018.3\lib\win64.o\librdi_runs.dll
0x00007ffb65ed0000 - 0x00007ffb65fa8000 	C:\Xilinx\Vivado\2018.3\lib\win64.o\librdi_runsbase.dll
0x00007ffb580f0000 - 0x00007ffb58318000 	C:\Xilinx\Vivado\2018.3\lib\win64.o\librdi_simdata.dll
0x00007ffb1a670000 - 0x00007ffb1b3fd000 	C:\Xilinx\Vivado\2018.3\lib\win64.o\librdi_timing.dll
0x00007ffb65520000 - 0x00007ffb65674000 	C:\Xilinx\Vivado\2018.3\lib\win64.o\librdi_advchipscopeimpl.dll
0x00007ffb67d50000 - 0x00007ffb67d9c000 	C:\Xilinx\Vivado\2018.3\lib\win64.o\libboost_serialization.dll
0x00007ffb66680000 - 0x00007ffb66738000 	C:\Xilinx\Vivado\2018.3\lib\win64.o\librdi_hip_devdesign.dll
0x00007ffb66360000 - 0x00007ffb6640b000 	C:\Xilinx\Vivado\2018.3\lib\win64.o\librdi_ipconfig_readwrite.dll
0x00007ffb77480000 - 0x00007ffb774b8000 	C:\Xilinx\Vivado\2018.3\lib\win64.o\librdi_noc_frameworks.dll
0x00007ffb1e6b0000 - 0x00007ffb1f1f7000 	C:\Xilinx\Vivado\2018.3\lib\win64.o\libverific.dll
0x00007ffb25d20000 - 0x00007ffb260d5000 	C:\Xilinx\Vivado\2018.3\lib\win64.o\librdi_hip_config.dll
0x00007ffb23870000 - 0x00007ffb23dbe000 	C:\Xilinx\Vivado\2018.3\lib\win64.o\librdi_xdm.dll
0x00007ffb66fc0000 - 0x00007ffb6705e000 	C:\Xilinx\Vivado\2018.3\lib\win64.o\libise.dll

VM Arguments:
jvm_args: -Dsun.java2d.pmoffscreen=false -Dsun.java2d.xrender=false -Dsun.java2d.d3d=false -Dsun.awt.nopixfmt=true -Dsun.java2d.dpiaware=true -Dsun.java2d.uiScale.enabled=false -Xverify:none -Dswing.aatext=true -XX:-UsePerfData -Djdk.map.althashing.threshold=512 -XX:StringTableSize=4072 --add-opens=java.base/java.nio=ALL-UNNAMED --add-opens=java.desktop/sun.swing=ALL-UNNAMED --add-opens=java.desktop/javax.swing=ALL-UNNAMED --add-opens=java.desktop/javax.swing.tree=ALL-UNNAMED --add-opens=java.desktop/javax.swing.plaf.basic=ALL-UNNAMED --add-opens=java.desktop/javax.swing.plaf.synth=ALL-UNNAMED --add-opens=java.desktop/com.sun.awt=ALL-UNNAMED -XX:NewSize=60m -XX:MaxNewSize=60m -Xms128m -Xmx3072m -Xss5m 
java_command: <unknown>
java_class_path (initial): C:/Xilinx/Vivado/2018.3\lib\classes\alloy.jar;C:/Xilinx/Vivado/2018.3\lib\classes\autopilot.scelaborator.jar;C:/Xilinx/Vivado/2018.3\lib\classes\autopilot.sourceprocessor.jar;C:/Xilinx/Vivado/2018.3\lib\classes\autopilot.tbprocessor.jar;C:/Xilinx/Vivado/2018.3\lib\classes\batik-anim.jar;C:/Xilinx/Vivado/2018.3\lib\classes\batik-awt-util.jar;C:/Xilinx/Vivado/2018.3\lib\classes\batik-bridge.jar;C:/Xilinx/Vivado/2018.3\lib\classes\batik-codec.jar;C:/Xilinx/Vivado/2018.3\lib\classes\batik-css.jar;C:/Xilinx/Vivado/2018.3\lib\classes\batik-dom.jar;C:/Xilinx/Vivado/2018.3\lib\classes\batik-ext.jar;C:/Xilinx/Vivado/2018.3\lib\classes\batik-gui-util.jar;C:/Xilinx/Vivado/2018.3\lib\classes\batik-gvt.jar;C:/Xilinx/Vivado/2018.3\lib\classes\batik-parser.jar;C:/Xilinx/Vivado/2018.3\lib\classes\batik-script.jar;C:/Xilinx/Vivado/2018.3\lib\classes\batik-svg-dom.jar;C:/Xilinx/Vivado/2018.3\lib\classes\batik-swing.jar;C:/Xilinx/Vivado/2018.3\lib\classes\batik-transcoder.jar;C:/Xilinx/Vivado/2018.3\lib\classes\batik-util.jar;C:/Xilinx/Vivado/2018.3\lib\classes\batik-xml.jar;C:/Xilinx/Vivado/2018.3\lib\classes\com.ibm.icu_4.4.2.v20110208.jar;C:/Xilinx/Vivado/2018.3\lib\classes\commons-collections4-4.1.jar;C:/Xilinx/Vivado/2018.3\lib\classes\commons-math-2.2.jar;C:/Xilinx/Vivado/2018.3\lib\classes\dom4j-1.6.1.jar;C:/Xilinx/Vivado/2018.3\lib\classes\guava-18.0.jar;C:/Xilinx/Vivado/2018.3\lib\classes\help.jar;C:/Xilinx/Vivado/2018.3\lib\classes\hsqldb.jar;C:/Xilinx/Vivado/2018.3\lib\classes\jargs.jar;C:/Xilinx/Vivado/2018.3\lib\classes\jaxb-api-2.3.0.jar;C:/Xilinx/Vivado/2018.3\lib\classes\jh.jar;C:/Xilinx/Vivado/2018.3\lib\classes\jide-action.jar;C:/Xilinx/Vivado/2018.3\lib\classes\jide-charts.jar;C:/Xilinx/Vivado/2018.3\lib\classes\jide-common.jar;C:/Xilinx/Vivado/2018.3\lib\classes\jide-components.jar;C:/Xilinx/Vivado/2018.3\lib\classes\jide-dashboard.jar;C:/Xilinx/Vivado/2018.3\lib\classes\jide-data.jar;C:/Xilinx/Vivado/2018.3\lib\classes\jide-dialogs.jar
Launcher Type: generic

Logging:
Log output configuration:
#0: stdout all=warning uptime,level,tags
#1: stderr all=off uptime,level,tags

Environment Variables:
PATH=C:/Xilinx/Vivado/2018.3/bin;C:/Xilinx/Vivado/2018.3/lib/win64.o;C:/Xilinx/Vivado/2018.3/tps/win64/jre9.0.4/bin/server;C:/Xilinx/Vivado/2018.3/tps/win64/jre9.0.4/bin;C:/Xilinx/SDK/2018.3/bin;C:/Xilinx/Vivado/2018.3/ids_lite/ISE/bin/nt64;C:/Xilinx/Vivado/2018.3/ids_lite/ISE/lib/nt64;C:\PROGRA~1\IMAGIN~1\Toolchains\mips-img-linux-gnu\2017.10-05\bin;C:\PROGRA~1\IMAGIN~1\Toolchains\mips-mti-linux-gnu\2017.10-05\bin;C:\PROGRA~1\IMAGIN~1\Toolchains\mips-img-elf\2017.10-05\bin;C:\PROGRA~1\IMAGIN~1\Toolchains\mips-mti-elf\2017.10-05\bin;C:\Program Files (x86)\Intel\Intel(R) Management Engine Components\iCLS\;C:\Program Files\Intel\Intel(R) Management Engine Components\iCLS\;C:\Windows\system32;C:\Windows;C:\Windows\System32\Wbem;C:\Windows\System32\WindowsPowerShell\v1.0\;C:\Program Files (x86)\NVIDIA Corporation\PhysX\Common;C:\Program Files (x86)\Intel\Intel(R) Management Engine Components\DAL;C:\Program Files\Intel\Intel(R) Management Engine Components\DAL;C:\Program Files\Git\cmd;C:\PROGRA~1\IMAGIN~1\Internals\msys\bin;C:\Program Files\PuTTY\;%SystemRoot%\system32;%SystemRoot%;%SystemRoot%\System32\Wbem;%SYSTEMROOT%\System32\WindowsPowerShell\v1.0\;%SYSTEMROOT%\System32\OpenSSH\;C:\Users\nickb\AppData\Local\Microsoft\WindowsApps;;C:\Modeltech_pe_edu_10.4a\win32pe_edu;C:/Xilinx/Vivado/2018.3\tps\mingw\6.2.0\win64.o\nt\bin;C:/Xilinx/Vivado/2018.3\tps\mingw\6.2.0\win64.o\nt\libexec\gcc\x86_64-w64-mingw32\6.2.0
USERNAME=nickb
OS=Windows_NT
PROCESSOR_IDENTIFIER=Intel64 Family 6 Model 158 Stepping 10, GenuineIntel



---------------  S Y S T E M  ---------------

OS: Windows 10 , 64 bit Build 17134 (10.0.17134.648)

CPU:total 12 (initial active 12) (6 cores per cpu, 2 threads per core) family 6 model 158 stepping 10, cmov, cx8, fxsr, mmx, sse, sse2, sse3, ssse3, sse4.1, sse4.2, popcnt, avx, avx2, aes, clmul, erms, 3dnowpref, lzcnt, ht, tsc, tscinvbit, bmi1, bmi2, adx, fma

Memory: 4k page, physical 16508976k(7257940k free), swap 18999344k(3031712k free)

vm_info: Java HotSpot(TM) 64-Bit Server VM (9.0.4+11) for windows-amd64 JRE (9.0.4+11), built on Dec 20 2017 02:18:54 by "mach5one" with MS VC++ 12.0 (VS2013)

END.
